ARM GAS  /tmp/ccmK2YKC.s 			page 1


   1              		.cpu cortex-m0
   2              		.eabi_attribute 20, 1
   3              		.eabi_attribute 21, 1
   4              		.eabi_attribute 23, 3
   5              		.eabi_attribute 24, 1
   6              		.eabi_attribute 25, 1
   7              		.eabi_attribute 26, 1
   8              		.eabi_attribute 30, 2
   9              		.eabi_attribute 34, 0
  10              		.eabi_attribute 18, 4
  11              		.file	"list.c"
  12              		.text
  13              	.Ltext0:
  14              		.cfi_sections	.debug_frame
  15              		.section	.text.vListInitialise,"ax",%progbits
  16              		.align	1
  17              		.p2align 2,,3
  18              		.global	vListInitialise
  19              		.arch armv6s-m
  20              		.syntax unified
  21              		.code	16
  22              		.thumb_func
  23              		.fpu softvfp
  25              	vListInitialise:
  26              	.LVL0:
  27              	.LFB37:
  28              		.file 1 "Middlewares/Third_Party/FreeRTOS/Source/list.c"
   1:Middlewares/Third_Party/FreeRTOS/Source/list.c **** /*
   2:Middlewares/Third_Party/FreeRTOS/Source/list.c ****     FreeRTOS V9.0.0 - Copyright (C) 2016 Real Time Engineers Ltd.
   3:Middlewares/Third_Party/FreeRTOS/Source/list.c ****     All rights reserved
   4:Middlewares/Third_Party/FreeRTOS/Source/list.c **** 
   5:Middlewares/Third_Party/FreeRTOS/Source/list.c ****     VISIT http://www.FreeRTOS.org TO ENSURE YOU ARE USING THE LATEST VERSION.
   6:Middlewares/Third_Party/FreeRTOS/Source/list.c **** 
   7:Middlewares/Third_Party/FreeRTOS/Source/list.c ****     This file is part of the FreeRTOS distribution.
   8:Middlewares/Third_Party/FreeRTOS/Source/list.c **** 
   9:Middlewares/Third_Party/FreeRTOS/Source/list.c ****     FreeRTOS is free software; you can redistribute it and/or modify it under
  10:Middlewares/Third_Party/FreeRTOS/Source/list.c ****     the terms of the GNU General Public License (version 2) as published by the
  11:Middlewares/Third_Party/FreeRTOS/Source/list.c ****     Free Software Foundation >>>> AND MODIFIED BY <<<< the FreeRTOS exception.
  12:Middlewares/Third_Party/FreeRTOS/Source/list.c **** 
  13:Middlewares/Third_Party/FreeRTOS/Source/list.c ****     ***************************************************************************
  14:Middlewares/Third_Party/FreeRTOS/Source/list.c ****     >>!   NOTE: The modification to the GPL is included to allow you to     !<<
  15:Middlewares/Third_Party/FreeRTOS/Source/list.c ****     >>!   distribute a combined work that includes FreeRTOS without being   !<<
  16:Middlewares/Third_Party/FreeRTOS/Source/list.c ****     >>!   obliged to provide the source code for proprietary components     !<<
  17:Middlewares/Third_Party/FreeRTOS/Source/list.c ****     >>!   outside of the FreeRTOS kernel.                                   !<<
  18:Middlewares/Third_Party/FreeRTOS/Source/list.c ****     ***************************************************************************
  19:Middlewares/Third_Party/FreeRTOS/Source/list.c **** 
  20:Middlewares/Third_Party/FreeRTOS/Source/list.c ****     FreeRTOS is distributed in the hope that it will be useful, but WITHOUT ANY
  21:Middlewares/Third_Party/FreeRTOS/Source/list.c ****     WARRANTY; without even the implied warranty of MERCHANTABILITY or FITNESS
  22:Middlewares/Third_Party/FreeRTOS/Source/list.c ****     FOR A PARTICULAR PURPOSE.  Full license text is available on the following
  23:Middlewares/Third_Party/FreeRTOS/Source/list.c ****     link: http://www.freertos.org/a00114.html
  24:Middlewares/Third_Party/FreeRTOS/Source/list.c **** 
  25:Middlewares/Third_Party/FreeRTOS/Source/list.c ****     ***************************************************************************
  26:Middlewares/Third_Party/FreeRTOS/Source/list.c ****      *                                                                       *
  27:Middlewares/Third_Party/FreeRTOS/Source/list.c ****      *    FreeRTOS provides completely free yet professionally developed,    *
  28:Middlewares/Third_Party/FreeRTOS/Source/list.c ****      *    robust, strictly quality controlled, supported, and cross          *
  29:Middlewares/Third_Party/FreeRTOS/Source/list.c ****      *    platform software that is more than just the market leader, it     *
  30:Middlewares/Third_Party/FreeRTOS/Source/list.c ****      *    is the industry's de facto standard.                               *
ARM GAS  /tmp/ccmK2YKC.s 			page 2


  31:Middlewares/Third_Party/FreeRTOS/Source/list.c ****      *                                                                       *
  32:Middlewares/Third_Party/FreeRTOS/Source/list.c ****      *    Help yourself get started quickly while simultaneously helping     *
  33:Middlewares/Third_Party/FreeRTOS/Source/list.c ****      *    to support the FreeRTOS project by purchasing a FreeRTOS           *
  34:Middlewares/Third_Party/FreeRTOS/Source/list.c ****      *    tutorial book, reference manual, or both:                          *
  35:Middlewares/Third_Party/FreeRTOS/Source/list.c ****      *    http://www.FreeRTOS.org/Documentation                              *
  36:Middlewares/Third_Party/FreeRTOS/Source/list.c ****      *                                                                       *
  37:Middlewares/Third_Party/FreeRTOS/Source/list.c ****     ***************************************************************************
  38:Middlewares/Third_Party/FreeRTOS/Source/list.c **** 
  39:Middlewares/Third_Party/FreeRTOS/Source/list.c ****     http://www.FreeRTOS.org/FAQHelp.html - Having a problem?  Start by reading
  40:Middlewares/Third_Party/FreeRTOS/Source/list.c ****     the FAQ page "My application does not run, what could be wrong?".  Have you
  41:Middlewares/Third_Party/FreeRTOS/Source/list.c ****     defined configASSERT()?
  42:Middlewares/Third_Party/FreeRTOS/Source/list.c **** 
  43:Middlewares/Third_Party/FreeRTOS/Source/list.c ****     http://www.FreeRTOS.org/support - In return for receiving this top quality
  44:Middlewares/Third_Party/FreeRTOS/Source/list.c ****     embedded software for free we request you assist our global community by
  45:Middlewares/Third_Party/FreeRTOS/Source/list.c ****     participating in the support forum.
  46:Middlewares/Third_Party/FreeRTOS/Source/list.c **** 
  47:Middlewares/Third_Party/FreeRTOS/Source/list.c ****     http://www.FreeRTOS.org/training - Investing in training allows your team to
  48:Middlewares/Third_Party/FreeRTOS/Source/list.c ****     be as productive as possible as early as possible.  Now you can receive
  49:Middlewares/Third_Party/FreeRTOS/Source/list.c ****     FreeRTOS training directly from Richard Barry, CEO of Real Time Engineers
  50:Middlewares/Third_Party/FreeRTOS/Source/list.c ****     Ltd, and the world's leading authority on the world's leading RTOS.
  51:Middlewares/Third_Party/FreeRTOS/Source/list.c **** 
  52:Middlewares/Third_Party/FreeRTOS/Source/list.c ****     http://www.FreeRTOS.org/plus - A selection of FreeRTOS ecosystem products,
  53:Middlewares/Third_Party/FreeRTOS/Source/list.c ****     including FreeRTOS+Trace - an indispensable productivity tool, a DOS
  54:Middlewares/Third_Party/FreeRTOS/Source/list.c ****     compatible FAT file system, and our tiny thread aware UDP/IP stack.
  55:Middlewares/Third_Party/FreeRTOS/Source/list.c **** 
  56:Middlewares/Third_Party/FreeRTOS/Source/list.c ****     http://www.FreeRTOS.org/labs - Where new FreeRTOS products go to incubate.
  57:Middlewares/Third_Party/FreeRTOS/Source/list.c ****     Come and try FreeRTOS+TCP, our new open source TCP/IP stack for FreeRTOS.
  58:Middlewares/Third_Party/FreeRTOS/Source/list.c **** 
  59:Middlewares/Third_Party/FreeRTOS/Source/list.c ****     http://www.OpenRTOS.com - Real Time Engineers ltd. license FreeRTOS to High
  60:Middlewares/Third_Party/FreeRTOS/Source/list.c ****     Integrity Systems ltd. to sell under the OpenRTOS brand.  Low cost OpenRTOS
  61:Middlewares/Third_Party/FreeRTOS/Source/list.c ****     licenses offer ticketed support, indemnification and commercial middleware.
  62:Middlewares/Third_Party/FreeRTOS/Source/list.c **** 
  63:Middlewares/Third_Party/FreeRTOS/Source/list.c ****     http://www.SafeRTOS.com - High Integrity Systems also provide a safety
  64:Middlewares/Third_Party/FreeRTOS/Source/list.c ****     engineered and independently SIL3 certified version for use in safety and
  65:Middlewares/Third_Party/FreeRTOS/Source/list.c ****     mission critical applications that require provable dependability.
  66:Middlewares/Third_Party/FreeRTOS/Source/list.c **** 
  67:Middlewares/Third_Party/FreeRTOS/Source/list.c ****     1 tab == 4 spaces!
  68:Middlewares/Third_Party/FreeRTOS/Source/list.c **** */
  69:Middlewares/Third_Party/FreeRTOS/Source/list.c **** 
  70:Middlewares/Third_Party/FreeRTOS/Source/list.c **** 
  71:Middlewares/Third_Party/FreeRTOS/Source/list.c **** #include <stdlib.h>
  72:Middlewares/Third_Party/FreeRTOS/Source/list.c **** #include "FreeRTOS.h"
  73:Middlewares/Third_Party/FreeRTOS/Source/list.c **** #include "list.h"
  74:Middlewares/Third_Party/FreeRTOS/Source/list.c **** 
  75:Middlewares/Third_Party/FreeRTOS/Source/list.c **** /*-----------------------------------------------------------
  76:Middlewares/Third_Party/FreeRTOS/Source/list.c ****  * PUBLIC LIST API documented in list.h
  77:Middlewares/Third_Party/FreeRTOS/Source/list.c ****  *----------------------------------------------------------*/
  78:Middlewares/Third_Party/FreeRTOS/Source/list.c **** 
  79:Middlewares/Third_Party/FreeRTOS/Source/list.c **** void vListInitialise( List_t * const pxList )
  80:Middlewares/Third_Party/FreeRTOS/Source/list.c **** {
  29              		.loc 1 80 1 view -0
  30              		.cfi_startproc
  31              		@ args = 0, pretend = 0, frame = 0
  32              		@ frame_needed = 0, uses_anonymous_args = 0
  33              		@ link register save eliminated.
  81:Middlewares/Third_Party/FreeRTOS/Source/list.c **** 	/* The list structure contains a list item which is used to mark the
  82:Middlewares/Third_Party/FreeRTOS/Source/list.c **** 	end of the list.  To initialise the list the list end is inserted
ARM GAS  /tmp/ccmK2YKC.s 			page 3


  83:Middlewares/Third_Party/FreeRTOS/Source/list.c **** 	as the only list entry. */
  84:Middlewares/Third_Party/FreeRTOS/Source/list.c **** 	pxList->pxIndex = ( ListItem_t * ) &( pxList->xListEnd );			/*lint !e826 !e740 The mini list struc
  34              		.loc 1 84 2 view .LVU1
  35              		.loc 1 84 37 is_stmt 0 view .LVU2
  36 0000 0300     		movs	r3, r0
  85:Middlewares/Third_Party/FreeRTOS/Source/list.c **** 
  86:Middlewares/Third_Party/FreeRTOS/Source/list.c **** 	/* The list end value is the highest possible value in the list to
  87:Middlewares/Third_Party/FreeRTOS/Source/list.c **** 	ensure it remains at the end of the list. */
  88:Middlewares/Third_Party/FreeRTOS/Source/list.c **** 	pxList->xListEnd.xItemValue = portMAX_DELAY;
  37              		.loc 1 88 30 view .LVU3
  38 0002 0122     		movs	r2, #1
  84:Middlewares/Third_Party/FreeRTOS/Source/list.c **** 
  39              		.loc 1 84 37 view .LVU4
  40 0004 0833     		adds	r3, r3, #8
  84:Middlewares/Third_Party/FreeRTOS/Source/list.c **** 
  41              		.loc 1 84 18 view .LVU5
  42 0006 4360     		str	r3, [r0, #4]
  43              		.loc 1 88 2 is_stmt 1 view .LVU6
  89:Middlewares/Third_Party/FreeRTOS/Source/list.c **** 
  90:Middlewares/Third_Party/FreeRTOS/Source/list.c **** 	/* The list end next and previous pointers point to itself so we know
  91:Middlewares/Third_Party/FreeRTOS/Source/list.c **** 	when the list is empty. */
  92:Middlewares/Third_Party/FreeRTOS/Source/list.c **** 	pxList->xListEnd.pxNext = ( ListItem_t * ) &( pxList->xListEnd );	/*lint !e826 !e740 The mini list
  44              		.loc 1 92 26 is_stmt 0 view .LVU7
  45 0008 C360     		str	r3, [r0, #12]
  93:Middlewares/Third_Party/FreeRTOS/Source/list.c **** 	pxList->xListEnd.pxPrevious = ( ListItem_t * ) &( pxList->xListEnd );/*lint !e826 !e740 The mini l
  46              		.loc 1 93 30 view .LVU8
  47 000a 0361     		str	r3, [r0, #16]
  94:Middlewares/Third_Party/FreeRTOS/Source/list.c **** 
  95:Middlewares/Third_Party/FreeRTOS/Source/list.c **** 	pxList->uxNumberOfItems = ( UBaseType_t ) 0U;
  48              		.loc 1 95 26 view .LVU9
  49 000c 0023     		movs	r3, #0
  88:Middlewares/Third_Party/FreeRTOS/Source/list.c **** 
  50              		.loc 1 88 30 view .LVU10
  51 000e 5242     		rsbs	r2, r2, #0
  52 0010 8260     		str	r2, [r0, #8]
  92:Middlewares/Third_Party/FreeRTOS/Source/list.c **** 	pxList->xListEnd.pxPrevious = ( ListItem_t * ) &( pxList->xListEnd );/*lint !e826 !e740 The mini l
  53              		.loc 1 92 2 is_stmt 1 view .LVU11
  93:Middlewares/Third_Party/FreeRTOS/Source/list.c **** 
  54              		.loc 1 93 2 view .LVU12
  55              		.loc 1 95 2 view .LVU13
  56              		.loc 1 95 26 is_stmt 0 view .LVU14
  57 0012 0360     		str	r3, [r0]
  96:Middlewares/Third_Party/FreeRTOS/Source/list.c **** 
  97:Middlewares/Third_Party/FreeRTOS/Source/list.c **** 	/* Write known values into the list if
  98:Middlewares/Third_Party/FreeRTOS/Source/list.c **** 	configUSE_LIST_DATA_INTEGRITY_CHECK_BYTES is set to 1. */
  99:Middlewares/Third_Party/FreeRTOS/Source/list.c **** 	listSET_LIST_INTEGRITY_CHECK_1_VALUE( pxList );
  58              		.loc 1 99 48 is_stmt 1 view .LVU15
 100:Middlewares/Third_Party/FreeRTOS/Source/list.c **** 	listSET_LIST_INTEGRITY_CHECK_2_VALUE( pxList );
  59              		.loc 1 100 48 view .LVU16
 101:Middlewares/Third_Party/FreeRTOS/Source/list.c **** }
  60              		.loc 1 101 1 is_stmt 0 view .LVU17
  61              		@ sp needed
  62 0014 7047     		bx	lr
  63              		.cfi_endproc
  64              	.LFE37:
  66 0016 C046     		.section	.text.vListInitialiseItem,"ax",%progbits
  67              		.align	1
ARM GAS  /tmp/ccmK2YKC.s 			page 4


  68              		.p2align 2,,3
  69              		.global	vListInitialiseItem
  70              		.syntax unified
  71              		.code	16
  72              		.thumb_func
  73              		.fpu softvfp
  75              	vListInitialiseItem:
  76              	.LVL1:
  77              	.LFB38:
 102:Middlewares/Third_Party/FreeRTOS/Source/list.c **** /*-----------------------------------------------------------*/
 103:Middlewares/Third_Party/FreeRTOS/Source/list.c **** 
 104:Middlewares/Third_Party/FreeRTOS/Source/list.c **** void vListInitialiseItem( ListItem_t * const pxItem )
 105:Middlewares/Third_Party/FreeRTOS/Source/list.c **** {
  78              		.loc 1 105 1 is_stmt 1 view -0
  79              		.cfi_startproc
  80              		@ args = 0, pretend = 0, frame = 0
  81              		@ frame_needed = 0, uses_anonymous_args = 0
  82              		@ link register save eliminated.
 106:Middlewares/Third_Party/FreeRTOS/Source/list.c **** 	/* Make sure the list item is not recorded as being on a list. */
 107:Middlewares/Third_Party/FreeRTOS/Source/list.c **** 	pxItem->pvContainer = NULL;
  83              		.loc 1 107 2 view .LVU19
  84              		.loc 1 107 22 is_stmt 0 view .LVU20
  85 0000 0023     		movs	r3, #0
 108:Middlewares/Third_Party/FreeRTOS/Source/list.c **** 
 109:Middlewares/Third_Party/FreeRTOS/Source/list.c **** 	/* Write known values into the list item if
 110:Middlewares/Third_Party/FreeRTOS/Source/list.c **** 	configUSE_LIST_DATA_INTEGRITY_CHECK_BYTES is set to 1. */
 111:Middlewares/Third_Party/FreeRTOS/Source/list.c **** 	listSET_FIRST_LIST_ITEM_INTEGRITY_CHECK_VALUE( pxItem );
 112:Middlewares/Third_Party/FreeRTOS/Source/list.c **** 	listSET_SECOND_LIST_ITEM_INTEGRITY_CHECK_VALUE( pxItem );
 113:Middlewares/Third_Party/FreeRTOS/Source/list.c **** }
  86              		.loc 1 113 1 view .LVU21
  87              		@ sp needed
 107:Middlewares/Third_Party/FreeRTOS/Source/list.c **** 
  88              		.loc 1 107 22 view .LVU22
  89 0002 0361     		str	r3, [r0, #16]
 111:Middlewares/Third_Party/FreeRTOS/Source/list.c **** 	listSET_SECOND_LIST_ITEM_INTEGRITY_CHECK_VALUE( pxItem );
  90              		.loc 1 111 57 is_stmt 1 view .LVU23
 112:Middlewares/Third_Party/FreeRTOS/Source/list.c **** }
  91              		.loc 1 112 58 view .LVU24
  92              		.loc 1 113 1 is_stmt 0 view .LVU25
  93 0004 7047     		bx	lr
  94              		.cfi_endproc
  95              	.LFE38:
  97 0006 C046     		.section	.text.vListInsertEnd,"ax",%progbits
  98              		.align	1
  99              		.p2align 2,,3
 100              		.global	vListInsertEnd
 101              		.syntax unified
 102              		.code	16
 103              		.thumb_func
 104              		.fpu softvfp
 106              	vListInsertEnd:
 107              	.LVL2:
 108              	.LFB39:
 114:Middlewares/Third_Party/FreeRTOS/Source/list.c **** /*-----------------------------------------------------------*/
 115:Middlewares/Third_Party/FreeRTOS/Source/list.c **** 
 116:Middlewares/Third_Party/FreeRTOS/Source/list.c **** void vListInsertEnd( List_t * const pxList, ListItem_t * const pxNewListItem )
 117:Middlewares/Third_Party/FreeRTOS/Source/list.c **** {
ARM GAS  /tmp/ccmK2YKC.s 			page 5


 109              		.loc 1 117 1 is_stmt 1 view -0
 110              		.cfi_startproc
 111              		@ args = 0, pretend = 0, frame = 0
 112              		@ frame_needed = 0, uses_anonymous_args = 0
 113              		@ link register save eliminated.
 118:Middlewares/Third_Party/FreeRTOS/Source/list.c **** ListItem_t * const pxIndex = pxList->pxIndex;
 114              		.loc 1 118 1 view .LVU27
 115              		.loc 1 118 20 is_stmt 0 view .LVU28
 116 0000 4368     		ldr	r3, [r0, #4]
 117              	.LVL3:
 119:Middlewares/Third_Party/FreeRTOS/Source/list.c **** 
 120:Middlewares/Third_Party/FreeRTOS/Source/list.c **** 	/* Only effective when configASSERT() is also defined, these tests may catch
 121:Middlewares/Third_Party/FreeRTOS/Source/list.c **** 	the list data structures being overwritten in memory.  They will not catch
 122:Middlewares/Third_Party/FreeRTOS/Source/list.c **** 	data errors caused by incorrect configuration or use of FreeRTOS. */
 123:Middlewares/Third_Party/FreeRTOS/Source/list.c **** 	listTEST_LIST_INTEGRITY( pxList );
 118              		.loc 1 123 35 is_stmt 1 view .LVU29
 124:Middlewares/Third_Party/FreeRTOS/Source/list.c **** 	listTEST_LIST_ITEM_INTEGRITY( pxNewListItem );
 119              		.loc 1 124 47 view .LVU30
 125:Middlewares/Third_Party/FreeRTOS/Source/list.c **** 
 126:Middlewares/Third_Party/FreeRTOS/Source/list.c **** 	/* Insert a new list item into pxList, but rather than sort the list,
 127:Middlewares/Third_Party/FreeRTOS/Source/list.c **** 	makes the new list item the last item to be removed by a call to
 128:Middlewares/Third_Party/FreeRTOS/Source/list.c **** 	listGET_OWNER_OF_NEXT_ENTRY(). */
 129:Middlewares/Third_Party/FreeRTOS/Source/list.c **** 	pxNewListItem->pxNext = pxIndex;
 120              		.loc 1 129 2 view .LVU31
 130:Middlewares/Third_Party/FreeRTOS/Source/list.c **** 	pxNewListItem->pxPrevious = pxIndex->pxPrevious;
 131:Middlewares/Third_Party/FreeRTOS/Source/list.c **** 
 132:Middlewares/Third_Party/FreeRTOS/Source/list.c **** 	/* Only used during decision coverage testing. */
 133:Middlewares/Third_Party/FreeRTOS/Source/list.c **** 	mtCOVERAGE_TEST_DELAY();
 134:Middlewares/Third_Party/FreeRTOS/Source/list.c **** 
 135:Middlewares/Third_Party/FreeRTOS/Source/list.c **** 	pxIndex->pxPrevious->pxNext = pxNewListItem;
 136:Middlewares/Third_Party/FreeRTOS/Source/list.c **** 	pxIndex->pxPrevious = pxNewListItem;
 137:Middlewares/Third_Party/FreeRTOS/Source/list.c **** 
 138:Middlewares/Third_Party/FreeRTOS/Source/list.c **** 	/* Remember which list the item is in. */
 139:Middlewares/Third_Party/FreeRTOS/Source/list.c **** 	pxNewListItem->pvContainer = ( void * ) pxList;
 140:Middlewares/Third_Party/FreeRTOS/Source/list.c **** 
 141:Middlewares/Third_Party/FreeRTOS/Source/list.c **** 	( pxList->uxNumberOfItems )++;
 142:Middlewares/Third_Party/FreeRTOS/Source/list.c **** }
 121              		.loc 1 142 1 is_stmt 0 view .LVU32
 122              		@ sp needed
 130:Middlewares/Third_Party/FreeRTOS/Source/list.c **** 	pxNewListItem->pxPrevious = pxIndex->pxPrevious;
 123              		.loc 1 130 28 view .LVU33
 124 0002 9A68     		ldr	r2, [r3, #8]
 129:Middlewares/Third_Party/FreeRTOS/Source/list.c **** 	pxNewListItem->pxPrevious = pxIndex->pxPrevious;
 125              		.loc 1 129 24 view .LVU34
 126 0004 4B60     		str	r3, [r1, #4]
 130:Middlewares/Third_Party/FreeRTOS/Source/list.c **** 	pxNewListItem->pxPrevious = pxIndex->pxPrevious;
 127              		.loc 1 130 2 is_stmt 1 view .LVU35
 130:Middlewares/Third_Party/FreeRTOS/Source/list.c **** 	pxNewListItem->pxPrevious = pxIndex->pxPrevious;
 128              		.loc 1 130 28 is_stmt 0 view .LVU36
 129 0006 8A60     		str	r2, [r1, #8]
 133:Middlewares/Third_Party/FreeRTOS/Source/list.c **** 
 130              		.loc 1 133 25 is_stmt 1 view .LVU37
 135:Middlewares/Third_Party/FreeRTOS/Source/list.c **** 	pxIndex->pxPrevious = pxNewListItem;
 131              		.loc 1 135 2 view .LVU38
 135:Middlewares/Third_Party/FreeRTOS/Source/list.c **** 	pxIndex->pxPrevious = pxNewListItem;
 132              		.loc 1 135 30 is_stmt 0 view .LVU39
 133 0008 9A68     		ldr	r2, [r3, #8]
ARM GAS  /tmp/ccmK2YKC.s 			page 6


 134 000a 5160     		str	r1, [r2, #4]
 136:Middlewares/Third_Party/FreeRTOS/Source/list.c **** 
 135              		.loc 1 136 2 is_stmt 1 view .LVU40
 136:Middlewares/Third_Party/FreeRTOS/Source/list.c **** 
 136              		.loc 1 136 22 is_stmt 0 view .LVU41
 137 000c 9960     		str	r1, [r3, #8]
 139:Middlewares/Third_Party/FreeRTOS/Source/list.c **** 
 138              		.loc 1 139 2 is_stmt 1 view .LVU42
 141:Middlewares/Third_Party/FreeRTOS/Source/list.c **** }
 139              		.loc 1 141 29 is_stmt 0 view .LVU43
 140 000e 0368     		ldr	r3, [r0]
 141              	.LVL4:
 139:Middlewares/Third_Party/FreeRTOS/Source/list.c **** 
 142              		.loc 1 139 29 view .LVU44
 143 0010 0861     		str	r0, [r1, #16]
 141:Middlewares/Third_Party/FreeRTOS/Source/list.c **** }
 144              		.loc 1 141 2 is_stmt 1 view .LVU45
 141:Middlewares/Third_Party/FreeRTOS/Source/list.c **** }
 145              		.loc 1 141 29 is_stmt 0 view .LVU46
 146 0012 0133     		adds	r3, r3, #1
 147 0014 0360     		str	r3, [r0]
 148              		.loc 1 142 1 view .LVU47
 149 0016 7047     		bx	lr
 150              		.cfi_endproc
 151              	.LFE39:
 153              		.section	.text.vListInsert,"ax",%progbits
 154              		.align	1
 155              		.p2align 2,,3
 156              		.global	vListInsert
 157              		.syntax unified
 158              		.code	16
 159              		.thumb_func
 160              		.fpu softvfp
 162              	vListInsert:
 163              	.LVL5:
 164              	.LFB40:
 143:Middlewares/Third_Party/FreeRTOS/Source/list.c **** /*-----------------------------------------------------------*/
 144:Middlewares/Third_Party/FreeRTOS/Source/list.c **** 
 145:Middlewares/Third_Party/FreeRTOS/Source/list.c **** void vListInsert( List_t * const pxList, ListItem_t * const pxNewListItem )
 146:Middlewares/Third_Party/FreeRTOS/Source/list.c **** {
 165              		.loc 1 146 1 is_stmt 1 view -0
 166              		.cfi_startproc
 167              		@ args = 0, pretend = 0, frame = 0
 168              		@ frame_needed = 0, uses_anonymous_args = 0
 147:Middlewares/Third_Party/FreeRTOS/Source/list.c **** ListItem_t *pxIterator;
 169              		.loc 1 147 1 view .LVU49
 148:Middlewares/Third_Party/FreeRTOS/Source/list.c **** const TickType_t xValueOfInsertion = pxNewListItem->xItemValue;
 170              		.loc 1 148 1 view .LVU50
 149:Middlewares/Third_Party/FreeRTOS/Source/list.c **** 
 150:Middlewares/Third_Party/FreeRTOS/Source/list.c **** 	/* Only effective when configASSERT() is also defined, these tests may catch
 151:Middlewares/Third_Party/FreeRTOS/Source/list.c **** 	the list data structures being overwritten in memory.  They will not catch
 152:Middlewares/Third_Party/FreeRTOS/Source/list.c **** 	data errors caused by incorrect configuration or use of FreeRTOS. */
 153:Middlewares/Third_Party/FreeRTOS/Source/list.c **** 	listTEST_LIST_INTEGRITY( pxList );
 154:Middlewares/Third_Party/FreeRTOS/Source/list.c **** 	listTEST_LIST_ITEM_INTEGRITY( pxNewListItem );
 155:Middlewares/Third_Party/FreeRTOS/Source/list.c **** 
 156:Middlewares/Third_Party/FreeRTOS/Source/list.c **** 	/* Insert the new list item into the list, sorted in xItemValue order.
 157:Middlewares/Third_Party/FreeRTOS/Source/list.c **** 
ARM GAS  /tmp/ccmK2YKC.s 			page 7


 158:Middlewares/Third_Party/FreeRTOS/Source/list.c **** 	If the list already contains a list item with the same item value then the
 159:Middlewares/Third_Party/FreeRTOS/Source/list.c **** 	new list item should be placed after it.  This ensures that TCB's which are
 160:Middlewares/Third_Party/FreeRTOS/Source/list.c **** 	stored in ready lists (all of which have the same xItemValue value) get a
 161:Middlewares/Third_Party/FreeRTOS/Source/list.c **** 	share of the CPU.  However, if the xItemValue is the same as the back marker
 162:Middlewares/Third_Party/FreeRTOS/Source/list.c **** 	the iteration loop below will not end.  Therefore the value is checked
 163:Middlewares/Third_Party/FreeRTOS/Source/list.c **** 	first, and the algorithm slightly modified if necessary. */
 164:Middlewares/Third_Party/FreeRTOS/Source/list.c **** 	if( xValueOfInsertion == portMAX_DELAY )
 165:Middlewares/Third_Party/FreeRTOS/Source/list.c **** 	{
 166:Middlewares/Third_Party/FreeRTOS/Source/list.c **** 		pxIterator = pxList->xListEnd.pxPrevious;
 167:Middlewares/Third_Party/FreeRTOS/Source/list.c **** 	}
 168:Middlewares/Third_Party/FreeRTOS/Source/list.c **** 	else
 169:Middlewares/Third_Party/FreeRTOS/Source/list.c **** 	{
 170:Middlewares/Third_Party/FreeRTOS/Source/list.c **** 		/* *** NOTE ***********************************************************
 171:Middlewares/Third_Party/FreeRTOS/Source/list.c **** 		If you find your application is crashing here then likely causes are
 172:Middlewares/Third_Party/FreeRTOS/Source/list.c **** 		listed below.  In addition see http://www.freertos.org/FAQHelp.html for
 173:Middlewares/Third_Party/FreeRTOS/Source/list.c **** 		more tips, and ensure configASSERT() is defined!
 174:Middlewares/Third_Party/FreeRTOS/Source/list.c **** 		http://www.freertos.org/a00110.html#configASSERT
 175:Middlewares/Third_Party/FreeRTOS/Source/list.c **** 
 176:Middlewares/Third_Party/FreeRTOS/Source/list.c **** 			1) Stack overflow -
 177:Middlewares/Third_Party/FreeRTOS/Source/list.c **** 			   see http://www.freertos.org/Stacks-and-stack-overflow-checking.html
 178:Middlewares/Third_Party/FreeRTOS/Source/list.c **** 			2) Incorrect interrupt priority assignment, especially on Cortex-M
 179:Middlewares/Third_Party/FreeRTOS/Source/list.c **** 			   parts where numerically high priority values denote low actual
 180:Middlewares/Third_Party/FreeRTOS/Source/list.c **** 			   interrupt priorities, which can seem counter intuitive.  See
 181:Middlewares/Third_Party/FreeRTOS/Source/list.c **** 			   http://www.freertos.org/RTOS-Cortex-M3-M4.html and the definition
 182:Middlewares/Third_Party/FreeRTOS/Source/list.c **** 			   of configMAX_SYSCALL_INTERRUPT_PRIORITY on
 183:Middlewares/Third_Party/FreeRTOS/Source/list.c **** 			   http://www.freertos.org/a00110.html
 184:Middlewares/Third_Party/FreeRTOS/Source/list.c **** 			3) Calling an API function from within a critical section or when
 185:Middlewares/Third_Party/FreeRTOS/Source/list.c **** 			   the scheduler is suspended, or calling an API function that does
 186:Middlewares/Third_Party/FreeRTOS/Source/list.c **** 			   not end in "FromISR" from an interrupt.
 187:Middlewares/Third_Party/FreeRTOS/Source/list.c **** 			4) Using a queue or semaphore before it has been initialised or
 188:Middlewares/Third_Party/FreeRTOS/Source/list.c **** 			   before the scheduler has been started (are interrupts firing
 189:Middlewares/Third_Party/FreeRTOS/Source/list.c **** 			   before vTaskStartScheduler() has been called?).
 190:Middlewares/Third_Party/FreeRTOS/Source/list.c **** 		**********************************************************************/
 191:Middlewares/Third_Party/FreeRTOS/Source/list.c **** 
 192:Middlewares/Third_Party/FreeRTOS/Source/list.c **** 		for( pxIterator = ( ListItem_t * ) &( pxList->xListEnd ); pxIterator->pxNext->xItemValue <= xValu
 171              		.loc 1 192 19 is_stmt 0 view .LVU51
 172 0000 0200     		movs	r2, r0
 146:Middlewares/Third_Party/FreeRTOS/Source/list.c **** ListItem_t *pxIterator;
 173              		.loc 1 146 1 view .LVU52
 174 0002 30B5     		push	{r4, r5, lr}
 175              	.LCFI0:
 176              		.cfi_def_cfa_offset 12
 177              		.cfi_offset 4, -12
 178              		.cfi_offset 5, -8
 179              		.cfi_offset 14, -4
 148:Middlewares/Third_Party/FreeRTOS/Source/list.c **** const TickType_t xValueOfInsertion = pxNewListItem->xItemValue;
 180              		.loc 1 148 18 view .LVU53
 181 0004 0C68     		ldr	r4, [r1]
 182              	.LVL6:
 153:Middlewares/Third_Party/FreeRTOS/Source/list.c **** 	listTEST_LIST_ITEM_INTEGRITY( pxNewListItem );
 183              		.loc 1 153 35 is_stmt 1 view .LVU54
 154:Middlewares/Third_Party/FreeRTOS/Source/list.c **** 
 184              		.loc 1 154 47 view .LVU55
 164:Middlewares/Third_Party/FreeRTOS/Source/list.c **** 	{
 185              		.loc 1 164 2 view .LVU56
 186              		.loc 1 192 19 is_stmt 0 view .LVU57
 187 0006 0832     		adds	r2, r2, #8
ARM GAS  /tmp/ccmK2YKC.s 			page 8


 164:Middlewares/Third_Party/FreeRTOS/Source/list.c **** 	{
 188              		.loc 1 164 4 view .LVU58
 189 0008 631C     		adds	r3, r4, #1
 190 000a 01D1     		bne	.L8
 191 000c 0DE0     		b	.L11
 192              	.LVL7:
 193              	.L9:
 164:Middlewares/Third_Party/FreeRTOS/Source/list.c **** 	{
 194              		.loc 1 164 4 view .LVU59
 195 000e 1A00     		movs	r2, r3
 196              	.LVL8:
 197              	.L8:
 198              		.loc 1 192 71 discriminator 1 view .LVU60
 199 0010 5368     		ldr	r3, [r2, #4]
 200              		.loc 1 192 3 discriminator 1 view .LVU61
 201 0012 1D68     		ldr	r5, [r3]
 202 0014 A542     		cmp	r5, r4
 203 0016 FAD9     		bls	.L9
 204              	.L7:
 193:Middlewares/Third_Party/FreeRTOS/Source/list.c **** 		{
 194:Middlewares/Third_Party/FreeRTOS/Source/list.c **** 			/* There is nothing to do here, just iterating to the wanted
 195:Middlewares/Third_Party/FreeRTOS/Source/list.c **** 			insertion position. */
 196:Middlewares/Third_Party/FreeRTOS/Source/list.c **** 		}
 197:Middlewares/Third_Party/FreeRTOS/Source/list.c **** 	}
 198:Middlewares/Third_Party/FreeRTOS/Source/list.c **** 
 199:Middlewares/Third_Party/FreeRTOS/Source/list.c **** 	pxNewListItem->pxNext = pxIterator->pxNext;
 205              		.loc 1 199 2 is_stmt 1 view .LVU62
 206              		.loc 1 199 24 is_stmt 0 view .LVU63
 207 0018 4B60     		str	r3, [r1, #4]
 200:Middlewares/Third_Party/FreeRTOS/Source/list.c **** 	pxNewListItem->pxNext->pxPrevious = pxNewListItem;
 208              		.loc 1 200 2 is_stmt 1 view .LVU64
 209              		.loc 1 200 36 is_stmt 0 view .LVU65
 210 001a 9960     		str	r1, [r3, #8]
 201:Middlewares/Third_Party/FreeRTOS/Source/list.c **** 	pxNewListItem->pxPrevious = pxIterator;
 211              		.loc 1 201 2 is_stmt 1 view .LVU66
 202:Middlewares/Third_Party/FreeRTOS/Source/list.c **** 	pxIterator->pxNext = pxNewListItem;
 203:Middlewares/Third_Party/FreeRTOS/Source/list.c **** 
 204:Middlewares/Third_Party/FreeRTOS/Source/list.c **** 	/* Remember which list the item is in.  This allows fast removal of the
 205:Middlewares/Third_Party/FreeRTOS/Source/list.c **** 	item later. */
 206:Middlewares/Third_Party/FreeRTOS/Source/list.c **** 	pxNewListItem->pvContainer = ( void * ) pxList;
 207:Middlewares/Third_Party/FreeRTOS/Source/list.c **** 
 208:Middlewares/Third_Party/FreeRTOS/Source/list.c **** 	( pxList->uxNumberOfItems )++;
 212              		.loc 1 208 29 is_stmt 0 view .LVU67
 213 001c 0368     		ldr	r3, [r0]
 201:Middlewares/Third_Party/FreeRTOS/Source/list.c **** 	pxNewListItem->pxPrevious = pxIterator;
 214              		.loc 1 201 28 view .LVU68
 215 001e 8A60     		str	r2, [r1, #8]
 202:Middlewares/Third_Party/FreeRTOS/Source/list.c **** 	pxIterator->pxNext = pxNewListItem;
 216              		.loc 1 202 2 is_stmt 1 view .LVU69
 217              		.loc 1 208 29 is_stmt 0 view .LVU70
 218 0020 0133     		adds	r3, r3, #1
 202:Middlewares/Third_Party/FreeRTOS/Source/list.c **** 	pxIterator->pxNext = pxNewListItem;
 219              		.loc 1 202 21 view .LVU71
 220 0022 5160     		str	r1, [r2, #4]
 206:Middlewares/Third_Party/FreeRTOS/Source/list.c **** 
 221              		.loc 1 206 2 is_stmt 1 view .LVU72
 209:Middlewares/Third_Party/FreeRTOS/Source/list.c **** }
ARM GAS  /tmp/ccmK2YKC.s 			page 9


 222              		.loc 1 209 1 is_stmt 0 view .LVU73
 223              		@ sp needed
 206:Middlewares/Third_Party/FreeRTOS/Source/list.c **** 
 224              		.loc 1 206 29 view .LVU74
 225 0024 0861     		str	r0, [r1, #16]
 208:Middlewares/Third_Party/FreeRTOS/Source/list.c **** }
 226              		.loc 1 208 2 is_stmt 1 view .LVU75
 208:Middlewares/Third_Party/FreeRTOS/Source/list.c **** }
 227              		.loc 1 208 29 is_stmt 0 view .LVU76
 228 0026 0360     		str	r3, [r0]
 229              	.LVL9:
 230              		.loc 1 209 1 view .LVU77
 231 0028 30BD     		pop	{r4, r5, pc}
 232              	.LVL10:
 233              	.L11:
 166:Middlewares/Third_Party/FreeRTOS/Source/list.c **** 	}
 234              		.loc 1 166 3 is_stmt 1 view .LVU78
 166:Middlewares/Third_Party/FreeRTOS/Source/list.c **** 	}
 235              		.loc 1 166 14 is_stmt 0 view .LVU79
 236 002a 0269     		ldr	r2, [r0, #16]
 237              	.LVL11:
 166:Middlewares/Third_Party/FreeRTOS/Source/list.c **** 	}
 238              		.loc 1 166 14 view .LVU80
 239 002c 5368     		ldr	r3, [r2, #4]
 240 002e F3E7     		b	.L7
 241              		.cfi_endproc
 242              	.LFE40:
 244              		.section	.text.uxListRemove,"ax",%progbits
 245              		.align	1
 246              		.p2align 2,,3
 247              		.global	uxListRemove
 248              		.syntax unified
 249              		.code	16
 250              		.thumb_func
 251              		.fpu softvfp
 253              	uxListRemove:
 254              	.LVL12:
 255              	.LFB41:
 210:Middlewares/Third_Party/FreeRTOS/Source/list.c **** /*-----------------------------------------------------------*/
 211:Middlewares/Third_Party/FreeRTOS/Source/list.c **** 
 212:Middlewares/Third_Party/FreeRTOS/Source/list.c **** UBaseType_t uxListRemove( ListItem_t * const pxItemToRemove )
 213:Middlewares/Third_Party/FreeRTOS/Source/list.c **** {
 256              		.loc 1 213 1 is_stmt 1 view -0
 257              		.cfi_startproc
 258              		@ args = 0, pretend = 0, frame = 0
 259              		@ frame_needed = 0, uses_anonymous_args = 0
 260              		@ link register save eliminated.
 214:Middlewares/Third_Party/FreeRTOS/Source/list.c **** /* The list item knows which list it is in.  Obtain the list from the list
 215:Middlewares/Third_Party/FreeRTOS/Source/list.c **** item. */
 216:Middlewares/Third_Party/FreeRTOS/Source/list.c **** List_t * const pxList = ( List_t * ) pxItemToRemove->pvContainer;
 261              		.loc 1 216 1 view .LVU82
 262              		.loc 1 216 16 is_stmt 0 view .LVU83
 263 0000 0369     		ldr	r3, [r0, #16]
 264              	.LVL13:
 217:Middlewares/Third_Party/FreeRTOS/Source/list.c **** 
 218:Middlewares/Third_Party/FreeRTOS/Source/list.c **** 	pxItemToRemove->pxNext->pxPrevious = pxItemToRemove->pxPrevious;
 265              		.loc 1 218 2 is_stmt 1 view .LVU84
ARM GAS  /tmp/ccmK2YKC.s 			page 10


 266              		.loc 1 218 16 is_stmt 0 view .LVU85
 267 0002 4168     		ldr	r1, [r0, #4]
 268              		.loc 1 218 53 view .LVU86
 269 0004 8268     		ldr	r2, [r0, #8]
 270              		.loc 1 218 37 view .LVU87
 271 0006 8A60     		str	r2, [r1, #8]
 219:Middlewares/Third_Party/FreeRTOS/Source/list.c **** 	pxItemToRemove->pxPrevious->pxNext = pxItemToRemove->pxNext;
 272              		.loc 1 219 2 is_stmt 1 view .LVU88
 273              		.loc 1 219 37 is_stmt 0 view .LVU89
 274 0008 5160     		str	r1, [r2, #4]
 220:Middlewares/Third_Party/FreeRTOS/Source/list.c **** 
 221:Middlewares/Third_Party/FreeRTOS/Source/list.c **** 	/* Only used during decision coverage testing. */
 222:Middlewares/Third_Party/FreeRTOS/Source/list.c **** 	mtCOVERAGE_TEST_DELAY();
 275              		.loc 1 222 25 is_stmt 1 view .LVU90
 223:Middlewares/Third_Party/FreeRTOS/Source/list.c **** 
 224:Middlewares/Third_Party/FreeRTOS/Source/list.c **** 	/* Make sure the index is left pointing to a valid item. */
 225:Middlewares/Third_Party/FreeRTOS/Source/list.c **** 	if( pxList->pxIndex == pxItemToRemove )
 276              		.loc 1 225 2 view .LVU91
 277              		.loc 1 225 4 is_stmt 0 view .LVU92
 278 000a 5968     		ldr	r1, [r3, #4]
 279 000c 8142     		cmp	r1, r0
 280 000e 05D0     		beq	.L14
 281              	.L13:
 226:Middlewares/Third_Party/FreeRTOS/Source/list.c **** 	{
 227:Middlewares/Third_Party/FreeRTOS/Source/list.c **** 		pxList->pxIndex = pxItemToRemove->pxPrevious;
 228:Middlewares/Third_Party/FreeRTOS/Source/list.c **** 	}
 229:Middlewares/Third_Party/FreeRTOS/Source/list.c **** 	else
 230:Middlewares/Third_Party/FreeRTOS/Source/list.c **** 	{
 231:Middlewares/Third_Party/FreeRTOS/Source/list.c **** 		mtCOVERAGE_TEST_MARKER();
 282              		.loc 1 231 27 is_stmt 1 view .LVU93
 232:Middlewares/Third_Party/FreeRTOS/Source/list.c **** 	}
 233:Middlewares/Third_Party/FreeRTOS/Source/list.c **** 
 234:Middlewares/Third_Party/FreeRTOS/Source/list.c **** 	pxItemToRemove->pvContainer = NULL;
 283              		.loc 1 234 2 view .LVU94
 284              		.loc 1 234 30 is_stmt 0 view .LVU95
 285 0010 0022     		movs	r2, #0
 286 0012 0261     		str	r2, [r0, #16]
 235:Middlewares/Third_Party/FreeRTOS/Source/list.c **** 	( pxList->uxNumberOfItems )--;
 287              		.loc 1 235 2 is_stmt 1 view .LVU96
 288              		.loc 1 235 29 is_stmt 0 view .LVU97
 289 0014 1A68     		ldr	r2, [r3]
 236:Middlewares/Third_Party/FreeRTOS/Source/list.c **** 
 237:Middlewares/Third_Party/FreeRTOS/Source/list.c **** 	return pxList->uxNumberOfItems;
 238:Middlewares/Third_Party/FreeRTOS/Source/list.c **** }
 290              		.loc 1 238 1 view .LVU98
 291              		@ sp needed
 235:Middlewares/Third_Party/FreeRTOS/Source/list.c **** 	( pxList->uxNumberOfItems )--;
 292              		.loc 1 235 29 view .LVU99
 293 0016 501E     		subs	r0, r2, #1
 294              	.LVL14:
 235:Middlewares/Third_Party/FreeRTOS/Source/list.c **** 	( pxList->uxNumberOfItems )--;
 295              		.loc 1 235 29 view .LVU100
 296 0018 1860     		str	r0, [r3]
 237:Middlewares/Third_Party/FreeRTOS/Source/list.c **** }
 297              		.loc 1 237 2 is_stmt 1 view .LVU101
 298              		.loc 1 238 1 is_stmt 0 view .LVU102
 299 001a 7047     		bx	lr
ARM GAS  /tmp/ccmK2YKC.s 			page 11


 300              	.LVL15:
 301              	.L14:
 227:Middlewares/Third_Party/FreeRTOS/Source/list.c **** 	}
 302              		.loc 1 227 3 is_stmt 1 view .LVU103
 227:Middlewares/Third_Party/FreeRTOS/Source/list.c **** 	}
 303              		.loc 1 227 19 is_stmt 0 view .LVU104
 304 001c 5A60     		str	r2, [r3, #4]
 305 001e F7E7     		b	.L13
 306              		.cfi_endproc
 307              	.LFE41:
 309              		.text
 310              	.Letext0:
 311              		.file 2 "/usr/lib/gcc/arm-none-eabi/8.2018.q4/arm-none-eabi/include/machine/_default_types.h"
 312              		.file 3 "/usr/lib/gcc/arm-none-eabi/8.2018.q4/arm-none-eabi/include/sys/lock.h"
 313              		.file 4 "/usr/lib/gcc/arm-none-eabi/8.2018.q4/arm-none-eabi/include/sys/_types.h"
 314              		.file 5 "/usr/lib/gcc/arm-none-eabi/8.2018.q4/lib/gcc/arm-none-eabi/8.2.1/include/stddef.h"
 315              		.file 6 "/usr/lib/gcc/arm-none-eabi/8.2018.q4/arm-none-eabi/include/sys/reent.h"
 316              		.file 7 "/usr/lib/gcc/arm-none-eabi/8.2018.q4/arm-none-eabi/include/stdlib.h"
 317              		.file 8 "/usr/lib/gcc/arm-none-eabi/8.2018.q4/arm-none-eabi/include/sys/_stdint.h"
 318              		.file 9 "Drivers/CMSIS/Device/ST/STM32F0xx/Include/system_stm32f0xx.h"
 319              		.file 10 "Middlewares/Third_Party/FreeRTOS/Source/portable/GCC/ARM_CM0/portmacro.h"
 320              		.file 11 "Middlewares/Third_Party/FreeRTOS/Source/include/list.h"
ARM GAS  /tmp/ccmK2YKC.s 			page 12


DEFINED SYMBOLS
                            *ABS*:0000000000000000 list.c
     /tmp/ccmK2YKC.s:16     .text.vListInitialise:0000000000000000 $t
     /tmp/ccmK2YKC.s:25     .text.vListInitialise:0000000000000000 vListInitialise
     /tmp/ccmK2YKC.s:67     .text.vListInitialiseItem:0000000000000000 $t
     /tmp/ccmK2YKC.s:75     .text.vListInitialiseItem:0000000000000000 vListInitialiseItem
     /tmp/ccmK2YKC.s:98     .text.vListInsertEnd:0000000000000000 $t
     /tmp/ccmK2YKC.s:106    .text.vListInsertEnd:0000000000000000 vListInsertEnd
     /tmp/ccmK2YKC.s:154    .text.vListInsert:0000000000000000 $t
     /tmp/ccmK2YKC.s:162    .text.vListInsert:0000000000000000 vListInsert
     /tmp/ccmK2YKC.s:245    .text.uxListRemove:0000000000000000 $t
     /tmp/ccmK2YKC.s:253    .text.uxListRemove:0000000000000000 uxListRemove

NO UNDEFINED SYMBOLS
