ARM GAS  /tmp/ccluu6eD.s 			page 1


   1              		.cpu cortex-m0
   2              		.eabi_attribute 20, 1
   3              		.eabi_attribute 21, 1
   4              		.eabi_attribute 23, 3
   5              		.eabi_attribute 24, 1
   6              		.eabi_attribute 25, 1
   7              		.eabi_attribute 26, 1
   8              		.eabi_attribute 30, 2
   9              		.eabi_attribute 34, 0
  10              		.eabi_attribute 18, 4
  11              		.file	"stm32f0xx_hal_msp.c"
  12              		.text
  13              	.Ltext0:
  14              		.cfi_sections	.debug_frame
  15              		.section	.text.HAL_MspInit,"ax",%progbits
  16              		.align	1
  17              		.p2align 2,,3
  18              		.global	HAL_MspInit
  19              		.arch armv6s-m
  20              		.syntax unified
  21              		.code	16
  22              		.thumb_func
  23              		.fpu softvfp
  25              	HAL_MspInit:
  26              	.LFB37:
  27              		.file 1 "Src/stm32f0xx_hal_msp.c"
   1:Src/stm32f0xx_hal_msp.c **** /* USER CODE BEGIN Header */
   2:Src/stm32f0xx_hal_msp.c **** /**
   3:Src/stm32f0xx_hal_msp.c ****   ******************************************************************************
   4:Src/stm32f0xx_hal_msp.c ****   * File Name          : stm32f0xx_hal_msp.c
   5:Src/stm32f0xx_hal_msp.c ****   * Description        : This file provides code for the MSP Initialization 
   6:Src/stm32f0xx_hal_msp.c ****   *                      and de-Initialization codes.
   7:Src/stm32f0xx_hal_msp.c ****   ******************************************************************************
   8:Src/stm32f0xx_hal_msp.c ****   * This notice applies to any and all portions of this file
   9:Src/stm32f0xx_hal_msp.c ****   * that are not between comment pairs USER CODE BEGIN and
  10:Src/stm32f0xx_hal_msp.c ****   * USER CODE END. Other portions of this file, whether 
  11:Src/stm32f0xx_hal_msp.c ****   * inserted by the user or by software development tools
  12:Src/stm32f0xx_hal_msp.c ****   * are owned by their respective copyright owners.
  13:Src/stm32f0xx_hal_msp.c ****   *
  14:Src/stm32f0xx_hal_msp.c ****   * Copyright (c) 2019 STMicroelectronics International N.V. 
  15:Src/stm32f0xx_hal_msp.c ****   * All rights reserved.
  16:Src/stm32f0xx_hal_msp.c ****   *
  17:Src/stm32f0xx_hal_msp.c ****   * Redistribution and use in source and binary forms, with or without 
  18:Src/stm32f0xx_hal_msp.c ****   * modification, are permitted, provided that the following conditions are met:
  19:Src/stm32f0xx_hal_msp.c ****   *
  20:Src/stm32f0xx_hal_msp.c ****   * 1. Redistribution of source code must retain the above copyright notice, 
  21:Src/stm32f0xx_hal_msp.c ****   *    this list of conditions and the following disclaimer.
  22:Src/stm32f0xx_hal_msp.c ****   * 2. Redistributions in binary form must reproduce the above copyright notice,
  23:Src/stm32f0xx_hal_msp.c ****   *    this list of conditions and the following disclaimer in the documentation
  24:Src/stm32f0xx_hal_msp.c ****   *    and/or other materials provided with the distribution.
  25:Src/stm32f0xx_hal_msp.c ****   * 3. Neither the name of STMicroelectronics nor the names of other 
  26:Src/stm32f0xx_hal_msp.c ****   *    contributors to this software may be used to endorse or promote products 
  27:Src/stm32f0xx_hal_msp.c ****   *    derived from this software without specific written permission.
  28:Src/stm32f0xx_hal_msp.c ****   * 4. This software, including modifications and/or derivative works of this 
  29:Src/stm32f0xx_hal_msp.c ****   *    software, must execute solely and exclusively on microcontroller or
  30:Src/stm32f0xx_hal_msp.c ****   *    microprocessor devices manufactured by or for STMicroelectronics.
  31:Src/stm32f0xx_hal_msp.c ****   * 5. Redistribution and use of this software other than as permitted under 
ARM GAS  /tmp/ccluu6eD.s 			page 2


  32:Src/stm32f0xx_hal_msp.c ****   *    this license is void and will automatically terminate your rights under 
  33:Src/stm32f0xx_hal_msp.c ****   *    this license. 
  34:Src/stm32f0xx_hal_msp.c ****   *
  35:Src/stm32f0xx_hal_msp.c ****   * THIS SOFTWARE IS PROVIDED BY STMICROELECTRONICS AND CONTRIBUTORS "AS IS" 
  36:Src/stm32f0xx_hal_msp.c ****   * AND ANY EXPRESS, IMPLIED OR STATUTORY WARRANTIES, INCLUDING, BUT NOT 
  37:Src/stm32f0xx_hal_msp.c ****   * LIMITED TO, THE IMPLIED WARRANTIES OF MERCHANTABILITY, FITNESS FOR A 
  38:Src/stm32f0xx_hal_msp.c ****   * PARTICULAR PURPOSE AND NON-INFRINGEMENT OF THIRD PARTY INTELLECTUAL PROPERTY
  39:Src/stm32f0xx_hal_msp.c ****   * RIGHTS ARE DISCLAIMED TO THE FULLEST EXTENT PERMITTED BY LAW. IN NO EVENT 
  40:Src/stm32f0xx_hal_msp.c ****   * SHALL STMICROELECTRONICS OR CONTRIBUTORS BE LIABLE FOR ANY DIRECT, INDIRECT,
  41:Src/stm32f0xx_hal_msp.c ****   * INCIDENTAL, SPECIAL, EXEMPLARY, OR CONSEQUENTIAL DAMAGES (INCLUDING, BUT NOT
  42:Src/stm32f0xx_hal_msp.c ****   * LIMITED TO, PROCUREMENT OF SUBSTITUTE GOODS OR SERVICES; LOSS OF USE, DATA, 
  43:Src/stm32f0xx_hal_msp.c ****   * OR PROFITS; OR BUSINESS INTERRUPTION) HOWEVER CAUSED AND ON ANY THEORY OF 
  44:Src/stm32f0xx_hal_msp.c ****   * LIABILITY, WHETHER IN CONTRACT, STRICT LIABILITY, OR TORT (INCLUDING 
  45:Src/stm32f0xx_hal_msp.c ****   * NEGLIGENCE OR OTHERWISE) ARISING IN ANY WAY OUT OF THE USE OF THIS SOFTWARE,
  46:Src/stm32f0xx_hal_msp.c ****   * EVEN IF ADVISED OF THE POSSIBILITY OF SUCH DAMAGE.
  47:Src/stm32f0xx_hal_msp.c ****   *
  48:Src/stm32f0xx_hal_msp.c ****   ******************************************************************************
  49:Src/stm32f0xx_hal_msp.c ****   */
  50:Src/stm32f0xx_hal_msp.c **** /* USER CODE END Header */
  51:Src/stm32f0xx_hal_msp.c **** 
  52:Src/stm32f0xx_hal_msp.c **** /* Includes ------------------------------------------------------------------*/
  53:Src/stm32f0xx_hal_msp.c **** #include "main.h"
  54:Src/stm32f0xx_hal_msp.c **** /* USER CODE BEGIN Includes */
  55:Src/stm32f0xx_hal_msp.c **** 
  56:Src/stm32f0xx_hal_msp.c **** /* USER CODE END Includes */
  57:Src/stm32f0xx_hal_msp.c **** extern DMA_HandleTypeDef hdma_usart4_tx;
  58:Src/stm32f0xx_hal_msp.c **** 
  59:Src/stm32f0xx_hal_msp.c **** /* Private typedef -----------------------------------------------------------*/
  60:Src/stm32f0xx_hal_msp.c **** /* USER CODE BEGIN TD */
  61:Src/stm32f0xx_hal_msp.c **** 
  62:Src/stm32f0xx_hal_msp.c **** /* USER CODE END TD */
  63:Src/stm32f0xx_hal_msp.c **** 
  64:Src/stm32f0xx_hal_msp.c **** /* Private define ------------------------------------------------------------*/
  65:Src/stm32f0xx_hal_msp.c **** /* USER CODE BEGIN Define */
  66:Src/stm32f0xx_hal_msp.c ****  
  67:Src/stm32f0xx_hal_msp.c **** /* USER CODE END Define */
  68:Src/stm32f0xx_hal_msp.c **** 
  69:Src/stm32f0xx_hal_msp.c **** /* Private macro -------------------------------------------------------------*/
  70:Src/stm32f0xx_hal_msp.c **** /* USER CODE BEGIN Macro */
  71:Src/stm32f0xx_hal_msp.c **** 
  72:Src/stm32f0xx_hal_msp.c **** /* USER CODE END Macro */
  73:Src/stm32f0xx_hal_msp.c **** 
  74:Src/stm32f0xx_hal_msp.c **** /* Private variables ---------------------------------------------------------*/
  75:Src/stm32f0xx_hal_msp.c **** /* USER CODE BEGIN PV */
  76:Src/stm32f0xx_hal_msp.c **** 
  77:Src/stm32f0xx_hal_msp.c **** /* USER CODE END PV */
  78:Src/stm32f0xx_hal_msp.c **** 
  79:Src/stm32f0xx_hal_msp.c **** /* Private function prototypes -----------------------------------------------*/
  80:Src/stm32f0xx_hal_msp.c **** /* USER CODE BEGIN PFP */
  81:Src/stm32f0xx_hal_msp.c **** 
  82:Src/stm32f0xx_hal_msp.c **** /* USER CODE END PFP */
  83:Src/stm32f0xx_hal_msp.c **** 
  84:Src/stm32f0xx_hal_msp.c **** /* External functions --------------------------------------------------------*/
  85:Src/stm32f0xx_hal_msp.c **** /* USER CODE BEGIN ExternalFunctions */
  86:Src/stm32f0xx_hal_msp.c **** 
  87:Src/stm32f0xx_hal_msp.c **** /* USER CODE END ExternalFunctions */
  88:Src/stm32f0xx_hal_msp.c **** 
ARM GAS  /tmp/ccluu6eD.s 			page 3


  89:Src/stm32f0xx_hal_msp.c **** /* USER CODE BEGIN 0 */
  90:Src/stm32f0xx_hal_msp.c **** 
  91:Src/stm32f0xx_hal_msp.c **** /* USER CODE END 0 */
  92:Src/stm32f0xx_hal_msp.c **** /**
  93:Src/stm32f0xx_hal_msp.c ****   * Initializes the Global MSP.
  94:Src/stm32f0xx_hal_msp.c ****   */
  95:Src/stm32f0xx_hal_msp.c **** void HAL_MspInit(void)
  96:Src/stm32f0xx_hal_msp.c **** {
  28              		.loc 1 96 1 view -0
  29              		.cfi_startproc
  30              		@ args = 0, pretend = 0, frame = 8
  31              		@ frame_needed = 0, uses_anonymous_args = 0
  97:Src/stm32f0xx_hal_msp.c ****   /* USER CODE BEGIN MspInit 0 */
  98:Src/stm32f0xx_hal_msp.c **** 
  99:Src/stm32f0xx_hal_msp.c ****   /* USER CODE END MspInit 0 */
 100:Src/stm32f0xx_hal_msp.c **** 
 101:Src/stm32f0xx_hal_msp.c ****   __HAL_RCC_SYSCFG_CLK_ENABLE();
  32              		.loc 1 101 3 view .LVU1
  33              	.LBB2:
  34              		.loc 1 101 3 view .LVU2
  35              		.loc 1 101 3 view .LVU3
  36 0000 0122     		movs	r2, #1
  37 0002 0D4B     		ldr	r3, .L3
  38              	.LBE2:
  96:Src/stm32f0xx_hal_msp.c ****   /* USER CODE BEGIN MspInit 0 */
  39              		.loc 1 96 1 is_stmt 0 view .LVU4
  40 0004 00B5     		push	{lr}
  41              	.LCFI0:
  42              		.cfi_def_cfa_offset 4
  43              		.cfi_offset 14, -4
  44              	.LBB3:
  45              		.loc 1 101 3 view .LVU5
  46 0006 9969     		ldr	r1, [r3, #24]
  47              	.LBE3:
 102:Src/stm32f0xx_hal_msp.c ****   __HAL_RCC_PWR_CLK_ENABLE();
 103:Src/stm32f0xx_hal_msp.c **** 
 104:Src/stm32f0xx_hal_msp.c ****   /* System interrupt init*/
 105:Src/stm32f0xx_hal_msp.c ****   /* PendSV_IRQn interrupt configuration */
 106:Src/stm32f0xx_hal_msp.c ****   HAL_NVIC_SetPriority(PendSV_IRQn, 3, 0);
  48              		.loc 1 106 3 view .LVU6
  49 0008 0220     		movs	r0, #2
  50              	.LBB4:
 101:Src/stm32f0xx_hal_msp.c ****   __HAL_RCC_PWR_CLK_ENABLE();
  51              		.loc 1 101 3 view .LVU7
  52 000a 1143     		orrs	r1, r2
  53 000c 9961     		str	r1, [r3, #24]
 101:Src/stm32f0xx_hal_msp.c ****   __HAL_RCC_PWR_CLK_ENABLE();
  54              		.loc 1 101 3 is_stmt 1 view .LVU8
  55 000e 9969     		ldr	r1, [r3, #24]
  56              	.LBE4:
  96:Src/stm32f0xx_hal_msp.c ****   /* USER CODE BEGIN MspInit 0 */
  57              		.loc 1 96 1 is_stmt 0 view .LVU9
  58 0010 83B0     		sub	sp, sp, #12
  59              	.LCFI1:
  60              		.cfi_def_cfa_offset 16
  61              	.LBB5:
 101:Src/stm32f0xx_hal_msp.c ****   __HAL_RCC_PWR_CLK_ENABLE();
ARM GAS  /tmp/ccluu6eD.s 			page 4


  62              		.loc 1 101 3 view .LVU10
  63 0012 0A40     		ands	r2, r1
  64              	.LBE5:
  65              	.LBB6:
 102:Src/stm32f0xx_hal_msp.c ****   __HAL_RCC_PWR_CLK_ENABLE();
  66              		.loc 1 102 3 view .LVU11
  67 0014 8021     		movs	r1, #128
  68              	.LBE6:
  69              	.LBB7:
 101:Src/stm32f0xx_hal_msp.c ****   __HAL_RCC_PWR_CLK_ENABLE();
  70              		.loc 1 101 3 view .LVU12
  71 0016 0092     		str	r2, [sp]
 101:Src/stm32f0xx_hal_msp.c ****   __HAL_RCC_PWR_CLK_ENABLE();
  72              		.loc 1 101 3 is_stmt 1 view .LVU13
  73 0018 009A     		ldr	r2, [sp]
  74              	.LBE7:
 102:Src/stm32f0xx_hal_msp.c ****   __HAL_RCC_PWR_CLK_ENABLE();
  75              		.loc 1 102 3 view .LVU14
  76              	.LBB8:
 102:Src/stm32f0xx_hal_msp.c ****   __HAL_RCC_PWR_CLK_ENABLE();
  77              		.loc 1 102 3 view .LVU15
 102:Src/stm32f0xx_hal_msp.c ****   __HAL_RCC_PWR_CLK_ENABLE();
  78              		.loc 1 102 3 view .LVU16
  79 001a DA69     		ldr	r2, [r3, #28]
  80 001c 4905     		lsls	r1, r1, #21
  81 001e 0A43     		orrs	r2, r1
  82 0020 DA61     		str	r2, [r3, #28]
 102:Src/stm32f0xx_hal_msp.c ****   __HAL_RCC_PWR_CLK_ENABLE();
  83              		.loc 1 102 3 view .LVU17
  84 0022 DB69     		ldr	r3, [r3, #28]
  85              	.LBE8:
  86              		.loc 1 106 3 is_stmt 0 view .LVU18
  87 0024 0022     		movs	r2, #0
  88              	.LBB9:
 102:Src/stm32f0xx_hal_msp.c ****   __HAL_RCC_PWR_CLK_ENABLE();
  89              		.loc 1 102 3 view .LVU19
  90 0026 0B40     		ands	r3, r1
  91 0028 0193     		str	r3, [sp, #4]
 102:Src/stm32f0xx_hal_msp.c ****   __HAL_RCC_PWR_CLK_ENABLE();
  92              		.loc 1 102 3 is_stmt 1 view .LVU20
  93              	.LBE9:
  94              		.loc 1 106 3 is_stmt 0 view .LVU21
  95 002a 0321     		movs	r1, #3
  96 002c 4042     		rsbs	r0, r0, #0
  97              	.LBB10:
 102:Src/stm32f0xx_hal_msp.c ****   __HAL_RCC_PWR_CLK_ENABLE();
  98              		.loc 1 102 3 view .LVU22
  99 002e 019B     		ldr	r3, [sp, #4]
 100              	.LBE10:
 101              		.loc 1 106 3 is_stmt 1 view .LVU23
 102 0030 FFF7FEFF 		bl	HAL_NVIC_SetPriority
 103              	.LVL0:
 107:Src/stm32f0xx_hal_msp.c **** 
 108:Src/stm32f0xx_hal_msp.c ****   /* USER CODE BEGIN MspInit 1 */
 109:Src/stm32f0xx_hal_msp.c **** 
 110:Src/stm32f0xx_hal_msp.c ****   /* USER CODE END MspInit 1 */
 111:Src/stm32f0xx_hal_msp.c **** }
ARM GAS  /tmp/ccluu6eD.s 			page 5


 104              		.loc 1 111 1 is_stmt 0 view .LVU24
 105 0034 03B0     		add	sp, sp, #12
 106              		@ sp needed
 107 0036 00BD     		pop	{pc}
 108              	.L4:
 109              		.align	2
 110              	.L3:
 111 0038 00100240 		.word	1073876992
 112              		.cfi_endproc
 113              	.LFE37:
 115              		.section	.text.HAL_UART_MspInit,"ax",%progbits
 116              		.align	1
 117              		.p2align 2,,3
 118              		.global	HAL_UART_MspInit
 119              		.syntax unified
 120              		.code	16
 121              		.thumb_func
 122              		.fpu softvfp
 124              	HAL_UART_MspInit:
 125              	.LVL1:
 126              	.LFB38:
 112:Src/stm32f0xx_hal_msp.c **** 
 113:Src/stm32f0xx_hal_msp.c **** /**
 114:Src/stm32f0xx_hal_msp.c **** * @brief UART MSP Initialization
 115:Src/stm32f0xx_hal_msp.c **** * This function configures the hardware resources used in this example
 116:Src/stm32f0xx_hal_msp.c **** * @param huart: UART handle pointer
 117:Src/stm32f0xx_hal_msp.c **** * @retval None
 118:Src/stm32f0xx_hal_msp.c **** */
 119:Src/stm32f0xx_hal_msp.c **** void HAL_UART_MspInit(UART_HandleTypeDef* huart)
 120:Src/stm32f0xx_hal_msp.c **** {
 127              		.loc 1 120 1 is_stmt 1 view -0
 128              		.cfi_startproc
 129              		@ args = 0, pretend = 0, frame = 48
 130              		@ frame_needed = 0, uses_anonymous_args = 0
 121:Src/stm32f0xx_hal_msp.c **** 
 122:Src/stm32f0xx_hal_msp.c ****   GPIO_InitTypeDef GPIO_InitStruct = {0};
 131              		.loc 1 122 3 view .LVU26
 120:Src/stm32f0xx_hal_msp.c **** 
 132              		.loc 1 120 1 is_stmt 0 view .LVU27
 133 0000 30B5     		push	{r4, r5, lr}
 134              	.LCFI2:
 135              		.cfi_def_cfa_offset 12
 136              		.cfi_offset 4, -12
 137              		.cfi_offset 5, -8
 138              		.cfi_offset 14, -4
 139 0002 0400     		movs	r4, r0
 140 0004 8DB0     		sub	sp, sp, #52
 141              	.LCFI3:
 142              		.cfi_def_cfa_offset 64
 143              		.loc 1 122 20 view .LVU28
 144 0006 1422     		movs	r2, #20
 145 0008 0021     		movs	r1, #0
 146 000a 07A8     		add	r0, sp, #28
 147              	.LVL2:
 148              		.loc 1 122 20 view .LVU29
 149 000c FFF7FEFF 		bl	memset
 150              	.LVL3:
ARM GAS  /tmp/ccluu6eD.s 			page 6


 123:Src/stm32f0xx_hal_msp.c ****   if(huart->Instance==USART2)
 151              		.loc 1 123 3 is_stmt 1 view .LVU30
 152              		.loc 1 123 11 is_stmt 0 view .LVU31
 153 0010 2368     		ldr	r3, [r4]
 154              		.loc 1 123 5 view .LVU32
 155 0012 504A     		ldr	r2, .L17
 156 0014 9342     		cmp	r3, r2
 157 0016 08D0     		beq	.L13
 124:Src/stm32f0xx_hal_msp.c ****   {
 125:Src/stm32f0xx_hal_msp.c ****   /* USER CODE BEGIN USART2_MspInit 0 */
 126:Src/stm32f0xx_hal_msp.c **** 
 127:Src/stm32f0xx_hal_msp.c ****   /* USER CODE END USART2_MspInit 0 */
 128:Src/stm32f0xx_hal_msp.c ****     /* Peripheral clock enable */
 129:Src/stm32f0xx_hal_msp.c ****     __HAL_RCC_USART2_CLK_ENABLE();
 130:Src/stm32f0xx_hal_msp.c ****   
 131:Src/stm32f0xx_hal_msp.c ****     __HAL_RCC_GPIOA_CLK_ENABLE();
 132:Src/stm32f0xx_hal_msp.c ****     /**USART2 GPIO Configuration    
 133:Src/stm32f0xx_hal_msp.c ****     PA2     ------> USART2_TX
 134:Src/stm32f0xx_hal_msp.c ****     PA3     ------> USART2_RX 
 135:Src/stm32f0xx_hal_msp.c ****     */
 136:Src/stm32f0xx_hal_msp.c ****     GPIO_InitStruct.Pin = GPIO_PIN_2|GPIO_PIN_3;
 137:Src/stm32f0xx_hal_msp.c ****     GPIO_InitStruct.Mode = GPIO_MODE_AF_PP;
 138:Src/stm32f0xx_hal_msp.c ****     GPIO_InitStruct.Pull = GPIO_NOPULL;
 139:Src/stm32f0xx_hal_msp.c ****     GPIO_InitStruct.Speed = GPIO_SPEED_FREQ_HIGH;
 140:Src/stm32f0xx_hal_msp.c ****     GPIO_InitStruct.Alternate = GPIO_AF1_USART2;
 141:Src/stm32f0xx_hal_msp.c ****     HAL_GPIO_Init(GPIOA, &GPIO_InitStruct);
 142:Src/stm32f0xx_hal_msp.c **** 
 143:Src/stm32f0xx_hal_msp.c ****     /* USART2 interrupt Init */
 144:Src/stm32f0xx_hal_msp.c ****     HAL_NVIC_SetPriority(USART2_IRQn, 3, 0);
 145:Src/stm32f0xx_hal_msp.c ****     HAL_NVIC_EnableIRQ(USART2_IRQn);
 146:Src/stm32f0xx_hal_msp.c ****   /* USER CODE BEGIN USART2_MspInit 1 */
 147:Src/stm32f0xx_hal_msp.c **** 
 148:Src/stm32f0xx_hal_msp.c ****   /* USER CODE END USART2_MspInit 1 */
 149:Src/stm32f0xx_hal_msp.c ****   }
 150:Src/stm32f0xx_hal_msp.c ****   else if(huart->Instance==USART4)
 158              		.loc 1 150 8 is_stmt 1 view .LVU33
 159              		.loc 1 150 10 is_stmt 0 view .LVU34
 160 0018 4F4A     		ldr	r2, .L17+4
 161 001a 9342     		cmp	r3, r2
 162 001c 2CD0     		beq	.L14
 151:Src/stm32f0xx_hal_msp.c ****   {
 152:Src/stm32f0xx_hal_msp.c ****   /* USER CODE BEGIN USART4_MspInit 0 */
 153:Src/stm32f0xx_hal_msp.c **** 
 154:Src/stm32f0xx_hal_msp.c ****   /* USER CODE END USART4_MspInit 0 */
 155:Src/stm32f0xx_hal_msp.c ****     /* Peripheral clock enable */
 156:Src/stm32f0xx_hal_msp.c ****     __HAL_RCC_USART4_CLK_ENABLE();
 157:Src/stm32f0xx_hal_msp.c ****   
 158:Src/stm32f0xx_hal_msp.c ****     __HAL_RCC_GPIOA_CLK_ENABLE();
 159:Src/stm32f0xx_hal_msp.c ****     /**USART4 GPIO Configuration    
 160:Src/stm32f0xx_hal_msp.c ****     PA0     ------> USART4_TX
 161:Src/stm32f0xx_hal_msp.c ****     PA1     ------> USART4_RX 
 162:Src/stm32f0xx_hal_msp.c ****     */
 163:Src/stm32f0xx_hal_msp.c ****     GPIO_InitStruct.Pin = CLI_TX_Pin|CLI_RT_Pin;
 164:Src/stm32f0xx_hal_msp.c ****     GPIO_InitStruct.Mode = GPIO_MODE_AF_PP;
 165:Src/stm32f0xx_hal_msp.c ****     GPIO_InitStruct.Pull = GPIO_NOPULL;
 166:Src/stm32f0xx_hal_msp.c ****     GPIO_InitStruct.Speed = GPIO_SPEED_FREQ_HIGH;
 167:Src/stm32f0xx_hal_msp.c ****     GPIO_InitStruct.Alternate = GPIO_AF4_USART4;
ARM GAS  /tmp/ccluu6eD.s 			page 7


 168:Src/stm32f0xx_hal_msp.c ****     HAL_GPIO_Init(GPIOA, &GPIO_InitStruct);
 169:Src/stm32f0xx_hal_msp.c **** 
 170:Src/stm32f0xx_hal_msp.c ****     /* USART4 DMA Init */
 171:Src/stm32f0xx_hal_msp.c ****     /* USART4_TX Init */
 172:Src/stm32f0xx_hal_msp.c ****     hdma_usart4_tx.Instance = DMA1_Channel2;
 173:Src/stm32f0xx_hal_msp.c ****     hdma_usart4_tx.Init.Direction = DMA_MEMORY_TO_PERIPH;
 174:Src/stm32f0xx_hal_msp.c ****     hdma_usart4_tx.Init.PeriphInc = DMA_PINC_DISABLE;
 175:Src/stm32f0xx_hal_msp.c ****     hdma_usart4_tx.Init.MemInc = DMA_MINC_ENABLE;
 176:Src/stm32f0xx_hal_msp.c ****     hdma_usart4_tx.Init.PeriphDataAlignment = DMA_PDATAALIGN_BYTE;
 177:Src/stm32f0xx_hal_msp.c ****     hdma_usart4_tx.Init.MemDataAlignment = DMA_MDATAALIGN_BYTE;
 178:Src/stm32f0xx_hal_msp.c ****     hdma_usart4_tx.Init.Mode = DMA_NORMAL;
 179:Src/stm32f0xx_hal_msp.c ****     hdma_usart4_tx.Init.Priority = DMA_PRIORITY_LOW;
 180:Src/stm32f0xx_hal_msp.c ****     if (HAL_DMA_Init(&hdma_usart4_tx) != HAL_OK)
 181:Src/stm32f0xx_hal_msp.c ****     {
 182:Src/stm32f0xx_hal_msp.c ****       Error_Handler();
 183:Src/stm32f0xx_hal_msp.c ****     }
 184:Src/stm32f0xx_hal_msp.c **** 
 185:Src/stm32f0xx_hal_msp.c ****     __HAL_DMA1_REMAP(HAL_DMA1_CH2_USART4_TX);
 186:Src/stm32f0xx_hal_msp.c **** 
 187:Src/stm32f0xx_hal_msp.c ****     __HAL_LINKDMA(huart,hdmatx,hdma_usart4_tx);
 188:Src/stm32f0xx_hal_msp.c **** 
 189:Src/stm32f0xx_hal_msp.c ****     /* USART4 interrupt Init */
 190:Src/stm32f0xx_hal_msp.c ****     HAL_NVIC_SetPriority(USART3_8_IRQn, 3, 0);
 191:Src/stm32f0xx_hal_msp.c ****     HAL_NVIC_EnableIRQ(USART3_8_IRQn);
 192:Src/stm32f0xx_hal_msp.c ****   /* USER CODE BEGIN USART4_MspInit 1 */
 193:Src/stm32f0xx_hal_msp.c **** 
 194:Src/stm32f0xx_hal_msp.c ****   /* USER CODE END USART4_MspInit 1 */
 195:Src/stm32f0xx_hal_msp.c ****   }
 196:Src/stm32f0xx_hal_msp.c ****   else if(huart->Instance==USART6)
 163              		.loc 1 196 8 is_stmt 1 view .LVU35
 164              		.loc 1 196 10 is_stmt 0 view .LVU36
 165 001e 4F4A     		ldr	r2, .L17+8
 166 0020 9342     		cmp	r3, r2
 167 0022 00D1     		bne	.LCB110
 168 0024 6EE0     		b	.L15	@long jump
 169              	.LCB110:
 170              	.L5:
 197:Src/stm32f0xx_hal_msp.c ****   {
 198:Src/stm32f0xx_hal_msp.c ****   /* USER CODE BEGIN USART6_MspInit 0 */
 199:Src/stm32f0xx_hal_msp.c **** 
 200:Src/stm32f0xx_hal_msp.c ****   /* USER CODE END USART6_MspInit 0 */
 201:Src/stm32f0xx_hal_msp.c ****     /* Peripheral clock enable */
 202:Src/stm32f0xx_hal_msp.c ****     __HAL_RCC_USART6_CLK_ENABLE();
 203:Src/stm32f0xx_hal_msp.c ****   
 204:Src/stm32f0xx_hal_msp.c ****     __HAL_RCC_GPIOC_CLK_ENABLE();
 205:Src/stm32f0xx_hal_msp.c ****     /**USART6 GPIO Configuration    
 206:Src/stm32f0xx_hal_msp.c ****     PC0     ------> USART6_TX
 207:Src/stm32f0xx_hal_msp.c ****     PC1     ------> USART6_RX 
 208:Src/stm32f0xx_hal_msp.c ****     */
 209:Src/stm32f0xx_hal_msp.c ****     GPIO_InitStruct.Pin = GPS_TX_Pin|GPS_RX_Pin;
 210:Src/stm32f0xx_hal_msp.c ****     GPIO_InitStruct.Mode = GPIO_MODE_AF_PP;
 211:Src/stm32f0xx_hal_msp.c ****     GPIO_InitStruct.Pull = GPIO_NOPULL;
 212:Src/stm32f0xx_hal_msp.c ****     GPIO_InitStruct.Speed = GPIO_SPEED_FREQ_HIGH;
 213:Src/stm32f0xx_hal_msp.c ****     GPIO_InitStruct.Alternate = GPIO_AF2_USART6;
 214:Src/stm32f0xx_hal_msp.c ****     HAL_GPIO_Init(GPIOC, &GPIO_InitStruct);
 215:Src/stm32f0xx_hal_msp.c **** 
 216:Src/stm32f0xx_hal_msp.c ****     /* USART6 interrupt Init */
ARM GAS  /tmp/ccluu6eD.s 			page 8


 217:Src/stm32f0xx_hal_msp.c ****     HAL_NVIC_SetPriority(USART3_8_IRQn, 3, 0);
 218:Src/stm32f0xx_hal_msp.c ****     HAL_NVIC_EnableIRQ(USART3_8_IRQn);
 219:Src/stm32f0xx_hal_msp.c ****   /* USER CODE BEGIN USART6_MspInit 1 */
 220:Src/stm32f0xx_hal_msp.c **** 
 221:Src/stm32f0xx_hal_msp.c ****   /* USER CODE END USART6_MspInit 1 */
 222:Src/stm32f0xx_hal_msp.c ****   }
 223:Src/stm32f0xx_hal_msp.c **** 
 224:Src/stm32f0xx_hal_msp.c **** }
 171              		.loc 1 224 1 view .LVU37
 172 0026 0DB0     		add	sp, sp, #52
 173              		@ sp needed
 174              	.LVL4:
 175              		.loc 1 224 1 view .LVU38
 176 0028 30BD     		pop	{r4, r5, pc}
 177              	.LVL5:
 178              	.L13:
 129:Src/stm32f0xx_hal_msp.c ****   
 179              		.loc 1 129 5 is_stmt 1 view .LVU39
 180              	.LBB11:
 129:Src/stm32f0xx_hal_msp.c ****   
 181              		.loc 1 129 5 view .LVU40
 129:Src/stm32f0xx_hal_msp.c ****   
 182              		.loc 1 129 5 view .LVU41
 183 002a 8022     		movs	r2, #128
 184 002c 4C4B     		ldr	r3, .L17+12
 185 002e 9202     		lsls	r2, r2, #10
 186 0030 D969     		ldr	r1, [r3, #28]
 187              	.LBE11:
 141:Src/stm32f0xx_hal_msp.c **** 
 188              		.loc 1 141 5 is_stmt 0 view .LVU42
 189 0032 9020     		movs	r0, #144
 190              	.LBB12:
 129:Src/stm32f0xx_hal_msp.c ****   
 191              		.loc 1 129 5 view .LVU43
 192 0034 1143     		orrs	r1, r2
 193 0036 D961     		str	r1, [r3, #28]
 129:Src/stm32f0xx_hal_msp.c ****   
 194              		.loc 1 129 5 is_stmt 1 view .LVU44
 195 0038 D969     		ldr	r1, [r3, #28]
 196              	.LBE12:
 141:Src/stm32f0xx_hal_msp.c **** 
 197              		.loc 1 141 5 is_stmt 0 view .LVU45
 198 003a C005     		lsls	r0, r0, #23
 199              	.LBB13:
 129:Src/stm32f0xx_hal_msp.c ****   
 200              		.loc 1 129 5 view .LVU46
 201 003c 1140     		ands	r1, r2
 202 003e 0191     		str	r1, [sp, #4]
 129:Src/stm32f0xx_hal_msp.c ****   
 203              		.loc 1 129 5 is_stmt 1 view .LVU47
 204 0040 0199     		ldr	r1, [sp, #4]
 205              	.LBE13:
 131:Src/stm32f0xx_hal_msp.c ****     /**USART2 GPIO Configuration    
 206              		.loc 1 131 5 view .LVU48
 207              	.LBB14:
 131:Src/stm32f0xx_hal_msp.c ****     /**USART2 GPIO Configuration    
 208              		.loc 1 131 5 view .LVU49
ARM GAS  /tmp/ccluu6eD.s 			page 9


 131:Src/stm32f0xx_hal_msp.c ****     /**USART2 GPIO Configuration    
 209              		.loc 1 131 5 view .LVU50
 210 0042 5969     		ldr	r1, [r3, #20]
 211 0044 1143     		orrs	r1, r2
 212 0046 5961     		str	r1, [r3, #20]
 131:Src/stm32f0xx_hal_msp.c ****     /**USART2 GPIO Configuration    
 213              		.loc 1 131 5 view .LVU51
 214 0048 5B69     		ldr	r3, [r3, #20]
 215              	.LBE14:
 141:Src/stm32f0xx_hal_msp.c **** 
 216              		.loc 1 141 5 is_stmt 0 view .LVU52
 217 004a 07A9     		add	r1, sp, #28
 218              	.LBB15:
 131:Src/stm32f0xx_hal_msp.c ****     /**USART2 GPIO Configuration    
 219              		.loc 1 131 5 view .LVU53
 220 004c 1A40     		ands	r2, r3
 221 004e 0292     		str	r2, [sp, #8]
 131:Src/stm32f0xx_hal_msp.c ****     /**USART2 GPIO Configuration    
 222              		.loc 1 131 5 is_stmt 1 view .LVU54
 223 0050 029B     		ldr	r3, [sp, #8]
 224              	.LBE15:
 136:Src/stm32f0xx_hal_msp.c ****     GPIO_InitStruct.Mode = GPIO_MODE_AF_PP;
 225              		.loc 1 136 5 view .LVU55
 136:Src/stm32f0xx_hal_msp.c ****     GPIO_InitStruct.Mode = GPIO_MODE_AF_PP;
 226              		.loc 1 136 25 is_stmt 0 view .LVU56
 227 0052 0C23     		movs	r3, #12
 228 0054 0793     		str	r3, [sp, #28]
 137:Src/stm32f0xx_hal_msp.c ****     GPIO_InitStruct.Pull = GPIO_NOPULL;
 229              		.loc 1 137 5 is_stmt 1 view .LVU57
 137:Src/stm32f0xx_hal_msp.c ****     GPIO_InitStruct.Pull = GPIO_NOPULL;
 230              		.loc 1 137 26 is_stmt 0 view .LVU58
 231 0056 0A3B     		subs	r3, r3, #10
 232 0058 0893     		str	r3, [sp, #32]
 138:Src/stm32f0xx_hal_msp.c ****     GPIO_InitStruct.Speed = GPIO_SPEED_FREQ_HIGH;
 233              		.loc 1 138 5 is_stmt 1 view .LVU59
 139:Src/stm32f0xx_hal_msp.c ****     GPIO_InitStruct.Alternate = GPIO_AF1_USART2;
 234              		.loc 1 139 5 view .LVU60
 139:Src/stm32f0xx_hal_msp.c ****     GPIO_InitStruct.Alternate = GPIO_AF1_USART2;
 235              		.loc 1 139 27 is_stmt 0 view .LVU61
 236 005a 0133     		adds	r3, r3, #1
 237 005c 0A93     		str	r3, [sp, #40]
 140:Src/stm32f0xx_hal_msp.c ****     HAL_GPIO_Init(GPIOA, &GPIO_InitStruct);
 238              		.loc 1 140 5 is_stmt 1 view .LVU62
 140:Src/stm32f0xx_hal_msp.c ****     HAL_GPIO_Init(GPIOA, &GPIO_InitStruct);
 239              		.loc 1 140 31 is_stmt 0 view .LVU63
 240 005e 023B     		subs	r3, r3, #2
 241 0060 0B93     		str	r3, [sp, #44]
 141:Src/stm32f0xx_hal_msp.c **** 
 242              		.loc 1 141 5 is_stmt 1 view .LVU64
 243 0062 FFF7FEFF 		bl	HAL_GPIO_Init
 244              	.LVL6:
 144:Src/stm32f0xx_hal_msp.c ****     HAL_NVIC_EnableIRQ(USART2_IRQn);
 245              		.loc 1 144 5 view .LVU65
 246 0066 0022     		movs	r2, #0
 247 0068 0321     		movs	r1, #3
 248 006a 1C20     		movs	r0, #28
 249 006c FFF7FEFF 		bl	HAL_NVIC_SetPriority
ARM GAS  /tmp/ccluu6eD.s 			page 10


 250              	.LVL7:
 145:Src/stm32f0xx_hal_msp.c ****   /* USER CODE BEGIN USART2_MspInit 1 */
 251              		.loc 1 145 5 view .LVU66
 252 0070 1C20     		movs	r0, #28
 253 0072 FFF7FEFF 		bl	HAL_NVIC_EnableIRQ
 254              	.LVL8:
 255 0076 D6E7     		b	.L5
 256              	.L14:
 156:Src/stm32f0xx_hal_msp.c ****   
 257              		.loc 1 156 5 view .LVU67
 258              	.LBB16:
 156:Src/stm32f0xx_hal_msp.c ****   
 259              		.loc 1 156 5 view .LVU68
 156:Src/stm32f0xx_hal_msp.c ****   
 260              		.loc 1 156 5 view .LVU69
 261 0078 8020     		movs	r0, #128
 262 007a 394B     		ldr	r3, .L17+12
 263 007c 0003     		lsls	r0, r0, #12
 264 007e D969     		ldr	r1, [r3, #28]
 265 0080 0143     		orrs	r1, r0
 266 0082 D961     		str	r1, [r3, #28]
 156:Src/stm32f0xx_hal_msp.c ****   
 267              		.loc 1 156 5 view .LVU70
 268              	.LBE16:
 269              	.LBB17:
 158:Src/stm32f0xx_hal_msp.c ****     /**USART4 GPIO Configuration    
 270              		.loc 1 158 5 is_stmt 0 view .LVU71
 271 0084 8021     		movs	r1, #128
 272              	.LBE17:
 273              	.LBB18:
 156:Src/stm32f0xx_hal_msp.c ****   
 274              		.loc 1 156 5 view .LVU72
 275 0086 DA69     		ldr	r2, [r3, #28]
 276              	.LBE18:
 277              	.LBB19:
 158:Src/stm32f0xx_hal_msp.c ****     /**USART4 GPIO Configuration    
 278              		.loc 1 158 5 view .LVU73
 279 0088 8902     		lsls	r1, r1, #10
 280              	.LBE19:
 281              	.LBB20:
 156:Src/stm32f0xx_hal_msp.c ****   
 282              		.loc 1 156 5 view .LVU74
 283 008a 0240     		ands	r2, r0
 284 008c 0392     		str	r2, [sp, #12]
 156:Src/stm32f0xx_hal_msp.c ****   
 285              		.loc 1 156 5 is_stmt 1 view .LVU75
 286 008e 039A     		ldr	r2, [sp, #12]
 287              	.LBE20:
 158:Src/stm32f0xx_hal_msp.c ****     /**USART4 GPIO Configuration    
 288              		.loc 1 158 5 view .LVU76
 289              	.LBB21:
 158:Src/stm32f0xx_hal_msp.c ****     /**USART4 GPIO Configuration    
 290              		.loc 1 158 5 view .LVU77
 158:Src/stm32f0xx_hal_msp.c ****     /**USART4 GPIO Configuration    
 291              		.loc 1 158 5 view .LVU78
 292 0090 5A69     		ldr	r2, [r3, #20]
 293              	.LBE21:
ARM GAS  /tmp/ccluu6eD.s 			page 11


 168:Src/stm32f0xx_hal_msp.c **** 
 294              		.loc 1 168 5 is_stmt 0 view .LVU79
 295 0092 9020     		movs	r0, #144
 296              	.LBB22:
 158:Src/stm32f0xx_hal_msp.c ****     /**USART4 GPIO Configuration    
 297              		.loc 1 158 5 view .LVU80
 298 0094 0A43     		orrs	r2, r1
 299 0096 5A61     		str	r2, [r3, #20]
 158:Src/stm32f0xx_hal_msp.c ****     /**USART4 GPIO Configuration    
 300              		.loc 1 158 5 is_stmt 1 view .LVU81
 301 0098 5B69     		ldr	r3, [r3, #20]
 302              	.LBE22:
 164:Src/stm32f0xx_hal_msp.c ****     GPIO_InitStruct.Pull = GPIO_NOPULL;
 303              		.loc 1 164 26 is_stmt 0 view .LVU82
 304 009a 0222     		movs	r2, #2
 305              	.LBB23:
 158:Src/stm32f0xx_hal_msp.c ****     /**USART4 GPIO Configuration    
 306              		.loc 1 158 5 view .LVU83
 307 009c 0B40     		ands	r3, r1
 308 009e 0493     		str	r3, [sp, #16]
 158:Src/stm32f0xx_hal_msp.c ****     /**USART4 GPIO Configuration    
 309              		.loc 1 158 5 is_stmt 1 view .LVU84
 310 00a0 049B     		ldr	r3, [sp, #16]
 311              	.LBE23:
 163:Src/stm32f0xx_hal_msp.c ****     GPIO_InitStruct.Mode = GPIO_MODE_AF_PP;
 312              		.loc 1 163 5 view .LVU85
 163:Src/stm32f0xx_hal_msp.c ****     GPIO_InitStruct.Mode = GPIO_MODE_AF_PP;
 313              		.loc 1 163 25 is_stmt 0 view .LVU86
 314 00a2 0323     		movs	r3, #3
 168:Src/stm32f0xx_hal_msp.c **** 
 315              		.loc 1 168 5 view .LVU87
 316 00a4 C005     		lsls	r0, r0, #23
 163:Src/stm32f0xx_hal_msp.c ****     GPIO_InitStruct.Mode = GPIO_MODE_AF_PP;
 317              		.loc 1 163 25 view .LVU88
 318 00a6 0793     		str	r3, [sp, #28]
 164:Src/stm32f0xx_hal_msp.c ****     GPIO_InitStruct.Pull = GPIO_NOPULL;
 319              		.loc 1 164 5 is_stmt 1 view .LVU89
 166:Src/stm32f0xx_hal_msp.c ****     GPIO_InitStruct.Alternate = GPIO_AF4_USART4;
 320              		.loc 1 166 27 is_stmt 0 view .LVU90
 321 00a8 0A93     		str	r3, [sp, #40]
 168:Src/stm32f0xx_hal_msp.c **** 
 322              		.loc 1 168 5 view .LVU91
 323 00aa 07A9     		add	r1, sp, #28
 167:Src/stm32f0xx_hal_msp.c ****     HAL_GPIO_Init(GPIOA, &GPIO_InitStruct);
 324              		.loc 1 167 31 view .LVU92
 325 00ac 0133     		adds	r3, r3, #1
 164:Src/stm32f0xx_hal_msp.c ****     GPIO_InitStruct.Pull = GPIO_NOPULL;
 326              		.loc 1 164 26 view .LVU93
 327 00ae 0892     		str	r2, [sp, #32]
 165:Src/stm32f0xx_hal_msp.c ****     GPIO_InitStruct.Speed = GPIO_SPEED_FREQ_HIGH;
 328              		.loc 1 165 5 is_stmt 1 view .LVU94
 166:Src/stm32f0xx_hal_msp.c ****     GPIO_InitStruct.Alternate = GPIO_AF4_USART4;
 329              		.loc 1 166 5 view .LVU95
 167:Src/stm32f0xx_hal_msp.c ****     HAL_GPIO_Init(GPIOA, &GPIO_InitStruct);
 330              		.loc 1 167 5 view .LVU96
 167:Src/stm32f0xx_hal_msp.c ****     HAL_GPIO_Init(GPIOA, &GPIO_InitStruct);
 331              		.loc 1 167 31 is_stmt 0 view .LVU97
ARM GAS  /tmp/ccluu6eD.s 			page 12


 332 00b0 0B93     		str	r3, [sp, #44]
 168:Src/stm32f0xx_hal_msp.c **** 
 333              		.loc 1 168 5 is_stmt 1 view .LVU98
 334 00b2 FFF7FEFF 		bl	HAL_GPIO_Init
 335              	.LVL9:
 172:Src/stm32f0xx_hal_msp.c ****     hdma_usart4_tx.Init.Direction = DMA_MEMORY_TO_PERIPH;
 336              		.loc 1 172 5 view .LVU99
 172:Src/stm32f0xx_hal_msp.c ****     hdma_usart4_tx.Init.Direction = DMA_MEMORY_TO_PERIPH;
 337              		.loc 1 172 29 is_stmt 0 view .LVU100
 338 00b6 2B4D     		ldr	r5, .L17+16
 339 00b8 2B4B     		ldr	r3, .L17+20
 175:Src/stm32f0xx_hal_msp.c ****     hdma_usart4_tx.Init.PeriphDataAlignment = DMA_PDATAALIGN_BYTE;
 340              		.loc 1 175 32 view .LVU101
 341 00ba 8022     		movs	r2, #128
 172:Src/stm32f0xx_hal_msp.c ****     hdma_usart4_tx.Init.Direction = DMA_MEMORY_TO_PERIPH;
 342              		.loc 1 172 29 view .LVU102
 343 00bc 2B60     		str	r3, [r5]
 173:Src/stm32f0xx_hal_msp.c ****     hdma_usart4_tx.Init.PeriphInc = DMA_PINC_DISABLE;
 344              		.loc 1 173 5 is_stmt 1 view .LVU103
 173:Src/stm32f0xx_hal_msp.c ****     hdma_usart4_tx.Init.PeriphInc = DMA_PINC_DISABLE;
 345              		.loc 1 173 35 is_stmt 0 view .LVU104
 346 00be 1023     		movs	r3, #16
 347 00c0 6B60     		str	r3, [r5, #4]
 174:Src/stm32f0xx_hal_msp.c ****     hdma_usart4_tx.Init.MemInc = DMA_MINC_ENABLE;
 348              		.loc 1 174 5 is_stmt 1 view .LVU105
 174:Src/stm32f0xx_hal_msp.c ****     hdma_usart4_tx.Init.MemInc = DMA_MINC_ENABLE;
 349              		.loc 1 174 35 is_stmt 0 view .LVU106
 350 00c2 0023     		movs	r3, #0
 180:Src/stm32f0xx_hal_msp.c ****     {
 351              		.loc 1 180 9 view .LVU107
 352 00c4 2800     		movs	r0, r5
 174:Src/stm32f0xx_hal_msp.c ****     hdma_usart4_tx.Init.MemInc = DMA_MINC_ENABLE;
 353              		.loc 1 174 35 view .LVU108
 354 00c6 AB60     		str	r3, [r5, #8]
 175:Src/stm32f0xx_hal_msp.c ****     hdma_usart4_tx.Init.PeriphDataAlignment = DMA_PDATAALIGN_BYTE;
 355              		.loc 1 175 5 is_stmt 1 view .LVU109
 175:Src/stm32f0xx_hal_msp.c ****     hdma_usart4_tx.Init.PeriphDataAlignment = DMA_PDATAALIGN_BYTE;
 356              		.loc 1 175 32 is_stmt 0 view .LVU110
 357 00c8 EA60     		str	r2, [r5, #12]
 176:Src/stm32f0xx_hal_msp.c ****     hdma_usart4_tx.Init.MemDataAlignment = DMA_MDATAALIGN_BYTE;
 358              		.loc 1 176 5 is_stmt 1 view .LVU111
 176:Src/stm32f0xx_hal_msp.c ****     hdma_usart4_tx.Init.MemDataAlignment = DMA_MDATAALIGN_BYTE;
 359              		.loc 1 176 45 is_stmt 0 view .LVU112
 360 00ca 2B61     		str	r3, [r5, #16]
 177:Src/stm32f0xx_hal_msp.c ****     hdma_usart4_tx.Init.Mode = DMA_NORMAL;
 361              		.loc 1 177 5 is_stmt 1 view .LVU113
 177:Src/stm32f0xx_hal_msp.c ****     hdma_usart4_tx.Init.Mode = DMA_NORMAL;
 362              		.loc 1 177 42 is_stmt 0 view .LVU114
 363 00cc 6B61     		str	r3, [r5, #20]
 178:Src/stm32f0xx_hal_msp.c ****     hdma_usart4_tx.Init.Priority = DMA_PRIORITY_LOW;
 364              		.loc 1 178 5 is_stmt 1 view .LVU115
 178:Src/stm32f0xx_hal_msp.c ****     hdma_usart4_tx.Init.Priority = DMA_PRIORITY_LOW;
 365              		.loc 1 178 30 is_stmt 0 view .LVU116
 366 00ce AB61     		str	r3, [r5, #24]
 179:Src/stm32f0xx_hal_msp.c ****     if (HAL_DMA_Init(&hdma_usart4_tx) != HAL_OK)
 367              		.loc 1 179 5 is_stmt 1 view .LVU117
 179:Src/stm32f0xx_hal_msp.c ****     if (HAL_DMA_Init(&hdma_usart4_tx) != HAL_OK)
ARM GAS  /tmp/ccluu6eD.s 			page 13


 368              		.loc 1 179 34 is_stmt 0 view .LVU118
 369 00d0 EB61     		str	r3, [r5, #28]
 180:Src/stm32f0xx_hal_msp.c ****     {
 370              		.loc 1 180 5 is_stmt 1 view .LVU119
 180:Src/stm32f0xx_hal_msp.c ****     {
 371              		.loc 1 180 9 is_stmt 0 view .LVU120
 372 00d2 FFF7FEFF 		bl	HAL_DMA_Init
 373              	.LVL10:
 180:Src/stm32f0xx_hal_msp.c ****     {
 374              		.loc 1 180 8 view .LVU121
 375 00d6 0028     		cmp	r0, #0
 376 00d8 39D1     		bne	.L16
 377              	.L9:
 185:Src/stm32f0xx_hal_msp.c **** 
 378              		.loc 1 185 5 is_stmt 1 view .LVU122
 185:Src/stm32f0xx_hal_msp.c **** 
 379              		.loc 1 185 5 view .LVU123
 185:Src/stm32f0xx_hal_msp.c **** 
 380              		.loc 1 185 5 view .LVU124
 381 00da A823     		movs	r3, #168
 382 00dc F020     		movs	r0, #240
 383 00de 234A     		ldr	r2, .L17+24
 384 00e0 D158     		ldr	r1, [r2, r3]
 385 00e2 8143     		bics	r1, r0
 386 00e4 D150     		str	r1, [r2, r3]
 185:Src/stm32f0xx_hal_msp.c **** 
 387              		.loc 1 185 5 view .LVU125
 388 00e6 D158     		ldr	r1, [r2, r3]
 389 00e8 4038     		subs	r0, r0, #64
 390 00ea 0143     		orrs	r1, r0
 391 00ec D150     		str	r1, [r2, r3]
 187:Src/stm32f0xx_hal_msp.c **** 
 392              		.loc 1 187 5 view .LVU126
 187:Src/stm32f0xx_hal_msp.c **** 
 393              		.loc 1 187 5 view .LVU127
 190:Src/stm32f0xx_hal_msp.c ****     HAL_NVIC_EnableIRQ(USART3_8_IRQn);
 394              		.loc 1 190 5 is_stmt 0 view .LVU128
 395 00ee 9338     		subs	r0, r0, #147
 187:Src/stm32f0xx_hal_msp.c **** 
 396              		.loc 1 187 5 view .LVU129
 397 00f0 2566     		str	r5, [r4, #96]
 187:Src/stm32f0xx_hal_msp.c **** 
 398              		.loc 1 187 5 is_stmt 1 view .LVU130
 190:Src/stm32f0xx_hal_msp.c ****     HAL_NVIC_EnableIRQ(USART3_8_IRQn);
 399              		.loc 1 190 5 is_stmt 0 view .LVU131
 400 00f2 0022     		movs	r2, #0
 401 00f4 0321     		movs	r1, #3
 187:Src/stm32f0xx_hal_msp.c **** 
 402              		.loc 1 187 5 view .LVU132
 403 00f6 6C62     		str	r4, [r5, #36]
 190:Src/stm32f0xx_hal_msp.c ****     HAL_NVIC_EnableIRQ(USART3_8_IRQn);
 404              		.loc 1 190 5 is_stmt 1 view .LVU133
 405 00f8 FFF7FEFF 		bl	HAL_NVIC_SetPriority
 406              	.LVL11:
 191:Src/stm32f0xx_hal_msp.c ****   /* USER CODE BEGIN USART4_MspInit 1 */
 407              		.loc 1 191 5 view .LVU134
 408 00fc 1D20     		movs	r0, #29
ARM GAS  /tmp/ccluu6eD.s 			page 14


 409 00fe FFF7FEFF 		bl	HAL_NVIC_EnableIRQ
 410              	.LVL12:
 411 0102 90E7     		b	.L5
 412              	.L15:
 202:Src/stm32f0xx_hal_msp.c ****   
 413              		.loc 1 202 5 view .LVU135
 414              	.LBB24:
 202:Src/stm32f0xx_hal_msp.c ****   
 415              		.loc 1 202 5 view .LVU136
 202:Src/stm32f0xx_hal_msp.c ****   
 416              		.loc 1 202 5 view .LVU137
 417 0104 2022     		movs	r2, #32
 418 0106 164B     		ldr	r3, .L17+12
 419              	.LBE24:
 214:Src/stm32f0xx_hal_msp.c **** 
 420              		.loc 1 214 5 is_stmt 0 view .LVU138
 421 0108 1948     		ldr	r0, .L17+28
 422              	.LBB25:
 202:Src/stm32f0xx_hal_msp.c ****   
 423              		.loc 1 202 5 view .LVU139
 424 010a 9969     		ldr	r1, [r3, #24]
 425 010c 1143     		orrs	r1, r2
 426 010e 9961     		str	r1, [r3, #24]
 202:Src/stm32f0xx_hal_msp.c ****   
 427              		.loc 1 202 5 is_stmt 1 view .LVU140
 428 0110 9969     		ldr	r1, [r3, #24]
 429 0112 0A40     		ands	r2, r1
 430              	.LBE25:
 431              	.LBB26:
 204:Src/stm32f0xx_hal_msp.c ****     /**USART6 GPIO Configuration    
 432              		.loc 1 204 5 is_stmt 0 view .LVU141
 433 0114 8021     		movs	r1, #128
 434              	.LBE26:
 435              	.LBB27:
 202:Src/stm32f0xx_hal_msp.c ****   
 436              		.loc 1 202 5 view .LVU142
 437 0116 0592     		str	r2, [sp, #20]
 202:Src/stm32f0xx_hal_msp.c ****   
 438              		.loc 1 202 5 is_stmt 1 view .LVU143
 439 0118 059A     		ldr	r2, [sp, #20]
 440              	.LBE27:
 204:Src/stm32f0xx_hal_msp.c ****     /**USART6 GPIO Configuration    
 441              		.loc 1 204 5 view .LVU144
 442              	.LBB28:
 204:Src/stm32f0xx_hal_msp.c ****     /**USART6 GPIO Configuration    
 443              		.loc 1 204 5 view .LVU145
 204:Src/stm32f0xx_hal_msp.c ****     /**USART6 GPIO Configuration    
 444              		.loc 1 204 5 view .LVU146
 445 011a 5A69     		ldr	r2, [r3, #20]
 446 011c 0903     		lsls	r1, r1, #12
 447 011e 0A43     		orrs	r2, r1
 448 0120 5A61     		str	r2, [r3, #20]
 204:Src/stm32f0xx_hal_msp.c ****     /**USART6 GPIO Configuration    
 449              		.loc 1 204 5 view .LVU147
 450 0122 5B69     		ldr	r3, [r3, #20]
 451              	.LBE28:
 209:Src/stm32f0xx_hal_msp.c ****     GPIO_InitStruct.Mode = GPIO_MODE_AF_PP;
ARM GAS  /tmp/ccluu6eD.s 			page 15


 452              		.loc 1 209 25 is_stmt 0 view .LVU148
 453 0124 0322     		movs	r2, #3
 454              	.LBB29:
 204:Src/stm32f0xx_hal_msp.c ****     /**USART6 GPIO Configuration    
 455              		.loc 1 204 5 view .LVU149
 456 0126 0B40     		ands	r3, r1
 457 0128 0693     		str	r3, [sp, #24]
 204:Src/stm32f0xx_hal_msp.c ****     /**USART6 GPIO Configuration    
 458              		.loc 1 204 5 is_stmt 1 view .LVU150
 459 012a 069B     		ldr	r3, [sp, #24]
 460              	.LBE29:
 209:Src/stm32f0xx_hal_msp.c ****     GPIO_InitStruct.Mode = GPIO_MODE_AF_PP;
 461              		.loc 1 209 5 view .LVU151
 210:Src/stm32f0xx_hal_msp.c ****     GPIO_InitStruct.Pull = GPIO_NOPULL;
 462              		.loc 1 210 26 is_stmt 0 view .LVU152
 463 012c 0223     		movs	r3, #2
 214:Src/stm32f0xx_hal_msp.c **** 
 464              		.loc 1 214 5 view .LVU153
 465 012e 07A9     		add	r1, sp, #28
 209:Src/stm32f0xx_hal_msp.c ****     GPIO_InitStruct.Mode = GPIO_MODE_AF_PP;
 466              		.loc 1 209 25 view .LVU154
 467 0130 0792     		str	r2, [sp, #28]
 210:Src/stm32f0xx_hal_msp.c ****     GPIO_InitStruct.Pull = GPIO_NOPULL;
 468              		.loc 1 210 5 is_stmt 1 view .LVU155
 210:Src/stm32f0xx_hal_msp.c ****     GPIO_InitStruct.Pull = GPIO_NOPULL;
 469              		.loc 1 210 26 is_stmt 0 view .LVU156
 470 0132 0893     		str	r3, [sp, #32]
 211:Src/stm32f0xx_hal_msp.c ****     GPIO_InitStruct.Speed = GPIO_SPEED_FREQ_HIGH;
 471              		.loc 1 211 5 is_stmt 1 view .LVU157
 212:Src/stm32f0xx_hal_msp.c ****     GPIO_InitStruct.Alternate = GPIO_AF2_USART6;
 472              		.loc 1 212 5 view .LVU158
 212:Src/stm32f0xx_hal_msp.c ****     GPIO_InitStruct.Alternate = GPIO_AF2_USART6;
 473              		.loc 1 212 27 is_stmt 0 view .LVU159
 474 0134 0A92     		str	r2, [sp, #40]
 213:Src/stm32f0xx_hal_msp.c ****     HAL_GPIO_Init(GPIOC, &GPIO_InitStruct);
 475              		.loc 1 213 5 is_stmt 1 view .LVU160
 213:Src/stm32f0xx_hal_msp.c ****     HAL_GPIO_Init(GPIOC, &GPIO_InitStruct);
 476              		.loc 1 213 31 is_stmt 0 view .LVU161
 477 0136 0B93     		str	r3, [sp, #44]
 214:Src/stm32f0xx_hal_msp.c **** 
 478              		.loc 1 214 5 is_stmt 1 view .LVU162
 479 0138 FFF7FEFF 		bl	HAL_GPIO_Init
 480              	.LVL13:
 217:Src/stm32f0xx_hal_msp.c ****     HAL_NVIC_EnableIRQ(USART3_8_IRQn);
 481              		.loc 1 217 5 view .LVU163
 482 013c 0022     		movs	r2, #0
 483 013e 0321     		movs	r1, #3
 484 0140 1D20     		movs	r0, #29
 485 0142 FFF7FEFF 		bl	HAL_NVIC_SetPriority
 486              	.LVL14:
 218:Src/stm32f0xx_hal_msp.c ****   /* USER CODE BEGIN USART6_MspInit 1 */
 487              		.loc 1 218 5 view .LVU164
 488 0146 1D20     		movs	r0, #29
 489 0148 FFF7FEFF 		bl	HAL_NVIC_EnableIRQ
 490              	.LVL15:
 491              		.loc 1 224 1 is_stmt 0 view .LVU165
 492 014c 6BE7     		b	.L5
ARM GAS  /tmp/ccluu6eD.s 			page 16


 493              	.L16:
 182:Src/stm32f0xx_hal_msp.c ****     }
 494              		.loc 1 182 7 is_stmt 1 view .LVU166
 495 014e FFF7FEFF 		bl	Error_Handler
 496              	.LVL16:
 497 0152 C2E7     		b	.L9
 498              	.L18:
 499              		.align	2
 500              	.L17:
 501 0154 00440040 		.word	1073759232
 502 0158 004C0040 		.word	1073761280
 503 015c 00140140 		.word	1073812480
 504 0160 00100240 		.word	1073876992
 505 0164 00000000 		.word	hdma_usart4_tx
 506 0168 1C000240 		.word	1073872924
 507 016c 00000240 		.word	1073872896
 508 0170 00080048 		.word	1207961600
 509              		.cfi_endproc
 510              	.LFE38:
 512              		.section	.text.HAL_UART_MspDeInit,"ax",%progbits
 513              		.align	1
 514              		.p2align 2,,3
 515              		.global	HAL_UART_MspDeInit
 516              		.syntax unified
 517              		.code	16
 518              		.thumb_func
 519              		.fpu softvfp
 521              	HAL_UART_MspDeInit:
 522              	.LVL17:
 523              	.LFB39:
 225:Src/stm32f0xx_hal_msp.c **** 
 226:Src/stm32f0xx_hal_msp.c **** /**
 227:Src/stm32f0xx_hal_msp.c **** * @brief UART MSP De-Initialization
 228:Src/stm32f0xx_hal_msp.c **** * This function freeze the hardware resources used in this example
 229:Src/stm32f0xx_hal_msp.c **** * @param huart: UART handle pointer
 230:Src/stm32f0xx_hal_msp.c **** * @retval None
 231:Src/stm32f0xx_hal_msp.c **** */
 232:Src/stm32f0xx_hal_msp.c **** 
 233:Src/stm32f0xx_hal_msp.c **** void HAL_UART_MspDeInit(UART_HandleTypeDef* huart)
 234:Src/stm32f0xx_hal_msp.c **** {
 524              		.loc 1 234 1 view -0
 525              		.cfi_startproc
 526              		@ args = 0, pretend = 0, frame = 0
 527              		@ frame_needed = 0, uses_anonymous_args = 0
 235:Src/stm32f0xx_hal_msp.c **** 
 236:Src/stm32f0xx_hal_msp.c ****   if(huart->Instance==USART2)
 528              		.loc 1 236 3 view .LVU168
 529              		.loc 1 236 11 is_stmt 0 view .LVU169
 530 0000 0368     		ldr	r3, [r0]
 531              		.loc 1 236 5 view .LVU170
 532 0002 194A     		ldr	r2, .L26
 234:Src/stm32f0xx_hal_msp.c **** 
 533              		.loc 1 234 1 view .LVU171
 534 0004 10B5     		push	{r4, lr}
 535              	.LCFI4:
 536              		.cfi_def_cfa_offset 8
 537              		.cfi_offset 4, -8
ARM GAS  /tmp/ccluu6eD.s 			page 17


 538              		.cfi_offset 14, -4
 234:Src/stm32f0xx_hal_msp.c **** 
 539              		.loc 1 234 1 view .LVU172
 540 0006 0400     		movs	r4, r0
 541              		.loc 1 236 5 view .LVU173
 542 0008 9342     		cmp	r3, r2
 543 000a 06D0     		beq	.L23
 237:Src/stm32f0xx_hal_msp.c ****   {
 238:Src/stm32f0xx_hal_msp.c ****   /* USER CODE BEGIN USART2_MspDeInit 0 */
 239:Src/stm32f0xx_hal_msp.c **** 
 240:Src/stm32f0xx_hal_msp.c ****   /* USER CODE END USART2_MspDeInit 0 */
 241:Src/stm32f0xx_hal_msp.c ****     /* Peripheral clock disable */
 242:Src/stm32f0xx_hal_msp.c ****     __HAL_RCC_USART2_CLK_DISABLE();
 243:Src/stm32f0xx_hal_msp.c ****   
 244:Src/stm32f0xx_hal_msp.c ****     /**USART2 GPIO Configuration    
 245:Src/stm32f0xx_hal_msp.c ****     PA2     ------> USART2_TX
 246:Src/stm32f0xx_hal_msp.c ****     PA3     ------> USART2_RX 
 247:Src/stm32f0xx_hal_msp.c ****     */
 248:Src/stm32f0xx_hal_msp.c ****     HAL_GPIO_DeInit(GPIOA, GPIO_PIN_2|GPIO_PIN_3);
 249:Src/stm32f0xx_hal_msp.c **** 
 250:Src/stm32f0xx_hal_msp.c ****     /* USART2 interrupt DeInit */
 251:Src/stm32f0xx_hal_msp.c ****     HAL_NVIC_DisableIRQ(USART2_IRQn);
 252:Src/stm32f0xx_hal_msp.c ****   /* USER CODE BEGIN USART2_MspDeInit 1 */
 253:Src/stm32f0xx_hal_msp.c **** 
 254:Src/stm32f0xx_hal_msp.c ****   /* USER CODE END USART2_MspDeInit 1 */
 255:Src/stm32f0xx_hal_msp.c ****   }
 256:Src/stm32f0xx_hal_msp.c ****   else if(huart->Instance==USART4)
 544              		.loc 1 256 8 is_stmt 1 view .LVU174
 545              		.loc 1 256 10 is_stmt 0 view .LVU175
 546 000c 174A     		ldr	r2, .L26+4
 547 000e 9342     		cmp	r3, r2
 548 0010 11D0     		beq	.L24
 257:Src/stm32f0xx_hal_msp.c ****   {
 258:Src/stm32f0xx_hal_msp.c ****   /* USER CODE BEGIN USART4_MspDeInit 0 */
 259:Src/stm32f0xx_hal_msp.c **** 
 260:Src/stm32f0xx_hal_msp.c ****   /* USER CODE END USART4_MspDeInit 0 */
 261:Src/stm32f0xx_hal_msp.c ****     /* Peripheral clock disable */
 262:Src/stm32f0xx_hal_msp.c ****     __HAL_RCC_USART4_CLK_DISABLE();
 263:Src/stm32f0xx_hal_msp.c ****   
 264:Src/stm32f0xx_hal_msp.c ****     /**USART4 GPIO Configuration    
 265:Src/stm32f0xx_hal_msp.c ****     PA0     ------> USART4_TX
 266:Src/stm32f0xx_hal_msp.c ****     PA1     ------> USART4_RX 
 267:Src/stm32f0xx_hal_msp.c ****     */
 268:Src/stm32f0xx_hal_msp.c ****     HAL_GPIO_DeInit(GPIOA, CLI_TX_Pin|CLI_RT_Pin);
 269:Src/stm32f0xx_hal_msp.c **** 
 270:Src/stm32f0xx_hal_msp.c ****     /* USART4 DMA DeInit */
 271:Src/stm32f0xx_hal_msp.c ****     HAL_DMA_DeInit(huart->hdmatx);
 272:Src/stm32f0xx_hal_msp.c **** 
 273:Src/stm32f0xx_hal_msp.c ****     /* USART4 interrupt DeInit */
 274:Src/stm32f0xx_hal_msp.c ****   /* USER CODE BEGIN USART4:USART3_8_IRQn disable */
 275:Src/stm32f0xx_hal_msp.c ****     /**
 276:Src/stm32f0xx_hal_msp.c ****     * Uncomment the line below to disable the "USART3_8_IRQn" interrupt
 277:Src/stm32f0xx_hal_msp.c ****     * Be aware, disabling shared interrupt may affect other IPs
 278:Src/stm32f0xx_hal_msp.c ****     */
 279:Src/stm32f0xx_hal_msp.c ****     /* HAL_NVIC_DisableIRQ(USART3_8_IRQn); */
 280:Src/stm32f0xx_hal_msp.c ****   /* USER CODE END USART4:USART3_8_IRQn disable */
 281:Src/stm32f0xx_hal_msp.c **** 
ARM GAS  /tmp/ccluu6eD.s 			page 18


 282:Src/stm32f0xx_hal_msp.c ****   /* USER CODE BEGIN USART4_MspDeInit 1 */
 283:Src/stm32f0xx_hal_msp.c **** 
 284:Src/stm32f0xx_hal_msp.c ****   /* USER CODE END USART4_MspDeInit 1 */
 285:Src/stm32f0xx_hal_msp.c ****   }
 286:Src/stm32f0xx_hal_msp.c ****   else if(huart->Instance==USART6)
 549              		.loc 1 286 8 is_stmt 1 view .LVU176
 550              		.loc 1 286 10 is_stmt 0 view .LVU177
 551 0012 174A     		ldr	r2, .L26+8
 552 0014 9342     		cmp	r3, r2
 553 0016 1CD0     		beq	.L25
 554              	.LVL18:
 555              	.L19:
 287:Src/stm32f0xx_hal_msp.c ****   {
 288:Src/stm32f0xx_hal_msp.c ****   /* USER CODE BEGIN USART6_MspDeInit 0 */
 289:Src/stm32f0xx_hal_msp.c **** 
 290:Src/stm32f0xx_hal_msp.c ****   /* USER CODE END USART6_MspDeInit 0 */
 291:Src/stm32f0xx_hal_msp.c ****     /* Peripheral clock disable */
 292:Src/stm32f0xx_hal_msp.c ****     __HAL_RCC_USART6_CLK_DISABLE();
 293:Src/stm32f0xx_hal_msp.c ****   
 294:Src/stm32f0xx_hal_msp.c ****     /**USART6 GPIO Configuration    
 295:Src/stm32f0xx_hal_msp.c ****     PC0     ------> USART6_TX
 296:Src/stm32f0xx_hal_msp.c ****     PC1     ------> USART6_RX 
 297:Src/stm32f0xx_hal_msp.c ****     */
 298:Src/stm32f0xx_hal_msp.c ****     HAL_GPIO_DeInit(GPIOC, GPS_TX_Pin|GPS_RX_Pin);
 299:Src/stm32f0xx_hal_msp.c **** 
 300:Src/stm32f0xx_hal_msp.c ****     /* USART6 interrupt DeInit */
 301:Src/stm32f0xx_hal_msp.c ****   /* USER CODE BEGIN USART6:USART3_8_IRQn disable */
 302:Src/stm32f0xx_hal_msp.c ****     /**
 303:Src/stm32f0xx_hal_msp.c ****     * Uncomment the line below to disable the "USART3_8_IRQn" interrupt
 304:Src/stm32f0xx_hal_msp.c ****     * Be aware, disabling shared interrupt may affect other IPs
 305:Src/stm32f0xx_hal_msp.c ****     */
 306:Src/stm32f0xx_hal_msp.c ****     /* HAL_NVIC_DisableIRQ(USART3_8_IRQn); */
 307:Src/stm32f0xx_hal_msp.c ****   /* USER CODE END USART6:USART3_8_IRQn disable */
 308:Src/stm32f0xx_hal_msp.c **** 
 309:Src/stm32f0xx_hal_msp.c ****   /* USER CODE BEGIN USART6_MspDeInit 1 */
 310:Src/stm32f0xx_hal_msp.c **** 
 311:Src/stm32f0xx_hal_msp.c ****   /* USER CODE END USART6_MspDeInit 1 */
 312:Src/stm32f0xx_hal_msp.c ****   }
 313:Src/stm32f0xx_hal_msp.c **** 
 314:Src/stm32f0xx_hal_msp.c **** }
 556              		.loc 1 314 1 view .LVU178
 557              		@ sp needed
 558              	.LVL19:
 559              		.loc 1 314 1 view .LVU179
 560 0018 10BD     		pop	{r4, pc}
 561              	.LVL20:
 562              	.L23:
 242:Src/stm32f0xx_hal_msp.c ****   
 563              		.loc 1 242 5 is_stmt 1 view .LVU180
 248:Src/stm32f0xx_hal_msp.c **** 
 564              		.loc 1 248 5 is_stmt 0 view .LVU181
 565 001a 9020     		movs	r0, #144
 566              	.LVL21:
 242:Src/stm32f0xx_hal_msp.c ****   
 567              		.loc 1 242 5 view .LVU182
 568 001c 154A     		ldr	r2, .L26+12
 569 001e 1649     		ldr	r1, .L26+16
ARM GAS  /tmp/ccluu6eD.s 			page 19


 570 0020 D369     		ldr	r3, [r2, #28]
 248:Src/stm32f0xx_hal_msp.c **** 
 571              		.loc 1 248 5 view .LVU183
 572 0022 C005     		lsls	r0, r0, #23
 242:Src/stm32f0xx_hal_msp.c ****   
 573              		.loc 1 242 5 view .LVU184
 574 0024 0B40     		ands	r3, r1
 575 0026 D361     		str	r3, [r2, #28]
 248:Src/stm32f0xx_hal_msp.c **** 
 576              		.loc 1 248 5 is_stmt 1 view .LVU185
 577 0028 0C21     		movs	r1, #12
 578 002a FFF7FEFF 		bl	HAL_GPIO_DeInit
 579              	.LVL22:
 251:Src/stm32f0xx_hal_msp.c ****   /* USER CODE BEGIN USART2_MspDeInit 1 */
 580              		.loc 1 251 5 view .LVU186
 581 002e 1C20     		movs	r0, #28
 582 0030 FFF7FEFF 		bl	HAL_NVIC_DisableIRQ
 583              	.LVL23:
 584 0034 F0E7     		b	.L19
 585              	.LVL24:
 586              	.L24:
 262:Src/stm32f0xx_hal_msp.c ****   
 587              		.loc 1 262 5 view .LVU187
 268:Src/stm32f0xx_hal_msp.c **** 
 588              		.loc 1 268 5 is_stmt 0 view .LVU188
 589 0036 9020     		movs	r0, #144
 590              	.LVL25:
 262:Src/stm32f0xx_hal_msp.c ****   
 591              		.loc 1 262 5 view .LVU189
 592 0038 0E4A     		ldr	r2, .L26+12
 593 003a 1049     		ldr	r1, .L26+20
 594 003c D369     		ldr	r3, [r2, #28]
 268:Src/stm32f0xx_hal_msp.c **** 
 595              		.loc 1 268 5 view .LVU190
 596 003e C005     		lsls	r0, r0, #23
 262:Src/stm32f0xx_hal_msp.c ****   
 597              		.loc 1 262 5 view .LVU191
 598 0040 0B40     		ands	r3, r1
 599 0042 D361     		str	r3, [r2, #28]
 268:Src/stm32f0xx_hal_msp.c **** 
 600              		.loc 1 268 5 is_stmt 1 view .LVU192
 601 0044 0321     		movs	r1, #3
 602 0046 FFF7FEFF 		bl	HAL_GPIO_DeInit
 603              	.LVL26:
 271:Src/stm32f0xx_hal_msp.c **** 
 604              		.loc 1 271 5 view .LVU193
 605 004a 206E     		ldr	r0, [r4, #96]
 606 004c FFF7FEFF 		bl	HAL_DMA_DeInit
 607              	.LVL27:
 608 0050 E2E7     		b	.L19
 609              	.LVL28:
 610              	.L25:
 292:Src/stm32f0xx_hal_msp.c ****   
 611              		.loc 1 292 5 view .LVU194
 612 0052 2021     		movs	r1, #32
 613 0054 074A     		ldr	r2, .L26+12
 298:Src/stm32f0xx_hal_msp.c **** 
ARM GAS  /tmp/ccluu6eD.s 			page 20


 614              		.loc 1 298 5 is_stmt 0 view .LVU195
 615 0056 0A48     		ldr	r0, .L26+24
 616              	.LVL29:
 292:Src/stm32f0xx_hal_msp.c ****   
 617              		.loc 1 292 5 view .LVU196
 618 0058 9369     		ldr	r3, [r2, #24]
 619 005a 8B43     		bics	r3, r1
 620 005c 9361     		str	r3, [r2, #24]
 298:Src/stm32f0xx_hal_msp.c **** 
 621              		.loc 1 298 5 is_stmt 1 view .LVU197
 622 005e 1D39     		subs	r1, r1, #29
 623 0060 FFF7FEFF 		bl	HAL_GPIO_DeInit
 624              	.LVL30:
 625              		.loc 1 314 1 is_stmt 0 view .LVU198
 626 0064 D8E7     		b	.L19
 627              	.L27:
 628 0066 C046     		.align	2
 629              	.L26:
 630 0068 00440040 		.word	1073759232
 631 006c 004C0040 		.word	1073761280
 632 0070 00140140 		.word	1073812480
 633 0074 00100240 		.word	1073876992
 634 0078 FFFFFDFF 		.word	-131073
 635 007c FFFFF7FF 		.word	-524289
 636 0080 00080048 		.word	1207961600
 637              		.cfi_endproc
 638              	.LFE39:
 640              		.text
 641              	.Letext0:
 642              		.file 2 "/usr/lib/gcc/arm-none-eabi/8.2018.q4/arm-none-eabi/include/machine/_default_types.h"
 643              		.file 3 "/usr/lib/gcc/arm-none-eabi/8.2018.q4/arm-none-eabi/include/sys/_stdint.h"
 644              		.file 4 "Drivers/CMSIS/Device/ST/STM32F0xx/Include/system_stm32f0xx.h"
 645              		.file 5 "Drivers/CMSIS/Device/ST/STM32F0xx/Include/stm32f091xc.h"
 646              		.file 6 "/usr/lib/gcc/arm-none-eabi/8.2018.q4/arm-none-eabi/include/sys/lock.h"
 647              		.file 7 "/usr/lib/gcc/arm-none-eabi/8.2018.q4/arm-none-eabi/include/sys/_types.h"
 648              		.file 8 "/usr/lib/gcc/arm-none-eabi/8.2018.q4/lib/gcc/arm-none-eabi/8.2.1/include/stddef.h"
 649              		.file 9 "/usr/lib/gcc/arm-none-eabi/8.2018.q4/arm-none-eabi/include/sys/reent.h"
 650              		.file 10 "Drivers/STM32F0xx_HAL_Driver/Inc/stm32f0xx_hal_def.h"
 651              		.file 11 "Drivers/STM32F0xx_HAL_Driver/Inc/stm32f0xx_hal_gpio.h"
 652              		.file 12 "Drivers/STM32F0xx_HAL_Driver/Inc/stm32f0xx_hal_dma.h"
 653              		.file 13 "Drivers/STM32F0xx_HAL_Driver/Inc/stm32f0xx_hal_uart.h"
 654              		.file 14 "Drivers/STM32F0xx_HAL_Driver/Inc/stm32f0xx_hal_cortex.h"
 655              		.file 15 "Inc/main.h"
 656              		.file 16 "<built-in>"
ARM GAS  /tmp/ccluu6eD.s 			page 21


DEFINED SYMBOLS
                            *ABS*:0000000000000000 stm32f0xx_hal_msp.c
     /tmp/ccluu6eD.s:16     .text.HAL_MspInit:0000000000000000 $t
     /tmp/ccluu6eD.s:25     .text.HAL_MspInit:0000000000000000 HAL_MspInit
     /tmp/ccluu6eD.s:111    .text.HAL_MspInit:0000000000000038 $d
     /tmp/ccluu6eD.s:116    .text.HAL_UART_MspInit:0000000000000000 $t
     /tmp/ccluu6eD.s:124    .text.HAL_UART_MspInit:0000000000000000 HAL_UART_MspInit
     /tmp/ccluu6eD.s:501    .text.HAL_UART_MspInit:0000000000000154 $d
     /tmp/ccluu6eD.s:513    .text.HAL_UART_MspDeInit:0000000000000000 $t
     /tmp/ccluu6eD.s:521    .text.HAL_UART_MspDeInit:0000000000000000 HAL_UART_MspDeInit
     /tmp/ccluu6eD.s:630    .text.HAL_UART_MspDeInit:0000000000000068 $d

UNDEFINED SYMBOLS
HAL_NVIC_SetPriority
memset
HAL_GPIO_Init
HAL_NVIC_EnableIRQ
HAL_DMA_Init
Error_Handler
hdma_usart4_tx
HAL_GPIO_DeInit
HAL_NVIC_DisableIRQ
HAL_DMA_DeInit
