ARM GAS  /tmp/ccWPuuHw.s 			page 1


   1              		.cpu cortex-m0
   2              		.eabi_attribute 20, 1
   3              		.eabi_attribute 21, 1
   4              		.eabi_attribute 23, 3
   5              		.eabi_attribute 24, 1
   6              		.eabi_attribute 25, 1
   7              		.eabi_attribute 26, 1
   8              		.eabi_attribute 30, 2
   9              		.eabi_attribute 34, 0
  10              		.eabi_attribute 18, 4
  11              		.file	"stm32f0xx_hal.c"
  12              		.text
  13              	.Ltext0:
  14              		.cfi_sections	.debug_frame
  15              		.section	.text.HAL_MspInit,"ax",%progbits
  16              		.align	1
  17              		.p2align 2,,3
  18              		.weak	HAL_MspInit
  19              		.arch armv6s-m
  20              		.syntax unified
  21              		.code	16
  22              		.thumb_func
  23              		.fpu softvfp
  25              	HAL_MspInit:
  26              	.LFB39:
  27              		.file 1 "Drivers/STM32F0xx_HAL_Driver/Src/stm32f0xx_hal.c"
   1:Drivers/STM32F0xx_HAL_Driver/Src/stm32f0xx_hal.c **** /**
   2:Drivers/STM32F0xx_HAL_Driver/Src/stm32f0xx_hal.c ****   ******************************************************************************
   3:Drivers/STM32F0xx_HAL_Driver/Src/stm32f0xx_hal.c ****   * @file    stm32f0xx_hal.c
   4:Drivers/STM32F0xx_HAL_Driver/Src/stm32f0xx_hal.c ****   * @author  MCD Application Team
   5:Drivers/STM32F0xx_HAL_Driver/Src/stm32f0xx_hal.c ****   * @brief   HAL module driver.
   6:Drivers/STM32F0xx_HAL_Driver/Src/stm32f0xx_hal.c ****   *          This is the common part of the HAL initialization
   7:Drivers/STM32F0xx_HAL_Driver/Src/stm32f0xx_hal.c ****   *
   8:Drivers/STM32F0xx_HAL_Driver/Src/stm32f0xx_hal.c ****   @verbatim
   9:Drivers/STM32F0xx_HAL_Driver/Src/stm32f0xx_hal.c ****   ==============================================================================
  10:Drivers/STM32F0xx_HAL_Driver/Src/stm32f0xx_hal.c ****                      ##### How to use this driver #####
  11:Drivers/STM32F0xx_HAL_Driver/Src/stm32f0xx_hal.c ****   ==============================================================================
  12:Drivers/STM32F0xx_HAL_Driver/Src/stm32f0xx_hal.c ****     [..]
  13:Drivers/STM32F0xx_HAL_Driver/Src/stm32f0xx_hal.c ****     The common HAL driver contains a set of generic and common APIs that can be
  14:Drivers/STM32F0xx_HAL_Driver/Src/stm32f0xx_hal.c ****     used by the PPP peripheral drivers and the user to start using the HAL. 
  15:Drivers/STM32F0xx_HAL_Driver/Src/stm32f0xx_hal.c ****     [..]
  16:Drivers/STM32F0xx_HAL_Driver/Src/stm32f0xx_hal.c ****     The HAL contains two APIs categories:
  17:Drivers/STM32F0xx_HAL_Driver/Src/stm32f0xx_hal.c ****          (+) HAL Initialization and de-initialization functions
  18:Drivers/STM32F0xx_HAL_Driver/Src/stm32f0xx_hal.c ****          (+) HAL Control functions
  19:Drivers/STM32F0xx_HAL_Driver/Src/stm32f0xx_hal.c **** 
  20:Drivers/STM32F0xx_HAL_Driver/Src/stm32f0xx_hal.c ****   @endverbatim
  21:Drivers/STM32F0xx_HAL_Driver/Src/stm32f0xx_hal.c ****   ******************************************************************************
  22:Drivers/STM32F0xx_HAL_Driver/Src/stm32f0xx_hal.c ****   * @attention
  23:Drivers/STM32F0xx_HAL_Driver/Src/stm32f0xx_hal.c ****   *
  24:Drivers/STM32F0xx_HAL_Driver/Src/stm32f0xx_hal.c ****   * <h2><center>&copy; COPYRIGHT(c) 2016 STMicroelectronics</center></h2>
  25:Drivers/STM32F0xx_HAL_Driver/Src/stm32f0xx_hal.c ****   *
  26:Drivers/STM32F0xx_HAL_Driver/Src/stm32f0xx_hal.c ****   * Redistribution and use in source and binary forms, with or without modification,
  27:Drivers/STM32F0xx_HAL_Driver/Src/stm32f0xx_hal.c ****   * are permitted provided that the following conditions are met:
  28:Drivers/STM32F0xx_HAL_Driver/Src/stm32f0xx_hal.c ****   *   1. Redistributions of source code must retain the above copyright notice,
  29:Drivers/STM32F0xx_HAL_Driver/Src/stm32f0xx_hal.c ****   *      this list of conditions and the following disclaimer.
  30:Drivers/STM32F0xx_HAL_Driver/Src/stm32f0xx_hal.c ****   *   2. Redistributions in binary form must reproduce the above copyright notice,
  31:Drivers/STM32F0xx_HAL_Driver/Src/stm32f0xx_hal.c ****   *      this list of conditions and the following disclaimer in the documentation
ARM GAS  /tmp/ccWPuuHw.s 			page 2


  32:Drivers/STM32F0xx_HAL_Driver/Src/stm32f0xx_hal.c ****   *      and/or other materials provided with the distribution.
  33:Drivers/STM32F0xx_HAL_Driver/Src/stm32f0xx_hal.c ****   *   3. Neither the name of STMicroelectronics nor the names of its contributors
  34:Drivers/STM32F0xx_HAL_Driver/Src/stm32f0xx_hal.c ****   *      may be used to endorse or promote products derived from this software
  35:Drivers/STM32F0xx_HAL_Driver/Src/stm32f0xx_hal.c ****   *      without specific prior written permission.
  36:Drivers/STM32F0xx_HAL_Driver/Src/stm32f0xx_hal.c ****   *
  37:Drivers/STM32F0xx_HAL_Driver/Src/stm32f0xx_hal.c ****   * THIS SOFTWARE IS PROVIDED BY THE COPYRIGHT HOLDERS AND CONTRIBUTORS "AS IS"
  38:Drivers/STM32F0xx_HAL_Driver/Src/stm32f0xx_hal.c ****   * AND ANY EXPRESS OR IMPLIED WARRANTIES, INCLUDING, BUT NOT LIMITED TO, THE
  39:Drivers/STM32F0xx_HAL_Driver/Src/stm32f0xx_hal.c ****   * IMPLIED WARRANTIES OF MERCHANTABILITY AND FITNESS FOR A PARTICULAR PURPOSE ARE
  40:Drivers/STM32F0xx_HAL_Driver/Src/stm32f0xx_hal.c ****   * DISCLAIMED. IN NO EVENT SHALL THE COPYRIGHT HOLDER OR CONTRIBUTORS BE LIABLE
  41:Drivers/STM32F0xx_HAL_Driver/Src/stm32f0xx_hal.c ****   * FOR ANY DIRECT, INDIRECT, INCIDENTAL, SPECIAL, EXEMPLARY, OR CONSEQUENTIAL
  42:Drivers/STM32F0xx_HAL_Driver/Src/stm32f0xx_hal.c ****   * DAMAGES (INCLUDING, BUT NOT LIMITED TO, PROCUREMENT OF SUBSTITUTE GOODS OR
  43:Drivers/STM32F0xx_HAL_Driver/Src/stm32f0xx_hal.c ****   * SERVICES; LOSS OF USE, DATA, OR PROFITS; OR BUSINESS INTERRUPTION) HOWEVER
  44:Drivers/STM32F0xx_HAL_Driver/Src/stm32f0xx_hal.c ****   * CAUSED AND ON ANY THEORY OF LIABILITY, WHETHER IN CONTRACT, STRICT LIABILITY,
  45:Drivers/STM32F0xx_HAL_Driver/Src/stm32f0xx_hal.c ****   * OR TORT (INCLUDING NEGLIGENCE OR OTHERWISE) ARISING IN ANY WAY OUT OF THE USE
  46:Drivers/STM32F0xx_HAL_Driver/Src/stm32f0xx_hal.c ****   * OF THIS SOFTWARE, EVEN IF ADVISED OF THE POSSIBILITY OF SUCH DAMAGE.
  47:Drivers/STM32F0xx_HAL_Driver/Src/stm32f0xx_hal.c ****   *
  48:Drivers/STM32F0xx_HAL_Driver/Src/stm32f0xx_hal.c ****   ******************************************************************************
  49:Drivers/STM32F0xx_HAL_Driver/Src/stm32f0xx_hal.c ****   */
  50:Drivers/STM32F0xx_HAL_Driver/Src/stm32f0xx_hal.c **** 
  51:Drivers/STM32F0xx_HAL_Driver/Src/stm32f0xx_hal.c **** /* Includes ------------------------------------------------------------------*/
  52:Drivers/STM32F0xx_HAL_Driver/Src/stm32f0xx_hal.c **** #include "stm32f0xx_hal.h"
  53:Drivers/STM32F0xx_HAL_Driver/Src/stm32f0xx_hal.c **** 
  54:Drivers/STM32F0xx_HAL_Driver/Src/stm32f0xx_hal.c **** /** @addtogroup STM32F0xx_HAL_Driver
  55:Drivers/STM32F0xx_HAL_Driver/Src/stm32f0xx_hal.c ****   * @{
  56:Drivers/STM32F0xx_HAL_Driver/Src/stm32f0xx_hal.c ****   */
  57:Drivers/STM32F0xx_HAL_Driver/Src/stm32f0xx_hal.c **** 
  58:Drivers/STM32F0xx_HAL_Driver/Src/stm32f0xx_hal.c **** /** @defgroup HAL HAL
  59:Drivers/STM32F0xx_HAL_Driver/Src/stm32f0xx_hal.c ****   * @brief HAL module driver.
  60:Drivers/STM32F0xx_HAL_Driver/Src/stm32f0xx_hal.c ****   * @{
  61:Drivers/STM32F0xx_HAL_Driver/Src/stm32f0xx_hal.c ****   */
  62:Drivers/STM32F0xx_HAL_Driver/Src/stm32f0xx_hal.c **** 
  63:Drivers/STM32F0xx_HAL_Driver/Src/stm32f0xx_hal.c **** #ifdef HAL_MODULE_ENABLED
  64:Drivers/STM32F0xx_HAL_Driver/Src/stm32f0xx_hal.c **** 
  65:Drivers/STM32F0xx_HAL_Driver/Src/stm32f0xx_hal.c **** /* Private typedef -----------------------------------------------------------*/
  66:Drivers/STM32F0xx_HAL_Driver/Src/stm32f0xx_hal.c **** /* Private define ------------------------------------------------------------*/
  67:Drivers/STM32F0xx_HAL_Driver/Src/stm32f0xx_hal.c **** /** @defgroup HAL_Private_Constants HAL Private Constants
  68:Drivers/STM32F0xx_HAL_Driver/Src/stm32f0xx_hal.c ****   * @{
  69:Drivers/STM32F0xx_HAL_Driver/Src/stm32f0xx_hal.c ****   */
  70:Drivers/STM32F0xx_HAL_Driver/Src/stm32f0xx_hal.c **** /** 
  71:Drivers/STM32F0xx_HAL_Driver/Src/stm32f0xx_hal.c ****   * @brief STM32F0xx HAL Driver version number V1.7.0
  72:Drivers/STM32F0xx_HAL_Driver/Src/stm32f0xx_hal.c ****   */
  73:Drivers/STM32F0xx_HAL_Driver/Src/stm32f0xx_hal.c **** #define __STM32F0xx_HAL_VERSION_MAIN   (0x01) /*!< [31:24] main version */
  74:Drivers/STM32F0xx_HAL_Driver/Src/stm32f0xx_hal.c **** #define __STM32F0xx_HAL_VERSION_SUB1   (0x07) /*!< [23:16] sub1 version */
  75:Drivers/STM32F0xx_HAL_Driver/Src/stm32f0xx_hal.c **** #define __STM32F0xx_HAL_VERSION_SUB2   (0x00) /*!< [15:8]  sub2 version */
  76:Drivers/STM32F0xx_HAL_Driver/Src/stm32f0xx_hal.c **** #define __STM32F0xx_HAL_VERSION_RC     (0x00) /*!< [7:0]  release candidate */ 
  77:Drivers/STM32F0xx_HAL_Driver/Src/stm32f0xx_hal.c **** #define __STM32F0xx_HAL_VERSION         ((__STM32F0xx_HAL_VERSION_MAIN << 24U)\
  78:Drivers/STM32F0xx_HAL_Driver/Src/stm32f0xx_hal.c ****                                         |(__STM32F0xx_HAL_VERSION_SUB1 << 16U)\
  79:Drivers/STM32F0xx_HAL_Driver/Src/stm32f0xx_hal.c ****                                         |(__STM32F0xx_HAL_VERSION_SUB2 << 8U )\
  80:Drivers/STM32F0xx_HAL_Driver/Src/stm32f0xx_hal.c ****                                         |(__STM32F0xx_HAL_VERSION_RC))
  81:Drivers/STM32F0xx_HAL_Driver/Src/stm32f0xx_hal.c **** 
  82:Drivers/STM32F0xx_HAL_Driver/Src/stm32f0xx_hal.c **** #define IDCODE_DEVID_MASK    (0x00000FFFU)
  83:Drivers/STM32F0xx_HAL_Driver/Src/stm32f0xx_hal.c **** /**
  84:Drivers/STM32F0xx_HAL_Driver/Src/stm32f0xx_hal.c ****   * @}
  85:Drivers/STM32F0xx_HAL_Driver/Src/stm32f0xx_hal.c ****   */
  86:Drivers/STM32F0xx_HAL_Driver/Src/stm32f0xx_hal.c **** 
  87:Drivers/STM32F0xx_HAL_Driver/Src/stm32f0xx_hal.c **** /* Private macro -------------------------------------------------------------*/
  88:Drivers/STM32F0xx_HAL_Driver/Src/stm32f0xx_hal.c **** /** @defgroup HAL_Private_Macros HAL Private Macros
ARM GAS  /tmp/ccWPuuHw.s 			page 3


  89:Drivers/STM32F0xx_HAL_Driver/Src/stm32f0xx_hal.c ****   * @{
  90:Drivers/STM32F0xx_HAL_Driver/Src/stm32f0xx_hal.c ****   */
  91:Drivers/STM32F0xx_HAL_Driver/Src/stm32f0xx_hal.c **** /**
  92:Drivers/STM32F0xx_HAL_Driver/Src/stm32f0xx_hal.c ****   * @}
  93:Drivers/STM32F0xx_HAL_Driver/Src/stm32f0xx_hal.c ****   */
  94:Drivers/STM32F0xx_HAL_Driver/Src/stm32f0xx_hal.c **** 
  95:Drivers/STM32F0xx_HAL_Driver/Src/stm32f0xx_hal.c **** /* Private variables ---------------------------------------------------------*/
  96:Drivers/STM32F0xx_HAL_Driver/Src/stm32f0xx_hal.c **** /** @defgroup HAL_Private_Variables HAL Private Variables
  97:Drivers/STM32F0xx_HAL_Driver/Src/stm32f0xx_hal.c ****   * @{
  98:Drivers/STM32F0xx_HAL_Driver/Src/stm32f0xx_hal.c ****   */
  99:Drivers/STM32F0xx_HAL_Driver/Src/stm32f0xx_hal.c **** __IO uint32_t uwTick;
 100:Drivers/STM32F0xx_HAL_Driver/Src/stm32f0xx_hal.c **** /**
 101:Drivers/STM32F0xx_HAL_Driver/Src/stm32f0xx_hal.c ****   * @}
 102:Drivers/STM32F0xx_HAL_Driver/Src/stm32f0xx_hal.c ****   */
 103:Drivers/STM32F0xx_HAL_Driver/Src/stm32f0xx_hal.c **** /* Private function prototypes -----------------------------------------------*/
 104:Drivers/STM32F0xx_HAL_Driver/Src/stm32f0xx_hal.c **** /* Exported functions ---------------------------------------------------------*/
 105:Drivers/STM32F0xx_HAL_Driver/Src/stm32f0xx_hal.c **** 
 106:Drivers/STM32F0xx_HAL_Driver/Src/stm32f0xx_hal.c **** /** @defgroup HAL_Exported_Functions HAL Exported Functions
 107:Drivers/STM32F0xx_HAL_Driver/Src/stm32f0xx_hal.c ****   * @{
 108:Drivers/STM32F0xx_HAL_Driver/Src/stm32f0xx_hal.c ****   */
 109:Drivers/STM32F0xx_HAL_Driver/Src/stm32f0xx_hal.c **** 
 110:Drivers/STM32F0xx_HAL_Driver/Src/stm32f0xx_hal.c **** /** @defgroup HAL_Exported_Functions_Group1 Initialization and de-initialization Functions 
 111:Drivers/STM32F0xx_HAL_Driver/Src/stm32f0xx_hal.c ****   * @brief    Initialization and de-initialization functions
 112:Drivers/STM32F0xx_HAL_Driver/Src/stm32f0xx_hal.c ****   *
 113:Drivers/STM32F0xx_HAL_Driver/Src/stm32f0xx_hal.c **** @verbatim
 114:Drivers/STM32F0xx_HAL_Driver/Src/stm32f0xx_hal.c ****  ===============================================================================
 115:Drivers/STM32F0xx_HAL_Driver/Src/stm32f0xx_hal.c ****               ##### Initialization and de-initialization functions #####
 116:Drivers/STM32F0xx_HAL_Driver/Src/stm32f0xx_hal.c ****  ===============================================================================
 117:Drivers/STM32F0xx_HAL_Driver/Src/stm32f0xx_hal.c ****    [..]  This section provides functions allowing to:
 118:Drivers/STM32F0xx_HAL_Driver/Src/stm32f0xx_hal.c ****       (+) Initializes the Flash interface, the NVIC allocation and initial clock 
 119:Drivers/STM32F0xx_HAL_Driver/Src/stm32f0xx_hal.c ****           configuration. It initializes the source of time base also when timeout 
 120:Drivers/STM32F0xx_HAL_Driver/Src/stm32f0xx_hal.c ****           is needed and the backup domain when enabled.
 121:Drivers/STM32F0xx_HAL_Driver/Src/stm32f0xx_hal.c ****       (+) de-Initializes common part of the HAL.
 122:Drivers/STM32F0xx_HAL_Driver/Src/stm32f0xx_hal.c ****       (+) Configure The time base source to have 1ms time base with a dedicated 
 123:Drivers/STM32F0xx_HAL_Driver/Src/stm32f0xx_hal.c ****           Tick interrupt priority. 
 124:Drivers/STM32F0xx_HAL_Driver/Src/stm32f0xx_hal.c ****         (++) Systick timer is used by default as source of time base, but user 
 125:Drivers/STM32F0xx_HAL_Driver/Src/stm32f0xx_hal.c ****              can eventually implement his proper time base source (a general purpose 
 126:Drivers/STM32F0xx_HAL_Driver/Src/stm32f0xx_hal.c ****              timer for example or other time source), keeping in mind that Time base 
 127:Drivers/STM32F0xx_HAL_Driver/Src/stm32f0xx_hal.c ****              duration should be kept 1ms since PPP_TIMEOUT_VALUEs are defined and 
 128:Drivers/STM32F0xx_HAL_Driver/Src/stm32f0xx_hal.c ****              handled in milliseconds basis.
 129:Drivers/STM32F0xx_HAL_Driver/Src/stm32f0xx_hal.c ****         (++) Time base configuration function (HAL_InitTick ()) is called automatically 
 130:Drivers/STM32F0xx_HAL_Driver/Src/stm32f0xx_hal.c ****              at the beginning of the program after reset by HAL_Init() or at any time 
 131:Drivers/STM32F0xx_HAL_Driver/Src/stm32f0xx_hal.c ****              when clock is configured, by HAL_RCC_ClockConfig(). 
 132:Drivers/STM32F0xx_HAL_Driver/Src/stm32f0xx_hal.c ****         (++) Source of time base is configured  to generate interrupts at regular 
 133:Drivers/STM32F0xx_HAL_Driver/Src/stm32f0xx_hal.c ****              time intervals. Care must be taken if HAL_Delay() is called from a 
 134:Drivers/STM32F0xx_HAL_Driver/Src/stm32f0xx_hal.c ****              peripheral ISR process, the Tick interrupt line must have higher priority 
 135:Drivers/STM32F0xx_HAL_Driver/Src/stm32f0xx_hal.c ****             (numerically lower) than the peripheral interrupt. Otherwise the caller 
 136:Drivers/STM32F0xx_HAL_Driver/Src/stm32f0xx_hal.c ****             ISR process will be blocked. 
 137:Drivers/STM32F0xx_HAL_Driver/Src/stm32f0xx_hal.c ****        (++) functions affecting time base configurations are declared as __Weak  
 138:Drivers/STM32F0xx_HAL_Driver/Src/stm32f0xx_hal.c ****              to make  override possible  in case of other  implementations in user file.
 139:Drivers/STM32F0xx_HAL_Driver/Src/stm32f0xx_hal.c ****  
 140:Drivers/STM32F0xx_HAL_Driver/Src/stm32f0xx_hal.c **** @endverbatim
 141:Drivers/STM32F0xx_HAL_Driver/Src/stm32f0xx_hal.c ****   * @{
 142:Drivers/STM32F0xx_HAL_Driver/Src/stm32f0xx_hal.c ****   */
 143:Drivers/STM32F0xx_HAL_Driver/Src/stm32f0xx_hal.c **** 
 144:Drivers/STM32F0xx_HAL_Driver/Src/stm32f0xx_hal.c **** /**
 145:Drivers/STM32F0xx_HAL_Driver/Src/stm32f0xx_hal.c ****   * @brief  This function configures the Flash prefetch,
ARM GAS  /tmp/ccWPuuHw.s 			page 4


 146:Drivers/STM32F0xx_HAL_Driver/Src/stm32f0xx_hal.c ****   *        Configures time base source, NVIC and Low level hardware
 147:Drivers/STM32F0xx_HAL_Driver/Src/stm32f0xx_hal.c ****   * @note This function is called at the beginning of program after reset and before 
 148:Drivers/STM32F0xx_HAL_Driver/Src/stm32f0xx_hal.c ****   *       the clock configuration
 149:Drivers/STM32F0xx_HAL_Driver/Src/stm32f0xx_hal.c ****   * @note The time base configuration is based on HSI clock when exiting from Reset.
 150:Drivers/STM32F0xx_HAL_Driver/Src/stm32f0xx_hal.c ****   *       Once done, time base tick start incrementing.
 151:Drivers/STM32F0xx_HAL_Driver/Src/stm32f0xx_hal.c ****   *       In the default implementation,Systick is used as source of time base.
 152:Drivers/STM32F0xx_HAL_Driver/Src/stm32f0xx_hal.c ****   *       The tick variable is incremented each 1ms in its ISR.
 153:Drivers/STM32F0xx_HAL_Driver/Src/stm32f0xx_hal.c ****   * @retval HAL status
 154:Drivers/STM32F0xx_HAL_Driver/Src/stm32f0xx_hal.c ****   */
 155:Drivers/STM32F0xx_HAL_Driver/Src/stm32f0xx_hal.c **** HAL_StatusTypeDef HAL_Init(void)
 156:Drivers/STM32F0xx_HAL_Driver/Src/stm32f0xx_hal.c **** {
 157:Drivers/STM32F0xx_HAL_Driver/Src/stm32f0xx_hal.c ****   /* Configure Flash prefetch */ 
 158:Drivers/STM32F0xx_HAL_Driver/Src/stm32f0xx_hal.c **** #if (PREFETCH_ENABLE != 0)
 159:Drivers/STM32F0xx_HAL_Driver/Src/stm32f0xx_hal.c ****   __HAL_FLASH_PREFETCH_BUFFER_ENABLE();
 160:Drivers/STM32F0xx_HAL_Driver/Src/stm32f0xx_hal.c **** #endif /* PREFETCH_ENABLE */
 161:Drivers/STM32F0xx_HAL_Driver/Src/stm32f0xx_hal.c **** 
 162:Drivers/STM32F0xx_HAL_Driver/Src/stm32f0xx_hal.c ****   /* Use systick as time base source and configure 1ms tick (default clock after Reset is HSI) */
 163:Drivers/STM32F0xx_HAL_Driver/Src/stm32f0xx_hal.c **** 
 164:Drivers/STM32F0xx_HAL_Driver/Src/stm32f0xx_hal.c ****   HAL_InitTick(TICK_INT_PRIORITY);
 165:Drivers/STM32F0xx_HAL_Driver/Src/stm32f0xx_hal.c **** 
 166:Drivers/STM32F0xx_HAL_Driver/Src/stm32f0xx_hal.c ****   /* Init the low level hardware */
 167:Drivers/STM32F0xx_HAL_Driver/Src/stm32f0xx_hal.c ****   HAL_MspInit();
 168:Drivers/STM32F0xx_HAL_Driver/Src/stm32f0xx_hal.c **** 
 169:Drivers/STM32F0xx_HAL_Driver/Src/stm32f0xx_hal.c ****   /* Return function status */
 170:Drivers/STM32F0xx_HAL_Driver/Src/stm32f0xx_hal.c ****   return HAL_OK;
 171:Drivers/STM32F0xx_HAL_Driver/Src/stm32f0xx_hal.c **** }
 172:Drivers/STM32F0xx_HAL_Driver/Src/stm32f0xx_hal.c **** 
 173:Drivers/STM32F0xx_HAL_Driver/Src/stm32f0xx_hal.c **** /**
 174:Drivers/STM32F0xx_HAL_Driver/Src/stm32f0xx_hal.c ****   * @brief This function de-Initializes common part of the HAL and stops the source
 175:Drivers/STM32F0xx_HAL_Driver/Src/stm32f0xx_hal.c ****   *        of time base.
 176:Drivers/STM32F0xx_HAL_Driver/Src/stm32f0xx_hal.c ****   * @note This function is optional.
 177:Drivers/STM32F0xx_HAL_Driver/Src/stm32f0xx_hal.c ****   * @retval HAL status
 178:Drivers/STM32F0xx_HAL_Driver/Src/stm32f0xx_hal.c ****   */
 179:Drivers/STM32F0xx_HAL_Driver/Src/stm32f0xx_hal.c **** HAL_StatusTypeDef HAL_DeInit(void)
 180:Drivers/STM32F0xx_HAL_Driver/Src/stm32f0xx_hal.c **** {
 181:Drivers/STM32F0xx_HAL_Driver/Src/stm32f0xx_hal.c ****   /* Reset of all peripherals */
 182:Drivers/STM32F0xx_HAL_Driver/Src/stm32f0xx_hal.c ****   __HAL_RCC_APB1_FORCE_RESET();
 183:Drivers/STM32F0xx_HAL_Driver/Src/stm32f0xx_hal.c ****   __HAL_RCC_APB1_RELEASE_RESET();
 184:Drivers/STM32F0xx_HAL_Driver/Src/stm32f0xx_hal.c **** 
 185:Drivers/STM32F0xx_HAL_Driver/Src/stm32f0xx_hal.c ****   __HAL_RCC_APB2_FORCE_RESET();
 186:Drivers/STM32F0xx_HAL_Driver/Src/stm32f0xx_hal.c ****   __HAL_RCC_APB2_RELEASE_RESET();
 187:Drivers/STM32F0xx_HAL_Driver/Src/stm32f0xx_hal.c **** 
 188:Drivers/STM32F0xx_HAL_Driver/Src/stm32f0xx_hal.c ****   __HAL_RCC_AHB_FORCE_RESET();
 189:Drivers/STM32F0xx_HAL_Driver/Src/stm32f0xx_hal.c ****   __HAL_RCC_AHB_RELEASE_RESET();
 190:Drivers/STM32F0xx_HAL_Driver/Src/stm32f0xx_hal.c **** 
 191:Drivers/STM32F0xx_HAL_Driver/Src/stm32f0xx_hal.c ****   /* De-Init the low level hardware */
 192:Drivers/STM32F0xx_HAL_Driver/Src/stm32f0xx_hal.c ****   HAL_MspDeInit();
 193:Drivers/STM32F0xx_HAL_Driver/Src/stm32f0xx_hal.c ****     
 194:Drivers/STM32F0xx_HAL_Driver/Src/stm32f0xx_hal.c ****   /* Return function status */
 195:Drivers/STM32F0xx_HAL_Driver/Src/stm32f0xx_hal.c ****   return HAL_OK;
 196:Drivers/STM32F0xx_HAL_Driver/Src/stm32f0xx_hal.c **** }
 197:Drivers/STM32F0xx_HAL_Driver/Src/stm32f0xx_hal.c **** 
 198:Drivers/STM32F0xx_HAL_Driver/Src/stm32f0xx_hal.c **** /**
 199:Drivers/STM32F0xx_HAL_Driver/Src/stm32f0xx_hal.c ****   * @brief  Initializes the MSP.
 200:Drivers/STM32F0xx_HAL_Driver/Src/stm32f0xx_hal.c ****   * @retval None
 201:Drivers/STM32F0xx_HAL_Driver/Src/stm32f0xx_hal.c ****   */
 202:Drivers/STM32F0xx_HAL_Driver/Src/stm32f0xx_hal.c **** __weak void HAL_MspInit(void)
ARM GAS  /tmp/ccWPuuHw.s 			page 5


 203:Drivers/STM32F0xx_HAL_Driver/Src/stm32f0xx_hal.c **** {
  28              		.loc 1 203 1 view -0
  29              		.cfi_startproc
  30              		@ args = 0, pretend = 0, frame = 0
  31              		@ frame_needed = 0, uses_anonymous_args = 0
  32              		@ link register save eliminated.
 204:Drivers/STM32F0xx_HAL_Driver/Src/stm32f0xx_hal.c ****   /* NOTE : This function Should not be modified, when the callback is needed,
 205:Drivers/STM32F0xx_HAL_Driver/Src/stm32f0xx_hal.c ****             the HAL_MspInit could be implemented in the user file
 206:Drivers/STM32F0xx_HAL_Driver/Src/stm32f0xx_hal.c ****    */
 207:Drivers/STM32F0xx_HAL_Driver/Src/stm32f0xx_hal.c **** }
  33              		.loc 1 207 1 view .LVU1
  34              		@ sp needed
  35 0000 7047     		bx	lr
  36              		.cfi_endproc
  37              	.LFE39:
  39 0002 C046     		.section	.text.HAL_MspDeInit,"ax",%progbits
  40              		.align	1
  41              		.p2align 2,,3
  42              		.weak	HAL_MspDeInit
  43              		.syntax unified
  44              		.code	16
  45              		.thumb_func
  46              		.fpu softvfp
  48              	HAL_MspDeInit:
  49              	.LFB58:
  50              		.cfi_startproc
  51              		@ args = 0, pretend = 0, frame = 0
  52              		@ frame_needed = 0, uses_anonymous_args = 0
  53              		@ link register save eliminated.
  54              		@ sp needed
  55 0000 7047     		bx	lr
  56              		.cfi_endproc
  57              	.LFE58:
  59 0002 C046     		.section	.text.HAL_DeInit,"ax",%progbits
  60              		.align	1
  61              		.p2align 2,,3
  62              		.global	HAL_DeInit
  63              		.syntax unified
  64              		.code	16
  65              		.thumb_func
  66              		.fpu softvfp
  68              	HAL_DeInit:
  69              	.LFB38:
 180:Drivers/STM32F0xx_HAL_Driver/Src/stm32f0xx_hal.c ****   /* Reset of all peripherals */
  70              		.loc 1 180 1 view -0
  71              		.cfi_startproc
  72              		@ args = 0, pretend = 0, frame = 0
  73              		@ frame_needed = 0, uses_anonymous_args = 0
 182:Drivers/STM32F0xx_HAL_Driver/Src/stm32f0xx_hal.c ****   __HAL_RCC_APB1_RELEASE_RESET();
  74              		.loc 1 182 3 view .LVU3
  75 0000 0121     		movs	r1, #1
 183:Drivers/STM32F0xx_HAL_Driver/Src/stm32f0xx_hal.c **** 
  76              		.loc 1 183 3 is_stmt 0 view .LVU4
  77 0002 0022     		movs	r2, #0
 180:Drivers/STM32F0xx_HAL_Driver/Src/stm32f0xx_hal.c ****   /* Reset of all peripherals */
  78              		.loc 1 180 1 view .LVU5
  79 0004 10B5     		push	{r4, lr}
ARM GAS  /tmp/ccWPuuHw.s 			page 6


  80              	.LCFI0:
  81              		.cfi_def_cfa_offset 8
  82              		.cfi_offset 4, -8
  83              		.cfi_offset 14, -4
 182:Drivers/STM32F0xx_HAL_Driver/Src/stm32f0xx_hal.c ****   __HAL_RCC_APB1_RELEASE_RESET();
  84              		.loc 1 182 3 view .LVU6
  85 0006 064B     		ldr	r3, .L5
  86 0008 4942     		rsbs	r1, r1, #0
  87 000a 1961     		str	r1, [r3, #16]
 183:Drivers/STM32F0xx_HAL_Driver/Src/stm32f0xx_hal.c **** 
  88              		.loc 1 183 3 is_stmt 1 view .LVU7
  89 000c 1A61     		str	r2, [r3, #16]
 185:Drivers/STM32F0xx_HAL_Driver/Src/stm32f0xx_hal.c ****   __HAL_RCC_APB2_RELEASE_RESET();
  90              		.loc 1 185 3 view .LVU8
  91 000e D960     		str	r1, [r3, #12]
 186:Drivers/STM32F0xx_HAL_Driver/Src/stm32f0xx_hal.c **** 
  92              		.loc 1 186 3 view .LVU9
  93 0010 DA60     		str	r2, [r3, #12]
 188:Drivers/STM32F0xx_HAL_Driver/Src/stm32f0xx_hal.c ****   __HAL_RCC_AHB_RELEASE_RESET();
  94              		.loc 1 188 3 view .LVU10
  95 0012 9962     		str	r1, [r3, #40]
 189:Drivers/STM32F0xx_HAL_Driver/Src/stm32f0xx_hal.c **** 
  96              		.loc 1 189 3 view .LVU11
  97 0014 9A62     		str	r2, [r3, #40]
 192:Drivers/STM32F0xx_HAL_Driver/Src/stm32f0xx_hal.c ****     
  98              		.loc 1 192 3 view .LVU12
  99 0016 FFF7FEFF 		bl	HAL_MspDeInit
 100              	.LVL0:
 195:Drivers/STM32F0xx_HAL_Driver/Src/stm32f0xx_hal.c **** }
 101              		.loc 1 195 3 view .LVU13
 196:Drivers/STM32F0xx_HAL_Driver/Src/stm32f0xx_hal.c **** 
 102              		.loc 1 196 1 is_stmt 0 view .LVU14
 103              		@ sp needed
 104 001a 0020     		movs	r0, #0
 105 001c 10BD     		pop	{r4, pc}
 106              	.L6:
 107 001e C046     		.align	2
 108              	.L5:
 109 0020 00100240 		.word	1073876992
 110              		.cfi_endproc
 111              	.LFE38:
 113              		.global	__aeabi_uidiv
 114              		.section	.text.HAL_InitTick,"ax",%progbits
 115              		.align	1
 116              		.p2align 2,,3
 117              		.weak	HAL_InitTick
 118              		.syntax unified
 119              		.code	16
 120              		.thumb_func
 121              		.fpu softvfp
 123              	HAL_InitTick:
 124              	.LVL1:
 125              	.LFB41:
 208:Drivers/STM32F0xx_HAL_Driver/Src/stm32f0xx_hal.c **** 
 209:Drivers/STM32F0xx_HAL_Driver/Src/stm32f0xx_hal.c **** /**
 210:Drivers/STM32F0xx_HAL_Driver/Src/stm32f0xx_hal.c ****   * @brief  DeInitializes the MSP.
 211:Drivers/STM32F0xx_HAL_Driver/Src/stm32f0xx_hal.c ****   * @retval None
ARM GAS  /tmp/ccWPuuHw.s 			page 7


 212:Drivers/STM32F0xx_HAL_Driver/Src/stm32f0xx_hal.c ****   */
 213:Drivers/STM32F0xx_HAL_Driver/Src/stm32f0xx_hal.c **** __weak void HAL_MspDeInit(void)
 214:Drivers/STM32F0xx_HAL_Driver/Src/stm32f0xx_hal.c **** {
 215:Drivers/STM32F0xx_HAL_Driver/Src/stm32f0xx_hal.c ****   /* NOTE : This function Should not be modified, when the callback is needed,
 216:Drivers/STM32F0xx_HAL_Driver/Src/stm32f0xx_hal.c ****             the HAL_MspDeInit could be implemented in the user file
 217:Drivers/STM32F0xx_HAL_Driver/Src/stm32f0xx_hal.c ****    */
 218:Drivers/STM32F0xx_HAL_Driver/Src/stm32f0xx_hal.c **** }
 219:Drivers/STM32F0xx_HAL_Driver/Src/stm32f0xx_hal.c **** 
 220:Drivers/STM32F0xx_HAL_Driver/Src/stm32f0xx_hal.c **** /**
 221:Drivers/STM32F0xx_HAL_Driver/Src/stm32f0xx_hal.c ****   * @brief This function configures the source of the time base. 
 222:Drivers/STM32F0xx_HAL_Driver/Src/stm32f0xx_hal.c ****   *        The time source is configured  to have 1ms time base with a dedicated 
 223:Drivers/STM32F0xx_HAL_Driver/Src/stm32f0xx_hal.c ****   *        Tick interrupt priority.
 224:Drivers/STM32F0xx_HAL_Driver/Src/stm32f0xx_hal.c ****   * @note This function is called  automatically at the beginning of program after
 225:Drivers/STM32F0xx_HAL_Driver/Src/stm32f0xx_hal.c ****   *       reset by HAL_Init() or at any time when clock is reconfigured  by HAL_RCC_ClockConfig(). 
 226:Drivers/STM32F0xx_HAL_Driver/Src/stm32f0xx_hal.c ****   * @note In the default implementation, SysTick timer is the source of time base. 
 227:Drivers/STM32F0xx_HAL_Driver/Src/stm32f0xx_hal.c ****   *       It is used to generate interrupts at regular time intervals. 
 228:Drivers/STM32F0xx_HAL_Driver/Src/stm32f0xx_hal.c ****   *       Care must be taken if HAL_Delay() is called from a peripheral ISR process, 
 229:Drivers/STM32F0xx_HAL_Driver/Src/stm32f0xx_hal.c ****   *       The the SysTick interrupt must have higher priority (numerically lower) 
 230:Drivers/STM32F0xx_HAL_Driver/Src/stm32f0xx_hal.c ****   *       than the peripheral interrupt. Otherwise the caller ISR process will be blocked.
 231:Drivers/STM32F0xx_HAL_Driver/Src/stm32f0xx_hal.c ****   *       The function is declared as __Weak  to be overwritten  in case of other
 232:Drivers/STM32F0xx_HAL_Driver/Src/stm32f0xx_hal.c ****   *       implementation  in user file.
 233:Drivers/STM32F0xx_HAL_Driver/Src/stm32f0xx_hal.c ****   * @param TickPriority Tick interrupt priority.
 234:Drivers/STM32F0xx_HAL_Driver/Src/stm32f0xx_hal.c ****   * @retval HAL status
 235:Drivers/STM32F0xx_HAL_Driver/Src/stm32f0xx_hal.c ****   */
 236:Drivers/STM32F0xx_HAL_Driver/Src/stm32f0xx_hal.c **** __weak HAL_StatusTypeDef HAL_InitTick(uint32_t TickPriority)
 237:Drivers/STM32F0xx_HAL_Driver/Src/stm32f0xx_hal.c **** {
 126              		.loc 1 237 1 is_stmt 1 view -0
 127              		.cfi_startproc
 128              		@ args = 0, pretend = 0, frame = 0
 129              		@ frame_needed = 0, uses_anonymous_args = 0
 238:Drivers/STM32F0xx_HAL_Driver/Src/stm32f0xx_hal.c ****   /*Configure the SysTick to have interrupt in 1ms time basis*/
 239:Drivers/STM32F0xx_HAL_Driver/Src/stm32f0xx_hal.c ****   HAL_SYSTICK_Config(HAL_RCC_GetHCLKFreq()/1000U);
 130              		.loc 1 239 3 view .LVU16
 237:Drivers/STM32F0xx_HAL_Driver/Src/stm32f0xx_hal.c ****   /*Configure the SysTick to have interrupt in 1ms time basis*/
 131              		.loc 1 237 1 is_stmt 0 view .LVU17
 132 0000 10B5     		push	{r4, lr}
 133              	.LCFI1:
 134              		.cfi_def_cfa_offset 8
 135              		.cfi_offset 4, -8
 136              		.cfi_offset 14, -4
 237:Drivers/STM32F0xx_HAL_Driver/Src/stm32f0xx_hal.c ****   /*Configure the SysTick to have interrupt in 1ms time basis*/
 137              		.loc 1 237 1 view .LVU18
 138 0002 0400     		movs	r4, r0
 139              		.loc 1 239 22 view .LVU19
 140 0004 FFF7FEFF 		bl	HAL_RCC_GetHCLKFreq
 141              	.LVL2:
 142              		.loc 1 239 3 view .LVU20
 143 0008 FA21     		movs	r1, #250
 144 000a 8900     		lsls	r1, r1, #2
 145 000c FFF7FEFF 		bl	__aeabi_uidiv
 146              	.LVL3:
 147 0010 FFF7FEFF 		bl	HAL_SYSTICK_Config
 148              	.LVL4:
 240:Drivers/STM32F0xx_HAL_Driver/Src/stm32f0xx_hal.c **** 
 241:Drivers/STM32F0xx_HAL_Driver/Src/stm32f0xx_hal.c ****   /*Configure the SysTick IRQ priority */
 242:Drivers/STM32F0xx_HAL_Driver/Src/stm32f0xx_hal.c ****   HAL_NVIC_SetPriority(SysTick_IRQn, TickPriority ,0U);
 149              		.loc 1 242 3 is_stmt 1 view .LVU21
ARM GAS  /tmp/ccWPuuHw.s 			page 8


 150 0014 0120     		movs	r0, #1
 151 0016 0022     		movs	r2, #0
 152 0018 2100     		movs	r1, r4
 153 001a 4042     		rsbs	r0, r0, #0
 154 001c FFF7FEFF 		bl	HAL_NVIC_SetPriority
 155              	.LVL5:
 243:Drivers/STM32F0xx_HAL_Driver/Src/stm32f0xx_hal.c **** 
 244:Drivers/STM32F0xx_HAL_Driver/Src/stm32f0xx_hal.c ****    /* Return function status */
 245:Drivers/STM32F0xx_HAL_Driver/Src/stm32f0xx_hal.c ****   return HAL_OK;
 156              		.loc 1 245 3 view .LVU22
 246:Drivers/STM32F0xx_HAL_Driver/Src/stm32f0xx_hal.c **** }
 157              		.loc 1 246 1 is_stmt 0 view .LVU23
 158              		@ sp needed
 159 0020 0020     		movs	r0, #0
 160              	.LVL6:
 161              		.loc 1 246 1 view .LVU24
 162 0022 10BD     		pop	{r4, pc}
 163              		.cfi_endproc
 164              	.LFE41:
 166              		.section	.text.HAL_Init,"ax",%progbits
 167              		.align	1
 168              		.p2align 2,,3
 169              		.global	HAL_Init
 170              		.syntax unified
 171              		.code	16
 172              		.thumb_func
 173              		.fpu softvfp
 175              	HAL_Init:
 176              	.LFB37:
 156:Drivers/STM32F0xx_HAL_Driver/Src/stm32f0xx_hal.c ****   /* Configure Flash prefetch */ 
 177              		.loc 1 156 1 is_stmt 1 view -0
 178              		.cfi_startproc
 179              		@ args = 0, pretend = 0, frame = 0
 180              		@ frame_needed = 0, uses_anonymous_args = 0
 159:Drivers/STM32F0xx_HAL_Driver/Src/stm32f0xx_hal.c **** #endif /* PREFETCH_ENABLE */
 181              		.loc 1 159 3 view .LVU26
 182 0000 1021     		movs	r1, #16
 183 0002 064A     		ldr	r2, .L9
 156:Drivers/STM32F0xx_HAL_Driver/Src/stm32f0xx_hal.c ****   /* Configure Flash prefetch */ 
 184              		.loc 1 156 1 is_stmt 0 view .LVU27
 185 0004 10B5     		push	{r4, lr}
 186              	.LCFI2:
 187              		.cfi_def_cfa_offset 8
 188              		.cfi_offset 4, -8
 189              		.cfi_offset 14, -4
 159:Drivers/STM32F0xx_HAL_Driver/Src/stm32f0xx_hal.c **** #endif /* PREFETCH_ENABLE */
 190              		.loc 1 159 3 view .LVU28
 191 0006 1368     		ldr	r3, [r2]
 164:Drivers/STM32F0xx_HAL_Driver/Src/stm32f0xx_hal.c **** 
 192              		.loc 1 164 3 view .LVU29
 193 0008 0020     		movs	r0, #0
 159:Drivers/STM32F0xx_HAL_Driver/Src/stm32f0xx_hal.c **** #endif /* PREFETCH_ENABLE */
 194              		.loc 1 159 3 view .LVU30
 195 000a 0B43     		orrs	r3, r1
 196 000c 1360     		str	r3, [r2]
 164:Drivers/STM32F0xx_HAL_Driver/Src/stm32f0xx_hal.c **** 
 197              		.loc 1 164 3 is_stmt 1 view .LVU31
ARM GAS  /tmp/ccWPuuHw.s 			page 9


 198 000e FFF7FEFF 		bl	HAL_InitTick
 199              	.LVL7:
 167:Drivers/STM32F0xx_HAL_Driver/Src/stm32f0xx_hal.c **** 
 200              		.loc 1 167 3 view .LVU32
 171:Drivers/STM32F0xx_HAL_Driver/Src/stm32f0xx_hal.c **** 
 201              		.loc 1 171 1 is_stmt 0 view .LVU33
 202              		@ sp needed
 167:Drivers/STM32F0xx_HAL_Driver/Src/stm32f0xx_hal.c **** 
 203              		.loc 1 167 3 view .LVU34
 204 0012 FFF7FEFF 		bl	HAL_MspInit
 205              	.LVL8:
 170:Drivers/STM32F0xx_HAL_Driver/Src/stm32f0xx_hal.c **** }
 206              		.loc 1 170 3 is_stmt 1 view .LVU35
 171:Drivers/STM32F0xx_HAL_Driver/Src/stm32f0xx_hal.c **** 
 207              		.loc 1 171 1 is_stmt 0 view .LVU36
 208 0016 0020     		movs	r0, #0
 209 0018 10BD     		pop	{r4, pc}
 210              	.L10:
 211 001a C046     		.align	2
 212              	.L9:
 213 001c 00200240 		.word	1073881088
 214              		.cfi_endproc
 215              	.LFE37:
 217              		.section	.text.HAL_IncTick,"ax",%progbits
 218              		.align	1
 219              		.p2align 2,,3
 220              		.weak	HAL_IncTick
 221              		.syntax unified
 222              		.code	16
 223              		.thumb_func
 224              		.fpu softvfp
 226              	HAL_IncTick:
 227              	.LFB42:
 247:Drivers/STM32F0xx_HAL_Driver/Src/stm32f0xx_hal.c **** 
 248:Drivers/STM32F0xx_HAL_Driver/Src/stm32f0xx_hal.c **** /**
 249:Drivers/STM32F0xx_HAL_Driver/Src/stm32f0xx_hal.c ****   * @}
 250:Drivers/STM32F0xx_HAL_Driver/Src/stm32f0xx_hal.c ****   */
 251:Drivers/STM32F0xx_HAL_Driver/Src/stm32f0xx_hal.c **** 
 252:Drivers/STM32F0xx_HAL_Driver/Src/stm32f0xx_hal.c **** /** @defgroup HAL_Exported_Functions_Group2 HAL Control functions 
 253:Drivers/STM32F0xx_HAL_Driver/Src/stm32f0xx_hal.c ****   * @brief    HAL Control functions
 254:Drivers/STM32F0xx_HAL_Driver/Src/stm32f0xx_hal.c ****   *
 255:Drivers/STM32F0xx_HAL_Driver/Src/stm32f0xx_hal.c **** @verbatim
 256:Drivers/STM32F0xx_HAL_Driver/Src/stm32f0xx_hal.c ****  ===============================================================================
 257:Drivers/STM32F0xx_HAL_Driver/Src/stm32f0xx_hal.c ****                       ##### HAL Control functions #####
 258:Drivers/STM32F0xx_HAL_Driver/Src/stm32f0xx_hal.c ****  ===============================================================================
 259:Drivers/STM32F0xx_HAL_Driver/Src/stm32f0xx_hal.c ****     [..]  This section provides functions allowing to:
 260:Drivers/STM32F0xx_HAL_Driver/Src/stm32f0xx_hal.c ****       (+) Provide a tick value in millisecond
 261:Drivers/STM32F0xx_HAL_Driver/Src/stm32f0xx_hal.c ****       (+) Provide a blocking delay in millisecond
 262:Drivers/STM32F0xx_HAL_Driver/Src/stm32f0xx_hal.c ****       (+) Suspend the time base source interrupt
 263:Drivers/STM32F0xx_HAL_Driver/Src/stm32f0xx_hal.c ****       (+) Resume the time base source interrupt
 264:Drivers/STM32F0xx_HAL_Driver/Src/stm32f0xx_hal.c ****       (+) Get the HAL API driver version
 265:Drivers/STM32F0xx_HAL_Driver/Src/stm32f0xx_hal.c ****       (+) Get the device identifier
 266:Drivers/STM32F0xx_HAL_Driver/Src/stm32f0xx_hal.c ****       (+) Get the device revision identifier
 267:Drivers/STM32F0xx_HAL_Driver/Src/stm32f0xx_hal.c ****       (+) Enable/Disable Debug module during Sleep mode
 268:Drivers/STM32F0xx_HAL_Driver/Src/stm32f0xx_hal.c ****       (+) Enable/Disable Debug module during STOP mode
 269:Drivers/STM32F0xx_HAL_Driver/Src/stm32f0xx_hal.c ****       (+) Enable/Disable Debug module during STANDBY mode
 270:Drivers/STM32F0xx_HAL_Driver/Src/stm32f0xx_hal.c ****       
ARM GAS  /tmp/ccWPuuHw.s 			page 10


 271:Drivers/STM32F0xx_HAL_Driver/Src/stm32f0xx_hal.c **** @endverbatim
 272:Drivers/STM32F0xx_HAL_Driver/Src/stm32f0xx_hal.c ****   * @{
 273:Drivers/STM32F0xx_HAL_Driver/Src/stm32f0xx_hal.c ****   */
 274:Drivers/STM32F0xx_HAL_Driver/Src/stm32f0xx_hal.c **** 
 275:Drivers/STM32F0xx_HAL_Driver/Src/stm32f0xx_hal.c **** /**
 276:Drivers/STM32F0xx_HAL_Driver/Src/stm32f0xx_hal.c ****   * @brief This function is called to increment  a global variable "uwTick"
 277:Drivers/STM32F0xx_HAL_Driver/Src/stm32f0xx_hal.c ****   *        used as application time base.
 278:Drivers/STM32F0xx_HAL_Driver/Src/stm32f0xx_hal.c ****   * @note In the default implementation, this variable is incremented each 1ms
 279:Drivers/STM32F0xx_HAL_Driver/Src/stm32f0xx_hal.c ****   *       in Systick ISR.
 280:Drivers/STM32F0xx_HAL_Driver/Src/stm32f0xx_hal.c ****   * @note This function is declared as __weak to be overwritten in case of other 
 281:Drivers/STM32F0xx_HAL_Driver/Src/stm32f0xx_hal.c ****   *       implementations in user file.
 282:Drivers/STM32F0xx_HAL_Driver/Src/stm32f0xx_hal.c ****   * @retval None
 283:Drivers/STM32F0xx_HAL_Driver/Src/stm32f0xx_hal.c ****   */
 284:Drivers/STM32F0xx_HAL_Driver/Src/stm32f0xx_hal.c **** __weak void HAL_IncTick(void)
 285:Drivers/STM32F0xx_HAL_Driver/Src/stm32f0xx_hal.c **** {
 228              		.loc 1 285 1 is_stmt 1 view -0
 229              		.cfi_startproc
 230              		@ args = 0, pretend = 0, frame = 0
 231              		@ frame_needed = 0, uses_anonymous_args = 0
 232              		@ link register save eliminated.
 286:Drivers/STM32F0xx_HAL_Driver/Src/stm32f0xx_hal.c ****   uwTick++;
 233              		.loc 1 286 3 view .LVU38
 234              		.loc 1 286 9 is_stmt 0 view .LVU39
 235 0000 024A     		ldr	r2, .L12
 287:Drivers/STM32F0xx_HAL_Driver/Src/stm32f0xx_hal.c **** }
 236              		.loc 1 287 1 view .LVU40
 237              		@ sp needed
 286:Drivers/STM32F0xx_HAL_Driver/Src/stm32f0xx_hal.c ****   uwTick++;
 238              		.loc 1 286 9 view .LVU41
 239 0002 1368     		ldr	r3, [r2]
 240 0004 0133     		adds	r3, r3, #1
 241 0006 1360     		str	r3, [r2]
 242              		.loc 1 287 1 view .LVU42
 243 0008 7047     		bx	lr
 244              	.L13:
 245 000a C046     		.align	2
 246              	.L12:
 247 000c 00000000 		.word	uwTick
 248              		.cfi_endproc
 249              	.LFE42:
 251              		.section	.text.HAL_GetTick,"ax",%progbits
 252              		.align	1
 253              		.p2align 2,,3
 254              		.weak	HAL_GetTick
 255              		.syntax unified
 256              		.code	16
 257              		.thumb_func
 258              		.fpu softvfp
 260              	HAL_GetTick:
 261              	.LFB43:
 288:Drivers/STM32F0xx_HAL_Driver/Src/stm32f0xx_hal.c **** 
 289:Drivers/STM32F0xx_HAL_Driver/Src/stm32f0xx_hal.c **** /**
 290:Drivers/STM32F0xx_HAL_Driver/Src/stm32f0xx_hal.c ****   * @brief  Provides a tick value in millisecond.
 291:Drivers/STM32F0xx_HAL_Driver/Src/stm32f0xx_hal.c ****   * @note   This function is declared as __weak  to be overwritten  in case of other 
 292:Drivers/STM32F0xx_HAL_Driver/Src/stm32f0xx_hal.c ****   *       implementations in user file.
 293:Drivers/STM32F0xx_HAL_Driver/Src/stm32f0xx_hal.c ****   * @retval tick value
 294:Drivers/STM32F0xx_HAL_Driver/Src/stm32f0xx_hal.c ****   */
ARM GAS  /tmp/ccWPuuHw.s 			page 11


 295:Drivers/STM32F0xx_HAL_Driver/Src/stm32f0xx_hal.c **** __weak uint32_t HAL_GetTick(void)
 296:Drivers/STM32F0xx_HAL_Driver/Src/stm32f0xx_hal.c **** {
 262              		.loc 1 296 1 is_stmt 1 view -0
 263              		.cfi_startproc
 264              		@ args = 0, pretend = 0, frame = 0
 265              		@ frame_needed = 0, uses_anonymous_args = 0
 266              		@ link register save eliminated.
 297:Drivers/STM32F0xx_HAL_Driver/Src/stm32f0xx_hal.c ****   return uwTick;
 267              		.loc 1 297 3 view .LVU44
 268              		.loc 1 297 10 is_stmt 0 view .LVU45
 269 0000 014B     		ldr	r3, .L15
 298:Drivers/STM32F0xx_HAL_Driver/Src/stm32f0xx_hal.c **** }
 270              		.loc 1 298 1 view .LVU46
 271              		@ sp needed
 297:Drivers/STM32F0xx_HAL_Driver/Src/stm32f0xx_hal.c ****   return uwTick;
 272              		.loc 1 297 10 view .LVU47
 273 0002 1868     		ldr	r0, [r3]
 274              		.loc 1 298 1 view .LVU48
 275 0004 7047     		bx	lr
 276              	.L16:
 277 0006 C046     		.align	2
 278              	.L15:
 279 0008 00000000 		.word	uwTick
 280              		.cfi_endproc
 281              	.LFE43:
 283              		.section	.text.HAL_Delay,"ax",%progbits
 284              		.align	1
 285              		.p2align 2,,3
 286              		.weak	HAL_Delay
 287              		.syntax unified
 288              		.code	16
 289              		.thumb_func
 290              		.fpu softvfp
 292              	HAL_Delay:
 293              	.LVL9:
 294              	.LFB44:
 299:Drivers/STM32F0xx_HAL_Driver/Src/stm32f0xx_hal.c **** 
 300:Drivers/STM32F0xx_HAL_Driver/Src/stm32f0xx_hal.c **** /**
 301:Drivers/STM32F0xx_HAL_Driver/Src/stm32f0xx_hal.c ****   * @brief This function provides accurate delay (in milliseconds) based 
 302:Drivers/STM32F0xx_HAL_Driver/Src/stm32f0xx_hal.c ****   *        on variable incremented.
 303:Drivers/STM32F0xx_HAL_Driver/Src/stm32f0xx_hal.c ****   * @note In the default implementation , SysTick timer is the source of time base.
 304:Drivers/STM32F0xx_HAL_Driver/Src/stm32f0xx_hal.c ****   *       It is used to generate interrupts at regular time intervals where uwTick
 305:Drivers/STM32F0xx_HAL_Driver/Src/stm32f0xx_hal.c ****   *       is incremented.
 306:Drivers/STM32F0xx_HAL_Driver/Src/stm32f0xx_hal.c ****   * @note ThiS function is declared as __weak to be overwritten in case of other
 307:Drivers/STM32F0xx_HAL_Driver/Src/stm32f0xx_hal.c ****   *       implementations in user file.
 308:Drivers/STM32F0xx_HAL_Driver/Src/stm32f0xx_hal.c ****   * @param Delay specifies the delay time length, in milliseconds.
 309:Drivers/STM32F0xx_HAL_Driver/Src/stm32f0xx_hal.c ****   * @retval None
 310:Drivers/STM32F0xx_HAL_Driver/Src/stm32f0xx_hal.c ****   */
 311:Drivers/STM32F0xx_HAL_Driver/Src/stm32f0xx_hal.c **** __weak void HAL_Delay(__IO uint32_t Delay)
 312:Drivers/STM32F0xx_HAL_Driver/Src/stm32f0xx_hal.c **** {
 295              		.loc 1 312 1 is_stmt 1 view -0
 296              		.cfi_startproc
 297              		@ args = 0, pretend = 0, frame = 8
 298              		@ frame_needed = 0, uses_anonymous_args = 0
 313:Drivers/STM32F0xx_HAL_Driver/Src/stm32f0xx_hal.c ****   uint32_t tickstart = HAL_GetTick();
 299              		.loc 1 313 3 view .LVU50
 312:Drivers/STM32F0xx_HAL_Driver/Src/stm32f0xx_hal.c ****   uint32_t tickstart = HAL_GetTick();
ARM GAS  /tmp/ccWPuuHw.s 			page 12


 300              		.loc 1 312 1 is_stmt 0 view .LVU51
 301 0000 30B5     		push	{r4, r5, lr}
 302              	.LCFI3:
 303              		.cfi_def_cfa_offset 12
 304              		.cfi_offset 4, -12
 305              		.cfi_offset 5, -8
 306              		.cfi_offset 14, -4
 307 0002 83B0     		sub	sp, sp, #12
 308              	.LCFI4:
 309              		.cfi_def_cfa_offset 24
 312:Drivers/STM32F0xx_HAL_Driver/Src/stm32f0xx_hal.c ****   uint32_t tickstart = HAL_GetTick();
 310              		.loc 1 312 1 view .LVU52
 311 0004 0190     		str	r0, [sp, #4]
 312              		.loc 1 313 24 view .LVU53
 313 0006 FFF7FEFF 		bl	HAL_GetTick
 314              	.LVL10:
 314:Drivers/STM32F0xx_HAL_Driver/Src/stm32f0xx_hal.c ****   uint32_t wait = Delay;
 315              		.loc 1 314 12 view .LVU54
 316 000a 019C     		ldr	r4, [sp, #4]
 313:Drivers/STM32F0xx_HAL_Driver/Src/stm32f0xx_hal.c ****   uint32_t tickstart = HAL_GetTick();
 317              		.loc 1 313 24 view .LVU55
 318 000c 0500     		movs	r5, r0
 319              	.LVL11:
 320              		.loc 1 314 3 is_stmt 1 view .LVU56
 315:Drivers/STM32F0xx_HAL_Driver/Src/stm32f0xx_hal.c ****   
 316:Drivers/STM32F0xx_HAL_Driver/Src/stm32f0xx_hal.c ****   /* Add a period to guarantee minimum wait */
 317:Drivers/STM32F0xx_HAL_Driver/Src/stm32f0xx_hal.c ****   if (wait < HAL_MAX_DELAY)
 321              		.loc 1 317 3 view .LVU57
 318:Drivers/STM32F0xx_HAL_Driver/Src/stm32f0xx_hal.c ****   {
 319:Drivers/STM32F0xx_HAL_Driver/Src/stm32f0xx_hal.c ****      wait++;
 322              		.loc 1 319 10 is_stmt 0 view .LVU58
 323 000e 631C     		adds	r3, r4, #1
 324 0010 5A1E     		subs	r2, r3, #1
 325 0012 9341     		sbcs	r3, r3, r2
 326 0014 E418     		adds	r4, r4, r3
 327              	.LVL12:
 328              	.L19:
 320:Drivers/STM32F0xx_HAL_Driver/Src/stm32f0xx_hal.c ****   }
 321:Drivers/STM32F0xx_HAL_Driver/Src/stm32f0xx_hal.c ****   
 322:Drivers/STM32F0xx_HAL_Driver/Src/stm32f0xx_hal.c ****   while((HAL_GetTick() - tickstart) < wait)
 323:Drivers/STM32F0xx_HAL_Driver/Src/stm32f0xx_hal.c ****   {
 324:Drivers/STM32F0xx_HAL_Driver/Src/stm32f0xx_hal.c ****   }
 329              		.loc 1 324 3 is_stmt 1 discriminator 1 view .LVU59
 322:Drivers/STM32F0xx_HAL_Driver/Src/stm32f0xx_hal.c ****   {
 330              		.loc 1 322 10 is_stmt 0 discriminator 1 view .LVU60
 331 0016 FFF7FEFF 		bl	HAL_GetTick
 332              	.LVL13:
 322:Drivers/STM32F0xx_HAL_Driver/Src/stm32f0xx_hal.c ****   {
 333              		.loc 1 322 24 discriminator 1 view .LVU61
 334 001a 401B     		subs	r0, r0, r5
 322:Drivers/STM32F0xx_HAL_Driver/Src/stm32f0xx_hal.c ****   {
 335              		.loc 1 322 8 discriminator 1 view .LVU62
 336 001c A042     		cmp	r0, r4
 337 001e FAD3     		bcc	.L19
 325:Drivers/STM32F0xx_HAL_Driver/Src/stm32f0xx_hal.c **** }
 338              		.loc 1 325 1 view .LVU63
 339 0020 03B0     		add	sp, sp, #12
ARM GAS  /tmp/ccWPuuHw.s 			page 13


 340              		@ sp needed
 341              	.LVL14:
 342              	.LVL15:
 343              		.loc 1 325 1 view .LVU64
 344 0022 30BD     		pop	{r4, r5, pc}
 345              		.cfi_endproc
 346              	.LFE44:
 348              		.section	.text.HAL_SuspendTick,"ax",%progbits
 349              		.align	1
 350              		.p2align 2,,3
 351              		.weak	HAL_SuspendTick
 352              		.syntax unified
 353              		.code	16
 354              		.thumb_func
 355              		.fpu softvfp
 357              	HAL_SuspendTick:
 358              	.LFB45:
 326:Drivers/STM32F0xx_HAL_Driver/Src/stm32f0xx_hal.c **** 
 327:Drivers/STM32F0xx_HAL_Driver/Src/stm32f0xx_hal.c **** /**
 328:Drivers/STM32F0xx_HAL_Driver/Src/stm32f0xx_hal.c ****   * @brief Suspend Tick increment.
 329:Drivers/STM32F0xx_HAL_Driver/Src/stm32f0xx_hal.c ****   * @note In the default implementation , SysTick timer is the source of time base. It is
 330:Drivers/STM32F0xx_HAL_Driver/Src/stm32f0xx_hal.c ****   *       used to generate interrupts at regular time intervals. Once HAL_SuspendTick()
 331:Drivers/STM32F0xx_HAL_Driver/Src/stm32f0xx_hal.c ****   *       is called, the the SysTick interrupt will be disabled and so Tick increment 
 332:Drivers/STM32F0xx_HAL_Driver/Src/stm32f0xx_hal.c ****   *       is suspended.
 333:Drivers/STM32F0xx_HAL_Driver/Src/stm32f0xx_hal.c ****   * @note This function is declared as __weak to be overwritten in case of other
 334:Drivers/STM32F0xx_HAL_Driver/Src/stm32f0xx_hal.c ****   *       implementations in user file.
 335:Drivers/STM32F0xx_HAL_Driver/Src/stm32f0xx_hal.c ****   * @retval None
 336:Drivers/STM32F0xx_HAL_Driver/Src/stm32f0xx_hal.c ****   */
 337:Drivers/STM32F0xx_HAL_Driver/Src/stm32f0xx_hal.c **** __weak void HAL_SuspendTick(void)
 338:Drivers/STM32F0xx_HAL_Driver/Src/stm32f0xx_hal.c **** 
 339:Drivers/STM32F0xx_HAL_Driver/Src/stm32f0xx_hal.c **** {
 359              		.loc 1 339 1 is_stmt 1 view -0
 360              		.cfi_startproc
 361              		@ args = 0, pretend = 0, frame = 0
 362              		@ frame_needed = 0, uses_anonymous_args = 0
 363              		@ link register save eliminated.
 340:Drivers/STM32F0xx_HAL_Driver/Src/stm32f0xx_hal.c ****   /* Disable SysTick Interrupt */
 341:Drivers/STM32F0xx_HAL_Driver/Src/stm32f0xx_hal.c ****   CLEAR_BIT(SysTick->CTRL,SysTick_CTRL_TICKINT_Msk);
 364              		.loc 1 341 3 view .LVU66
 365 0000 0221     		movs	r1, #2
 366 0002 024A     		ldr	r2, .L24
 342:Drivers/STM32F0xx_HAL_Driver/Src/stm32f0xx_hal.c **** }
 367              		.loc 1 342 1 is_stmt 0 view .LVU67
 368              		@ sp needed
 341:Drivers/STM32F0xx_HAL_Driver/Src/stm32f0xx_hal.c **** }
 369              		.loc 1 341 3 view .LVU68
 370 0004 1368     		ldr	r3, [r2]
 371 0006 8B43     		bics	r3, r1
 372 0008 1360     		str	r3, [r2]
 373              		.loc 1 342 1 view .LVU69
 374 000a 7047     		bx	lr
 375              	.L25:
 376              		.align	2
 377              	.L24:
 378 000c 10E000E0 		.word	-536813552
 379              		.cfi_endproc
 380              	.LFE45:
ARM GAS  /tmp/ccWPuuHw.s 			page 14


 382              		.section	.text.HAL_ResumeTick,"ax",%progbits
 383              		.align	1
 384              		.p2align 2,,3
 385              		.weak	HAL_ResumeTick
 386              		.syntax unified
 387              		.code	16
 388              		.thumb_func
 389              		.fpu softvfp
 391              	HAL_ResumeTick:
 392              	.LFB46:
 343:Drivers/STM32F0xx_HAL_Driver/Src/stm32f0xx_hal.c **** 
 344:Drivers/STM32F0xx_HAL_Driver/Src/stm32f0xx_hal.c **** /**
 345:Drivers/STM32F0xx_HAL_Driver/Src/stm32f0xx_hal.c ****   * @brief Resume Tick increment.
 346:Drivers/STM32F0xx_HAL_Driver/Src/stm32f0xx_hal.c ****   * @note In the default implementation , SysTick timer is the source of time base. It is
 347:Drivers/STM32F0xx_HAL_Driver/Src/stm32f0xx_hal.c ****   *       used to generate interrupts at regular time intervals. Once HAL_ResumeTick()
 348:Drivers/STM32F0xx_HAL_Driver/Src/stm32f0xx_hal.c ****   *       is called, the the SysTick interrupt will be enabled and so Tick increment 
 349:Drivers/STM32F0xx_HAL_Driver/Src/stm32f0xx_hal.c ****   *       is resumed.
 350:Drivers/STM32F0xx_HAL_Driver/Src/stm32f0xx_hal.c ****   * @note This function is declared as __weak  to be overwritten  in case of other
 351:Drivers/STM32F0xx_HAL_Driver/Src/stm32f0xx_hal.c ****   *       implementations in user file.
 352:Drivers/STM32F0xx_HAL_Driver/Src/stm32f0xx_hal.c ****   * @retval None
 353:Drivers/STM32F0xx_HAL_Driver/Src/stm32f0xx_hal.c ****   */
 354:Drivers/STM32F0xx_HAL_Driver/Src/stm32f0xx_hal.c **** __weak void HAL_ResumeTick(void)
 355:Drivers/STM32F0xx_HAL_Driver/Src/stm32f0xx_hal.c **** {
 393              		.loc 1 355 1 is_stmt 1 view -0
 394              		.cfi_startproc
 395              		@ args = 0, pretend = 0, frame = 0
 396              		@ frame_needed = 0, uses_anonymous_args = 0
 397              		@ link register save eliminated.
 356:Drivers/STM32F0xx_HAL_Driver/Src/stm32f0xx_hal.c ****   /* Enable SysTick Interrupt */
 357:Drivers/STM32F0xx_HAL_Driver/Src/stm32f0xx_hal.c ****   SET_BIT(SysTick->CTRL,SysTick_CTRL_TICKINT_Msk);
 398              		.loc 1 357 3 view .LVU71
 399 0000 0221     		movs	r1, #2
 400 0002 024A     		ldr	r2, .L27
 358:Drivers/STM32F0xx_HAL_Driver/Src/stm32f0xx_hal.c **** }
 401              		.loc 1 358 1 is_stmt 0 view .LVU72
 402              		@ sp needed
 357:Drivers/STM32F0xx_HAL_Driver/Src/stm32f0xx_hal.c **** }
 403              		.loc 1 357 3 view .LVU73
 404 0004 1368     		ldr	r3, [r2]
 405 0006 0B43     		orrs	r3, r1
 406 0008 1360     		str	r3, [r2]
 407              		.loc 1 358 1 view .LVU74
 408 000a 7047     		bx	lr
 409              	.L28:
 410              		.align	2
 411              	.L27:
 412 000c 10E000E0 		.word	-536813552
 413              		.cfi_endproc
 414              	.LFE46:
 416              		.section	.text.HAL_GetHalVersion,"ax",%progbits
 417              		.align	1
 418              		.p2align 2,,3
 419              		.global	HAL_GetHalVersion
 420              		.syntax unified
 421              		.code	16
 422              		.thumb_func
 423              		.fpu softvfp
ARM GAS  /tmp/ccWPuuHw.s 			page 15


 425              	HAL_GetHalVersion:
 426              	.LFB47:
 359:Drivers/STM32F0xx_HAL_Driver/Src/stm32f0xx_hal.c **** 
 360:Drivers/STM32F0xx_HAL_Driver/Src/stm32f0xx_hal.c **** /**
 361:Drivers/STM32F0xx_HAL_Driver/Src/stm32f0xx_hal.c ****   * @brief  This method returns the HAL revision
 362:Drivers/STM32F0xx_HAL_Driver/Src/stm32f0xx_hal.c ****   * @retval version : 0xXYZR (8bits for each decimal, R for RC)
 363:Drivers/STM32F0xx_HAL_Driver/Src/stm32f0xx_hal.c ****   */
 364:Drivers/STM32F0xx_HAL_Driver/Src/stm32f0xx_hal.c **** uint32_t HAL_GetHalVersion(void)
 365:Drivers/STM32F0xx_HAL_Driver/Src/stm32f0xx_hal.c **** {
 427              		.loc 1 365 1 is_stmt 1 view -0
 428              		.cfi_startproc
 429              		@ args = 0, pretend = 0, frame = 0
 430              		@ frame_needed = 0, uses_anonymous_args = 0
 431              		@ link register save eliminated.
 366:Drivers/STM32F0xx_HAL_Driver/Src/stm32f0xx_hal.c ****  return __STM32F0xx_HAL_VERSION;
 432              		.loc 1 366 2 view .LVU76
 367:Drivers/STM32F0xx_HAL_Driver/Src/stm32f0xx_hal.c **** }
 433              		.loc 1 367 1 is_stmt 0 view .LVU77
 434 0000 0048     		ldr	r0, .L30
 435              		@ sp needed
 436 0002 7047     		bx	lr
 437              	.L31:
 438              		.align	2
 439              	.L30:
 440 0004 00000701 		.word	17235968
 441              		.cfi_endproc
 442              	.LFE47:
 444              		.section	.text.HAL_GetREVID,"ax",%progbits
 445              		.align	1
 446              		.p2align 2,,3
 447              		.global	HAL_GetREVID
 448              		.syntax unified
 449              		.code	16
 450              		.thumb_func
 451              		.fpu softvfp
 453              	HAL_GetREVID:
 454              	.LFB48:
 368:Drivers/STM32F0xx_HAL_Driver/Src/stm32f0xx_hal.c **** 
 369:Drivers/STM32F0xx_HAL_Driver/Src/stm32f0xx_hal.c **** /**
 370:Drivers/STM32F0xx_HAL_Driver/Src/stm32f0xx_hal.c ****   * @brief  Returns the device revision identifier.
 371:Drivers/STM32F0xx_HAL_Driver/Src/stm32f0xx_hal.c ****   * @retval Device revision identifier
 372:Drivers/STM32F0xx_HAL_Driver/Src/stm32f0xx_hal.c ****   */
 373:Drivers/STM32F0xx_HAL_Driver/Src/stm32f0xx_hal.c **** uint32_t HAL_GetREVID(void)
 374:Drivers/STM32F0xx_HAL_Driver/Src/stm32f0xx_hal.c **** {
 455              		.loc 1 374 1 is_stmt 1 view -0
 456              		.cfi_startproc
 457              		@ args = 0, pretend = 0, frame = 0
 458              		@ frame_needed = 0, uses_anonymous_args = 0
 459              		@ link register save eliminated.
 375:Drivers/STM32F0xx_HAL_Driver/Src/stm32f0xx_hal.c ****    return((DBGMCU->IDCODE) >> 16U);
 460              		.loc 1 375 4 view .LVU79
 461              		.loc 1 375 18 is_stmt 0 view .LVU80
 462 0000 014B     		ldr	r3, .L33
 376:Drivers/STM32F0xx_HAL_Driver/Src/stm32f0xx_hal.c **** }
 463              		.loc 1 376 1 view .LVU81
 464              		@ sp needed
 375:Drivers/STM32F0xx_HAL_Driver/Src/stm32f0xx_hal.c ****    return((DBGMCU->IDCODE) >> 16U);
ARM GAS  /tmp/ccWPuuHw.s 			page 16


 465              		.loc 1 375 18 view .LVU82
 466 0002 1868     		ldr	r0, [r3]
 375:Drivers/STM32F0xx_HAL_Driver/Src/stm32f0xx_hal.c ****    return((DBGMCU->IDCODE) >> 16U);
 467              		.loc 1 375 28 view .LVU83
 468 0004 000C     		lsrs	r0, r0, #16
 469              		.loc 1 376 1 view .LVU84
 470 0006 7047     		bx	lr
 471              	.L34:
 472              		.align	2
 473              	.L33:
 474 0008 00580140 		.word	1073829888
 475              		.cfi_endproc
 476              	.LFE48:
 478              		.section	.text.HAL_GetDEVID,"ax",%progbits
 479              		.align	1
 480              		.p2align 2,,3
 481              		.global	HAL_GetDEVID
 482              		.syntax unified
 483              		.code	16
 484              		.thumb_func
 485              		.fpu softvfp
 487              	HAL_GetDEVID:
 488              	.LFB49:
 377:Drivers/STM32F0xx_HAL_Driver/Src/stm32f0xx_hal.c **** 
 378:Drivers/STM32F0xx_HAL_Driver/Src/stm32f0xx_hal.c **** /**
 379:Drivers/STM32F0xx_HAL_Driver/Src/stm32f0xx_hal.c ****   * @brief  Returns the device identifier.
 380:Drivers/STM32F0xx_HAL_Driver/Src/stm32f0xx_hal.c ****   * @retval Device identifier
 381:Drivers/STM32F0xx_HAL_Driver/Src/stm32f0xx_hal.c ****   */
 382:Drivers/STM32F0xx_HAL_Driver/Src/stm32f0xx_hal.c **** uint32_t HAL_GetDEVID(void)
 383:Drivers/STM32F0xx_HAL_Driver/Src/stm32f0xx_hal.c **** {
 489              		.loc 1 383 1 is_stmt 1 view -0
 490              		.cfi_startproc
 491              		@ args = 0, pretend = 0, frame = 0
 492              		@ frame_needed = 0, uses_anonymous_args = 0
 493              		@ link register save eliminated.
 384:Drivers/STM32F0xx_HAL_Driver/Src/stm32f0xx_hal.c ****    return((DBGMCU->IDCODE) & IDCODE_DEVID_MASK);
 494              		.loc 1 384 4 view .LVU86
 495              		.loc 1 384 18 is_stmt 0 view .LVU87
 496 0000 024B     		ldr	r3, .L36
 385:Drivers/STM32F0xx_HAL_Driver/Src/stm32f0xx_hal.c **** }
 497              		.loc 1 385 1 view .LVU88
 498              		@ sp needed
 384:Drivers/STM32F0xx_HAL_Driver/Src/stm32f0xx_hal.c ****    return((DBGMCU->IDCODE) & IDCODE_DEVID_MASK);
 499              		.loc 1 384 18 view .LVU89
 500 0002 1868     		ldr	r0, [r3]
 384:Drivers/STM32F0xx_HAL_Driver/Src/stm32f0xx_hal.c ****    return((DBGMCU->IDCODE) & IDCODE_DEVID_MASK);
 501              		.loc 1 384 28 view .LVU90
 502 0004 0005     		lsls	r0, r0, #20
 503 0006 000D     		lsrs	r0, r0, #20
 504              		.loc 1 385 1 view .LVU91
 505 0008 7047     		bx	lr
 506              	.L37:
 507 000a C046     		.align	2
 508              	.L36:
 509 000c 00580140 		.word	1073829888
 510              		.cfi_endproc
 511              	.LFE49:
ARM GAS  /tmp/ccWPuuHw.s 			page 17


 513              		.section	.text.HAL_GetUIDw0,"ax",%progbits
 514              		.align	1
 515              		.p2align 2,,3
 516              		.global	HAL_GetUIDw0
 517              		.syntax unified
 518              		.code	16
 519              		.thumb_func
 520              		.fpu softvfp
 522              	HAL_GetUIDw0:
 523              	.LFB50:
 386:Drivers/STM32F0xx_HAL_Driver/Src/stm32f0xx_hal.c **** 
 387:Drivers/STM32F0xx_HAL_Driver/Src/stm32f0xx_hal.c **** /**
 388:Drivers/STM32F0xx_HAL_Driver/Src/stm32f0xx_hal.c ****   * @brief  Returns first word of the unique device identifier (UID based on 96 bits)
 389:Drivers/STM32F0xx_HAL_Driver/Src/stm32f0xx_hal.c ****   * @retval Device identifier
 390:Drivers/STM32F0xx_HAL_Driver/Src/stm32f0xx_hal.c ****   */
 391:Drivers/STM32F0xx_HAL_Driver/Src/stm32f0xx_hal.c **** uint32_t HAL_GetUIDw0(void)
 392:Drivers/STM32F0xx_HAL_Driver/Src/stm32f0xx_hal.c **** {
 524              		.loc 1 392 1 is_stmt 1 view -0
 525              		.cfi_startproc
 526              		@ args = 0, pretend = 0, frame = 0
 527              		@ frame_needed = 0, uses_anonymous_args = 0
 528              		@ link register save eliminated.
 393:Drivers/STM32F0xx_HAL_Driver/Src/stm32f0xx_hal.c ****    return(READ_REG(*((uint32_t *)UID_BASE)));
 529              		.loc 1 393 4 view .LVU93
 530              		.loc 1 393 11 is_stmt 0 view .LVU94
 531 0000 014B     		ldr	r3, .L39
 394:Drivers/STM32F0xx_HAL_Driver/Src/stm32f0xx_hal.c **** }
 532              		.loc 1 394 1 view .LVU95
 533              		@ sp needed
 393:Drivers/STM32F0xx_HAL_Driver/Src/stm32f0xx_hal.c ****    return(READ_REG(*((uint32_t *)UID_BASE)));
 534              		.loc 1 393 11 view .LVU96
 535 0002 1868     		ldr	r0, [r3]
 536              		.loc 1 394 1 view .LVU97
 537 0004 7047     		bx	lr
 538              	.L40:
 539 0006 C046     		.align	2
 540              	.L39:
 541 0008 ACF7FF1F 		.word	536868780
 542              		.cfi_endproc
 543              	.LFE50:
 545              		.section	.text.HAL_GetUIDw1,"ax",%progbits
 546              		.align	1
 547              		.p2align 2,,3
 548              		.global	HAL_GetUIDw1
 549              		.syntax unified
 550              		.code	16
 551              		.thumb_func
 552              		.fpu softvfp
 554              	HAL_GetUIDw1:
 555              	.LFB51:
 395:Drivers/STM32F0xx_HAL_Driver/Src/stm32f0xx_hal.c **** 
 396:Drivers/STM32F0xx_HAL_Driver/Src/stm32f0xx_hal.c **** /**
 397:Drivers/STM32F0xx_HAL_Driver/Src/stm32f0xx_hal.c ****   * @brief  Returns second word of the unique device identifier (UID based on 96 bits)
 398:Drivers/STM32F0xx_HAL_Driver/Src/stm32f0xx_hal.c ****   * @retval Device identifier
 399:Drivers/STM32F0xx_HAL_Driver/Src/stm32f0xx_hal.c ****   */
 400:Drivers/STM32F0xx_HAL_Driver/Src/stm32f0xx_hal.c **** uint32_t HAL_GetUIDw1(void)
 401:Drivers/STM32F0xx_HAL_Driver/Src/stm32f0xx_hal.c **** {
ARM GAS  /tmp/ccWPuuHw.s 			page 18


 556              		.loc 1 401 1 is_stmt 1 view -0
 557              		.cfi_startproc
 558              		@ args = 0, pretend = 0, frame = 0
 559              		@ frame_needed = 0, uses_anonymous_args = 0
 560              		@ link register save eliminated.
 402:Drivers/STM32F0xx_HAL_Driver/Src/stm32f0xx_hal.c ****    return(READ_REG(*((uint32_t *)(UID_BASE + 4U))));
 561              		.loc 1 402 4 view .LVU99
 562              		.loc 1 402 11 is_stmt 0 view .LVU100
 563 0000 014B     		ldr	r3, .L42
 403:Drivers/STM32F0xx_HAL_Driver/Src/stm32f0xx_hal.c **** }
 564              		.loc 1 403 1 view .LVU101
 565              		@ sp needed
 402:Drivers/STM32F0xx_HAL_Driver/Src/stm32f0xx_hal.c ****    return(READ_REG(*((uint32_t *)(UID_BASE + 4U))));
 566              		.loc 1 402 11 view .LVU102
 567 0002 1868     		ldr	r0, [r3]
 568              		.loc 1 403 1 view .LVU103
 569 0004 7047     		bx	lr
 570              	.L43:
 571 0006 C046     		.align	2
 572              	.L42:
 573 0008 B0F7FF1F 		.word	536868784
 574              		.cfi_endproc
 575              	.LFE51:
 577              		.section	.text.HAL_GetUIDw2,"ax",%progbits
 578              		.align	1
 579              		.p2align 2,,3
 580              		.global	HAL_GetUIDw2
 581              		.syntax unified
 582              		.code	16
 583              		.thumb_func
 584              		.fpu softvfp
 586              	HAL_GetUIDw2:
 587              	.LFB52:
 404:Drivers/STM32F0xx_HAL_Driver/Src/stm32f0xx_hal.c **** 
 405:Drivers/STM32F0xx_HAL_Driver/Src/stm32f0xx_hal.c **** /**
 406:Drivers/STM32F0xx_HAL_Driver/Src/stm32f0xx_hal.c ****   * @brief  Returns third word of the unique device identifier (UID based on 96 bits)
 407:Drivers/STM32F0xx_HAL_Driver/Src/stm32f0xx_hal.c ****   * @retval Device identifier
 408:Drivers/STM32F0xx_HAL_Driver/Src/stm32f0xx_hal.c ****   */
 409:Drivers/STM32F0xx_HAL_Driver/Src/stm32f0xx_hal.c **** uint32_t HAL_GetUIDw2(void)
 410:Drivers/STM32F0xx_HAL_Driver/Src/stm32f0xx_hal.c **** {
 588              		.loc 1 410 1 is_stmt 1 view -0
 589              		.cfi_startproc
 590              		@ args = 0, pretend = 0, frame = 0
 591              		@ frame_needed = 0, uses_anonymous_args = 0
 592              		@ link register save eliminated.
 411:Drivers/STM32F0xx_HAL_Driver/Src/stm32f0xx_hal.c ****    return(READ_REG(*((uint32_t *)(UID_BASE + 8U))));
 593              		.loc 1 411 4 view .LVU105
 594              		.loc 1 411 11 is_stmt 0 view .LVU106
 595 0000 014B     		ldr	r3, .L45
 412:Drivers/STM32F0xx_HAL_Driver/Src/stm32f0xx_hal.c **** }
 596              		.loc 1 412 1 view .LVU107
 597              		@ sp needed
 411:Drivers/STM32F0xx_HAL_Driver/Src/stm32f0xx_hal.c ****    return(READ_REG(*((uint32_t *)(UID_BASE + 8U))));
 598              		.loc 1 411 11 view .LVU108
 599 0002 1868     		ldr	r0, [r3]
 600              		.loc 1 412 1 view .LVU109
 601 0004 7047     		bx	lr
ARM GAS  /tmp/ccWPuuHw.s 			page 19


 602              	.L46:
 603 0006 C046     		.align	2
 604              	.L45:
 605 0008 B4F7FF1F 		.word	536868788
 606              		.cfi_endproc
 607              	.LFE52:
 609              		.section	.text.HAL_DBGMCU_EnableDBGStopMode,"ax",%progbits
 610              		.align	1
 611              		.p2align 2,,3
 612              		.global	HAL_DBGMCU_EnableDBGStopMode
 613              		.syntax unified
 614              		.code	16
 615              		.thumb_func
 616              		.fpu softvfp
 618              	HAL_DBGMCU_EnableDBGStopMode:
 619              	.LFB53:
 413:Drivers/STM32F0xx_HAL_Driver/Src/stm32f0xx_hal.c **** 
 414:Drivers/STM32F0xx_HAL_Driver/Src/stm32f0xx_hal.c **** /**
 415:Drivers/STM32F0xx_HAL_Driver/Src/stm32f0xx_hal.c ****   * @brief  Enable the Debug Module during STOP mode       
 416:Drivers/STM32F0xx_HAL_Driver/Src/stm32f0xx_hal.c ****   * @retval None
 417:Drivers/STM32F0xx_HAL_Driver/Src/stm32f0xx_hal.c ****   */
 418:Drivers/STM32F0xx_HAL_Driver/Src/stm32f0xx_hal.c **** void HAL_DBGMCU_EnableDBGStopMode(void)
 419:Drivers/STM32F0xx_HAL_Driver/Src/stm32f0xx_hal.c **** {
 620              		.loc 1 419 1 is_stmt 1 view -0
 621              		.cfi_startproc
 622              		@ args = 0, pretend = 0, frame = 0
 623              		@ frame_needed = 0, uses_anonymous_args = 0
 624              		@ link register save eliminated.
 420:Drivers/STM32F0xx_HAL_Driver/Src/stm32f0xx_hal.c ****   SET_BIT(DBGMCU->CR, DBGMCU_CR_DBG_STOP);
 625              		.loc 1 420 3 view .LVU111
 626 0000 0221     		movs	r1, #2
 627 0002 024A     		ldr	r2, .L48
 421:Drivers/STM32F0xx_HAL_Driver/Src/stm32f0xx_hal.c **** }
 628              		.loc 1 421 1 is_stmt 0 view .LVU112
 629              		@ sp needed
 420:Drivers/STM32F0xx_HAL_Driver/Src/stm32f0xx_hal.c ****   SET_BIT(DBGMCU->CR, DBGMCU_CR_DBG_STOP);
 630              		.loc 1 420 3 view .LVU113
 631 0004 5368     		ldr	r3, [r2, #4]
 632 0006 0B43     		orrs	r3, r1
 633 0008 5360     		str	r3, [r2, #4]
 634              		.loc 1 421 1 view .LVU114
 635 000a 7047     		bx	lr
 636              	.L49:
 637              		.align	2
 638              	.L48:
 639 000c 00580140 		.word	1073829888
 640              		.cfi_endproc
 641              	.LFE53:
 643              		.section	.text.HAL_DBGMCU_DisableDBGStopMode,"ax",%progbits
 644              		.align	1
 645              		.p2align 2,,3
 646              		.global	HAL_DBGMCU_DisableDBGStopMode
 647              		.syntax unified
 648              		.code	16
 649              		.thumb_func
 650              		.fpu softvfp
 652              	HAL_DBGMCU_DisableDBGStopMode:
ARM GAS  /tmp/ccWPuuHw.s 			page 20


 653              	.LFB54:
 422:Drivers/STM32F0xx_HAL_Driver/Src/stm32f0xx_hal.c **** 
 423:Drivers/STM32F0xx_HAL_Driver/Src/stm32f0xx_hal.c **** /**
 424:Drivers/STM32F0xx_HAL_Driver/Src/stm32f0xx_hal.c ****   * @brief  Disable the Debug Module during STOP mode       
 425:Drivers/STM32F0xx_HAL_Driver/Src/stm32f0xx_hal.c ****   * @retval None
 426:Drivers/STM32F0xx_HAL_Driver/Src/stm32f0xx_hal.c ****   */
 427:Drivers/STM32F0xx_HAL_Driver/Src/stm32f0xx_hal.c **** void HAL_DBGMCU_DisableDBGStopMode(void)
 428:Drivers/STM32F0xx_HAL_Driver/Src/stm32f0xx_hal.c **** {
 654              		.loc 1 428 1 is_stmt 1 view -0
 655              		.cfi_startproc
 656              		@ args = 0, pretend = 0, frame = 0
 657              		@ frame_needed = 0, uses_anonymous_args = 0
 658              		@ link register save eliminated.
 429:Drivers/STM32F0xx_HAL_Driver/Src/stm32f0xx_hal.c ****   CLEAR_BIT(DBGMCU->CR, DBGMCU_CR_DBG_STOP);
 659              		.loc 1 429 3 view .LVU116
 660 0000 0221     		movs	r1, #2
 661 0002 024A     		ldr	r2, .L51
 430:Drivers/STM32F0xx_HAL_Driver/Src/stm32f0xx_hal.c **** }
 662              		.loc 1 430 1 is_stmt 0 view .LVU117
 663              		@ sp needed
 429:Drivers/STM32F0xx_HAL_Driver/Src/stm32f0xx_hal.c ****   CLEAR_BIT(DBGMCU->CR, DBGMCU_CR_DBG_STOP);
 664              		.loc 1 429 3 view .LVU118
 665 0004 5368     		ldr	r3, [r2, #4]
 666 0006 8B43     		bics	r3, r1
 667 0008 5360     		str	r3, [r2, #4]
 668              		.loc 1 430 1 view .LVU119
 669 000a 7047     		bx	lr
 670              	.L52:
 671              		.align	2
 672              	.L51:
 673 000c 00580140 		.word	1073829888
 674              		.cfi_endproc
 675              	.LFE54:
 677              		.section	.text.HAL_DBGMCU_EnableDBGStandbyMode,"ax",%progbits
 678              		.align	1
 679              		.p2align 2,,3
 680              		.global	HAL_DBGMCU_EnableDBGStandbyMode
 681              		.syntax unified
 682              		.code	16
 683              		.thumb_func
 684              		.fpu softvfp
 686              	HAL_DBGMCU_EnableDBGStandbyMode:
 687              	.LFB55:
 431:Drivers/STM32F0xx_HAL_Driver/Src/stm32f0xx_hal.c **** 
 432:Drivers/STM32F0xx_HAL_Driver/Src/stm32f0xx_hal.c **** /**
 433:Drivers/STM32F0xx_HAL_Driver/Src/stm32f0xx_hal.c ****   * @brief  Enable the Debug Module during STANDBY mode       
 434:Drivers/STM32F0xx_HAL_Driver/Src/stm32f0xx_hal.c ****   * @retval None
 435:Drivers/STM32F0xx_HAL_Driver/Src/stm32f0xx_hal.c ****   */
 436:Drivers/STM32F0xx_HAL_Driver/Src/stm32f0xx_hal.c **** void HAL_DBGMCU_EnableDBGStandbyMode(void)
 437:Drivers/STM32F0xx_HAL_Driver/Src/stm32f0xx_hal.c **** {
 688              		.loc 1 437 1 is_stmt 1 view -0
 689              		.cfi_startproc
 690              		@ args = 0, pretend = 0, frame = 0
 691              		@ frame_needed = 0, uses_anonymous_args = 0
 692              		@ link register save eliminated.
 438:Drivers/STM32F0xx_HAL_Driver/Src/stm32f0xx_hal.c ****   SET_BIT(DBGMCU->CR, DBGMCU_CR_DBG_STANDBY);
 693              		.loc 1 438 3 view .LVU121
ARM GAS  /tmp/ccWPuuHw.s 			page 21


 694 0000 0421     		movs	r1, #4
 695 0002 024A     		ldr	r2, .L54
 439:Drivers/STM32F0xx_HAL_Driver/Src/stm32f0xx_hal.c **** }
 696              		.loc 1 439 1 is_stmt 0 view .LVU122
 697              		@ sp needed
 438:Drivers/STM32F0xx_HAL_Driver/Src/stm32f0xx_hal.c ****   SET_BIT(DBGMCU->CR, DBGMCU_CR_DBG_STANDBY);
 698              		.loc 1 438 3 view .LVU123
 699 0004 5368     		ldr	r3, [r2, #4]
 700 0006 0B43     		orrs	r3, r1
 701 0008 5360     		str	r3, [r2, #4]
 702              		.loc 1 439 1 view .LVU124
 703 000a 7047     		bx	lr
 704              	.L55:
 705              		.align	2
 706              	.L54:
 707 000c 00580140 		.word	1073829888
 708              		.cfi_endproc
 709              	.LFE55:
 711              		.section	.text.HAL_DBGMCU_DisableDBGStandbyMode,"ax",%progbits
 712              		.align	1
 713              		.p2align 2,,3
 714              		.global	HAL_DBGMCU_DisableDBGStandbyMode
 715              		.syntax unified
 716              		.code	16
 717              		.thumb_func
 718              		.fpu softvfp
 720              	HAL_DBGMCU_DisableDBGStandbyMode:
 721              	.LFB56:
 440:Drivers/STM32F0xx_HAL_Driver/Src/stm32f0xx_hal.c **** 
 441:Drivers/STM32F0xx_HAL_Driver/Src/stm32f0xx_hal.c **** /**
 442:Drivers/STM32F0xx_HAL_Driver/Src/stm32f0xx_hal.c ****   * @brief  Disable the Debug Module during STANDBY mode       
 443:Drivers/STM32F0xx_HAL_Driver/Src/stm32f0xx_hal.c ****   * @retval None
 444:Drivers/STM32F0xx_HAL_Driver/Src/stm32f0xx_hal.c ****   */
 445:Drivers/STM32F0xx_HAL_Driver/Src/stm32f0xx_hal.c **** void HAL_DBGMCU_DisableDBGStandbyMode(void)
 446:Drivers/STM32F0xx_HAL_Driver/Src/stm32f0xx_hal.c **** {
 722              		.loc 1 446 1 is_stmt 1 view -0
 723              		.cfi_startproc
 724              		@ args = 0, pretend = 0, frame = 0
 725              		@ frame_needed = 0, uses_anonymous_args = 0
 726              		@ link register save eliminated.
 447:Drivers/STM32F0xx_HAL_Driver/Src/stm32f0xx_hal.c ****   CLEAR_BIT(DBGMCU->CR, DBGMCU_CR_DBG_STANDBY);
 727              		.loc 1 447 3 view .LVU126
 728 0000 0421     		movs	r1, #4
 729 0002 024A     		ldr	r2, .L57
 448:Drivers/STM32F0xx_HAL_Driver/Src/stm32f0xx_hal.c **** }
 730              		.loc 1 448 1 is_stmt 0 view .LVU127
 731              		@ sp needed
 447:Drivers/STM32F0xx_HAL_Driver/Src/stm32f0xx_hal.c ****   CLEAR_BIT(DBGMCU->CR, DBGMCU_CR_DBG_STANDBY);
 732              		.loc 1 447 3 view .LVU128
 733 0004 5368     		ldr	r3, [r2, #4]
 734 0006 8B43     		bics	r3, r1
 735 0008 5360     		str	r3, [r2, #4]
 736              		.loc 1 448 1 view .LVU129
 737 000a 7047     		bx	lr
 738              	.L58:
 739              		.align	2
 740              	.L57:
ARM GAS  /tmp/ccWPuuHw.s 			page 22


 741 000c 00580140 		.word	1073829888
 742              		.cfi_endproc
 743              	.LFE56:
 745              		.comm	uwTick,4,4
 746              		.text
 747              	.Letext0:
 748              		.file 2 "/usr/lib/gcc/arm-none-eabi/8.2018.q4/arm-none-eabi/include/machine/_default_types.h"
 749              		.file 3 "/usr/lib/gcc/arm-none-eabi/8.2018.q4/arm-none-eabi/include/sys/_stdint.h"
 750              		.file 4 "Drivers/CMSIS/Include/core_cm0.h"
 751              		.file 5 "Drivers/CMSIS/Device/ST/STM32F0xx/Include/system_stm32f0xx.h"
 752              		.file 6 "Drivers/CMSIS/Device/ST/STM32F0xx/Include/stm32f091xc.h"
 753              		.file 7 "/usr/lib/gcc/arm-none-eabi/8.2018.q4/arm-none-eabi/include/sys/lock.h"
 754              		.file 8 "/usr/lib/gcc/arm-none-eabi/8.2018.q4/arm-none-eabi/include/sys/_types.h"
 755              		.file 9 "/usr/lib/gcc/arm-none-eabi/8.2018.q4/lib/gcc/arm-none-eabi/8.2.1/include/stddef.h"
 756              		.file 10 "/usr/lib/gcc/arm-none-eabi/8.2018.q4/arm-none-eabi/include/sys/reent.h"
 757              		.file 11 "Drivers/STM32F0xx_HAL_Driver/Inc/stm32f0xx_hal_def.h"
 758              		.file 12 "Drivers/STM32F0xx_HAL_Driver/Inc/stm32f0xx_hal_rcc.h"
 759              		.file 13 "Drivers/STM32F0xx_HAL_Driver/Inc/stm32f0xx_hal_cortex.h"
ARM GAS  /tmp/ccWPuuHw.s 			page 23


DEFINED SYMBOLS
                            *ABS*:0000000000000000 stm32f0xx_hal.c
     /tmp/ccWPuuHw.s:16     .text.HAL_MspInit:0000000000000000 $t
     /tmp/ccWPuuHw.s:25     .text.HAL_MspInit:0000000000000000 HAL_MspInit
     /tmp/ccWPuuHw.s:40     .text.HAL_MspDeInit:0000000000000000 $t
     /tmp/ccWPuuHw.s:48     .text.HAL_MspDeInit:0000000000000000 HAL_MspDeInit
     /tmp/ccWPuuHw.s:60     .text.HAL_DeInit:0000000000000000 $t
     /tmp/ccWPuuHw.s:68     .text.HAL_DeInit:0000000000000000 HAL_DeInit
     /tmp/ccWPuuHw.s:109    .text.HAL_DeInit:0000000000000020 $d
     /tmp/ccWPuuHw.s:115    .text.HAL_InitTick:0000000000000000 $t
     /tmp/ccWPuuHw.s:123    .text.HAL_InitTick:0000000000000000 HAL_InitTick
     /tmp/ccWPuuHw.s:167    .text.HAL_Init:0000000000000000 $t
     /tmp/ccWPuuHw.s:175    .text.HAL_Init:0000000000000000 HAL_Init
     /tmp/ccWPuuHw.s:213    .text.HAL_Init:000000000000001c $d
     /tmp/ccWPuuHw.s:218    .text.HAL_IncTick:0000000000000000 $t
     /tmp/ccWPuuHw.s:226    .text.HAL_IncTick:0000000000000000 HAL_IncTick
     /tmp/ccWPuuHw.s:247    .text.HAL_IncTick:000000000000000c $d
                            *COM*:0000000000000004 uwTick
     /tmp/ccWPuuHw.s:252    .text.HAL_GetTick:0000000000000000 $t
     /tmp/ccWPuuHw.s:260    .text.HAL_GetTick:0000000000000000 HAL_GetTick
     /tmp/ccWPuuHw.s:279    .text.HAL_GetTick:0000000000000008 $d
     /tmp/ccWPuuHw.s:284    .text.HAL_Delay:0000000000000000 $t
     /tmp/ccWPuuHw.s:292    .text.HAL_Delay:0000000000000000 HAL_Delay
     /tmp/ccWPuuHw.s:349    .text.HAL_SuspendTick:0000000000000000 $t
     /tmp/ccWPuuHw.s:357    .text.HAL_SuspendTick:0000000000000000 HAL_SuspendTick
     /tmp/ccWPuuHw.s:378    .text.HAL_SuspendTick:000000000000000c $d
     /tmp/ccWPuuHw.s:383    .text.HAL_ResumeTick:0000000000000000 $t
     /tmp/ccWPuuHw.s:391    .text.HAL_ResumeTick:0000000000000000 HAL_ResumeTick
     /tmp/ccWPuuHw.s:412    .text.HAL_ResumeTick:000000000000000c $d
     /tmp/ccWPuuHw.s:417    .text.HAL_GetHalVersion:0000000000000000 $t
     /tmp/ccWPuuHw.s:425    .text.HAL_GetHalVersion:0000000000000000 HAL_GetHalVersion
     /tmp/ccWPuuHw.s:440    .text.HAL_GetHalVersion:0000000000000004 $d
     /tmp/ccWPuuHw.s:445    .text.HAL_GetREVID:0000000000000000 $t
     /tmp/ccWPuuHw.s:453    .text.HAL_GetREVID:0000000000000000 HAL_GetREVID
     /tmp/ccWPuuHw.s:474    .text.HAL_GetREVID:0000000000000008 $d
     /tmp/ccWPuuHw.s:479    .text.HAL_GetDEVID:0000000000000000 $t
     /tmp/ccWPuuHw.s:487    .text.HAL_GetDEVID:0000000000000000 HAL_GetDEVID
     /tmp/ccWPuuHw.s:509    .text.HAL_GetDEVID:000000000000000c $d
     /tmp/ccWPuuHw.s:514    .text.HAL_GetUIDw0:0000000000000000 $t
     /tmp/ccWPuuHw.s:522    .text.HAL_GetUIDw0:0000000000000000 HAL_GetUIDw0
     /tmp/ccWPuuHw.s:541    .text.HAL_GetUIDw0:0000000000000008 $d
     /tmp/ccWPuuHw.s:546    .text.HAL_GetUIDw1:0000000000000000 $t
     /tmp/ccWPuuHw.s:554    .text.HAL_GetUIDw1:0000000000000000 HAL_GetUIDw1
     /tmp/ccWPuuHw.s:573    .text.HAL_GetUIDw1:0000000000000008 $d
     /tmp/ccWPuuHw.s:578    .text.HAL_GetUIDw2:0000000000000000 $t
     /tmp/ccWPuuHw.s:586    .text.HAL_GetUIDw2:0000000000000000 HAL_GetUIDw2
     /tmp/ccWPuuHw.s:605    .text.HAL_GetUIDw2:0000000000000008 $d
     /tmp/ccWPuuHw.s:610    .text.HAL_DBGMCU_EnableDBGStopMode:0000000000000000 $t
     /tmp/ccWPuuHw.s:618    .text.HAL_DBGMCU_EnableDBGStopMode:0000000000000000 HAL_DBGMCU_EnableDBGStopMode
     /tmp/ccWPuuHw.s:639    .text.HAL_DBGMCU_EnableDBGStopMode:000000000000000c $d
     /tmp/ccWPuuHw.s:644    .text.HAL_DBGMCU_DisableDBGStopMode:0000000000000000 $t
     /tmp/ccWPuuHw.s:652    .text.HAL_DBGMCU_DisableDBGStopMode:0000000000000000 HAL_DBGMCU_DisableDBGStopMode
     /tmp/ccWPuuHw.s:673    .text.HAL_DBGMCU_DisableDBGStopMode:000000000000000c $d
     /tmp/ccWPuuHw.s:678    .text.HAL_DBGMCU_EnableDBGStandbyMode:0000000000000000 $t
     /tmp/ccWPuuHw.s:686    .text.HAL_DBGMCU_EnableDBGStandbyMode:0000000000000000 HAL_DBGMCU_EnableDBGStandbyMode
     /tmp/ccWPuuHw.s:707    .text.HAL_DBGMCU_EnableDBGStandbyMode:000000000000000c $d
     /tmp/ccWPuuHw.s:712    .text.HAL_DBGMCU_DisableDBGStandbyMode:0000000000000000 $t
ARM GAS  /tmp/ccWPuuHw.s 			page 24


     /tmp/ccWPuuHw.s:720    .text.HAL_DBGMCU_DisableDBGStandbyMode:0000000000000000 HAL_DBGMCU_DisableDBGStandbyMode
     /tmp/ccWPuuHw.s:741    .text.HAL_DBGMCU_DisableDBGStandbyMode:000000000000000c $d

UNDEFINED SYMBOLS
__aeabi_uidiv
HAL_RCC_GetHCLKFreq
HAL_SYSTICK_Config
HAL_NVIC_SetPriority
