ARM GAS  /tmp/ccGRPABE.s 			page 1


   1              		.cpu cortex-m0
   2              		.eabi_attribute 20, 1
   3              		.eabi_attribute 21, 1
   4              		.eabi_attribute 23, 3
   5              		.eabi_attribute 24, 1
   6              		.eabi_attribute 25, 1
   7              		.eabi_attribute 26, 1
   8              		.eabi_attribute 30, 2
   9              		.eabi_attribute 34, 0
  10              		.eabi_attribute 18, 4
  11              		.file	"stm32f0xx_hal_i2c_ex.c"
  12              		.text
  13              	.Ltext0:
  14              		.cfi_sections	.debug_frame
  15              		.section	.text.HAL_I2CEx_ConfigAnalogFilter,"ax",%progbits
  16              		.align	1
  17              		.p2align 2,,3
  18              		.global	HAL_I2CEx_ConfigAnalogFilter
  19              		.arch armv6s-m
  20              		.syntax unified
  21              		.code	16
  22              		.thumb_func
  23              		.fpu softvfp
  25              	HAL_I2CEx_ConfigAnalogFilter:
  26              	.LVL0:
  27              	.LFB37:
  28              		.file 1 "Drivers/STM32F0xx_HAL_Driver/Src/stm32f0xx_hal_i2c_ex.c"
   1:Drivers/STM32F0xx_HAL_Driver/Src/stm32f0xx_hal_i2c_ex.c **** /**
   2:Drivers/STM32F0xx_HAL_Driver/Src/stm32f0xx_hal_i2c_ex.c ****   ******************************************************************************
   3:Drivers/STM32F0xx_HAL_Driver/Src/stm32f0xx_hal_i2c_ex.c ****   * @file    stm32f0xx_hal_i2c_ex.c
   4:Drivers/STM32F0xx_HAL_Driver/Src/stm32f0xx_hal_i2c_ex.c ****   * @author  MCD Application Team
   5:Drivers/STM32F0xx_HAL_Driver/Src/stm32f0xx_hal_i2c_ex.c ****   * @brief   I2C Extended HAL module driver.
   6:Drivers/STM32F0xx_HAL_Driver/Src/stm32f0xx_hal_i2c_ex.c ****   *          This file provides firmware functions to manage the following
   7:Drivers/STM32F0xx_HAL_Driver/Src/stm32f0xx_hal_i2c_ex.c ****   *          functionalities of I2C Extended peripheral:
   8:Drivers/STM32F0xx_HAL_Driver/Src/stm32f0xx_hal_i2c_ex.c ****   *           + Extended features functions
   9:Drivers/STM32F0xx_HAL_Driver/Src/stm32f0xx_hal_i2c_ex.c ****   *
  10:Drivers/STM32F0xx_HAL_Driver/Src/stm32f0xx_hal_i2c_ex.c ****   @verbatim
  11:Drivers/STM32F0xx_HAL_Driver/Src/stm32f0xx_hal_i2c_ex.c ****   ==============================================================================
  12:Drivers/STM32F0xx_HAL_Driver/Src/stm32f0xx_hal_i2c_ex.c ****                ##### I2C peripheral Extended features  #####
  13:Drivers/STM32F0xx_HAL_Driver/Src/stm32f0xx_hal_i2c_ex.c ****   ==============================================================================
  14:Drivers/STM32F0xx_HAL_Driver/Src/stm32f0xx_hal_i2c_ex.c **** 
  15:Drivers/STM32F0xx_HAL_Driver/Src/stm32f0xx_hal_i2c_ex.c ****   [..] Comparing to other previous devices, the I2C interface for STM32F0xx
  16:Drivers/STM32F0xx_HAL_Driver/Src/stm32f0xx_hal_i2c_ex.c ****        devices contains the following additional features
  17:Drivers/STM32F0xx_HAL_Driver/Src/stm32f0xx_hal_i2c_ex.c **** 
  18:Drivers/STM32F0xx_HAL_Driver/Src/stm32f0xx_hal_i2c_ex.c ****        (+) Possibility to disable or enable Analog Noise Filter
  19:Drivers/STM32F0xx_HAL_Driver/Src/stm32f0xx_hal_i2c_ex.c ****        (+) Use of a configured Digital Noise Filter
  20:Drivers/STM32F0xx_HAL_Driver/Src/stm32f0xx_hal_i2c_ex.c ****        (+) Disable or enable wakeup from Stop mode
  21:Drivers/STM32F0xx_HAL_Driver/Src/stm32f0xx_hal_i2c_ex.c **** 
  22:Drivers/STM32F0xx_HAL_Driver/Src/stm32f0xx_hal_i2c_ex.c ****                      ##### How to use this driver #####
  23:Drivers/STM32F0xx_HAL_Driver/Src/stm32f0xx_hal_i2c_ex.c ****   ==============================================================================
  24:Drivers/STM32F0xx_HAL_Driver/Src/stm32f0xx_hal_i2c_ex.c ****   [..] This driver provides functions to configure Noise Filter and Wake Up Feature
  25:Drivers/STM32F0xx_HAL_Driver/Src/stm32f0xx_hal_i2c_ex.c ****     (#) Configure I2C Analog noise filter using the function HAL_I2CEx_ConfigAnalogFilter()
  26:Drivers/STM32F0xx_HAL_Driver/Src/stm32f0xx_hal_i2c_ex.c ****     (#) Configure I2C Digital noise filter using the function HAL_I2CEx_ConfigDigitalFilter()
  27:Drivers/STM32F0xx_HAL_Driver/Src/stm32f0xx_hal_i2c_ex.c ****     (#) Configure the enable or disable of I2C Wake Up Mode using the functions :
  28:Drivers/STM32F0xx_HAL_Driver/Src/stm32f0xx_hal_i2c_ex.c ****           (++) HAL_I2CEx_EnableWakeUp()
  29:Drivers/STM32F0xx_HAL_Driver/Src/stm32f0xx_hal_i2c_ex.c ****           (++) HAL_I2CEx_DisableWakeUp()
  30:Drivers/STM32F0xx_HAL_Driver/Src/stm32f0xx_hal_i2c_ex.c ****     (#) Configure the enable or disable of fast mode plus driving capability using the functions :
ARM GAS  /tmp/ccGRPABE.s 			page 2


  31:Drivers/STM32F0xx_HAL_Driver/Src/stm32f0xx_hal_i2c_ex.c ****           (++) HAL_I2CEx_EnableFastModePlus()
  32:Drivers/STM32F0xx_HAL_Driver/Src/stm32f0xx_hal_i2c_ex.c ****           (++) HAL_I2CEx_DisableFastModePlus()
  33:Drivers/STM32F0xx_HAL_Driver/Src/stm32f0xx_hal_i2c_ex.c ****   @endverbatim
  34:Drivers/STM32F0xx_HAL_Driver/Src/stm32f0xx_hal_i2c_ex.c ****   ******************************************************************************
  35:Drivers/STM32F0xx_HAL_Driver/Src/stm32f0xx_hal_i2c_ex.c ****   * @attention
  36:Drivers/STM32F0xx_HAL_Driver/Src/stm32f0xx_hal_i2c_ex.c ****   *
  37:Drivers/STM32F0xx_HAL_Driver/Src/stm32f0xx_hal_i2c_ex.c ****   * <h2><center>&copy; COPYRIGHT(c) 2016 STMicroelectronics</center></h2>
  38:Drivers/STM32F0xx_HAL_Driver/Src/stm32f0xx_hal_i2c_ex.c ****   *
  39:Drivers/STM32F0xx_HAL_Driver/Src/stm32f0xx_hal_i2c_ex.c ****   * Redistribution and use in source and binary forms, with or without modification,
  40:Drivers/STM32F0xx_HAL_Driver/Src/stm32f0xx_hal_i2c_ex.c ****   * are permitted provided that the following conditions are met:
  41:Drivers/STM32F0xx_HAL_Driver/Src/stm32f0xx_hal_i2c_ex.c ****   *   1. Redistributions of source code must retain the above copyright notice,
  42:Drivers/STM32F0xx_HAL_Driver/Src/stm32f0xx_hal_i2c_ex.c ****   *      this list of conditions and the following disclaimer.
  43:Drivers/STM32F0xx_HAL_Driver/Src/stm32f0xx_hal_i2c_ex.c ****   *   2. Redistributions in binary form must reproduce the above copyright notice,
  44:Drivers/STM32F0xx_HAL_Driver/Src/stm32f0xx_hal_i2c_ex.c ****   *      this list of conditions and the following disclaimer in the documentation
  45:Drivers/STM32F0xx_HAL_Driver/Src/stm32f0xx_hal_i2c_ex.c ****   *      and/or other materials provided with the distribution.
  46:Drivers/STM32F0xx_HAL_Driver/Src/stm32f0xx_hal_i2c_ex.c ****   *   3. Neither the name of STMicroelectronics nor the names of its contributors
  47:Drivers/STM32F0xx_HAL_Driver/Src/stm32f0xx_hal_i2c_ex.c ****   *      may be used to endorse or promote products derived from this software
  48:Drivers/STM32F0xx_HAL_Driver/Src/stm32f0xx_hal_i2c_ex.c ****   *      without specific prior written permission.
  49:Drivers/STM32F0xx_HAL_Driver/Src/stm32f0xx_hal_i2c_ex.c ****   *
  50:Drivers/STM32F0xx_HAL_Driver/Src/stm32f0xx_hal_i2c_ex.c ****   * THIS SOFTWARE IS PROVIDED BY THE COPYRIGHT HOLDERS AND CONTRIBUTORS "AS IS"
  51:Drivers/STM32F0xx_HAL_Driver/Src/stm32f0xx_hal_i2c_ex.c ****   * AND ANY EXPRESS OR IMPLIED WARRANTIES, INCLUDING, BUT NOT LIMITED TO, THE
  52:Drivers/STM32F0xx_HAL_Driver/Src/stm32f0xx_hal_i2c_ex.c ****   * IMPLIED WARRANTIES OF MERCHANTABILITY AND FITNESS FOR A PARTICULAR PURPOSE ARE
  53:Drivers/STM32F0xx_HAL_Driver/Src/stm32f0xx_hal_i2c_ex.c ****   * DISCLAIMED. IN NO EVENT SHALL THE COPYRIGHT HOLDER OR CONTRIBUTORS BE LIABLE
  54:Drivers/STM32F0xx_HAL_Driver/Src/stm32f0xx_hal_i2c_ex.c ****   * FOR ANY DIRECT, INDIRECT, INCIDENTAL, SPECIAL, EXEMPLARY, OR CONSEQUENTIAL
  55:Drivers/STM32F0xx_HAL_Driver/Src/stm32f0xx_hal_i2c_ex.c ****   * DAMAGES (INCLUDING, BUT NOT LIMITED TO, PROCUREMENT OF SUBSTITUTE GOODS OR
  56:Drivers/STM32F0xx_HAL_Driver/Src/stm32f0xx_hal_i2c_ex.c ****   * SERVICES; LOSS OF USE, DATA, OR PROFITS; OR BUSINESS INTERRUPTION) HOWEVER
  57:Drivers/STM32F0xx_HAL_Driver/Src/stm32f0xx_hal_i2c_ex.c ****   * CAUSED AND ON ANY THEORY OF LIABILITY, WHETHER IN CONTRACT, STRICT LIABILITY,
  58:Drivers/STM32F0xx_HAL_Driver/Src/stm32f0xx_hal_i2c_ex.c ****   * OR TORT (INCLUDING NEGLIGENCE OR OTHERWISE) ARISING IN ANY WAY OUT OF THE USE
  59:Drivers/STM32F0xx_HAL_Driver/Src/stm32f0xx_hal_i2c_ex.c ****   * OF THIS SOFTWARE, EVEN IF ADVISED OF THE POSSIBILITY OF SUCH DAMAGE.
  60:Drivers/STM32F0xx_HAL_Driver/Src/stm32f0xx_hal_i2c_ex.c ****   *
  61:Drivers/STM32F0xx_HAL_Driver/Src/stm32f0xx_hal_i2c_ex.c ****   ******************************************************************************
  62:Drivers/STM32F0xx_HAL_Driver/Src/stm32f0xx_hal_i2c_ex.c ****   */
  63:Drivers/STM32F0xx_HAL_Driver/Src/stm32f0xx_hal_i2c_ex.c **** 
  64:Drivers/STM32F0xx_HAL_Driver/Src/stm32f0xx_hal_i2c_ex.c **** /* Includes ------------------------------------------------------------------*/
  65:Drivers/STM32F0xx_HAL_Driver/Src/stm32f0xx_hal_i2c_ex.c **** #include "stm32f0xx_hal.h"
  66:Drivers/STM32F0xx_HAL_Driver/Src/stm32f0xx_hal_i2c_ex.c **** 
  67:Drivers/STM32F0xx_HAL_Driver/Src/stm32f0xx_hal_i2c_ex.c **** /** @addtogroup STM32F0xx_HAL_Driver
  68:Drivers/STM32F0xx_HAL_Driver/Src/stm32f0xx_hal_i2c_ex.c ****   * @{
  69:Drivers/STM32F0xx_HAL_Driver/Src/stm32f0xx_hal_i2c_ex.c ****   */
  70:Drivers/STM32F0xx_HAL_Driver/Src/stm32f0xx_hal_i2c_ex.c **** 
  71:Drivers/STM32F0xx_HAL_Driver/Src/stm32f0xx_hal_i2c_ex.c **** /** @defgroup I2CEx I2CEx
  72:Drivers/STM32F0xx_HAL_Driver/Src/stm32f0xx_hal_i2c_ex.c ****   * @brief I2C Extended HAL module driver
  73:Drivers/STM32F0xx_HAL_Driver/Src/stm32f0xx_hal_i2c_ex.c ****   * @{
  74:Drivers/STM32F0xx_HAL_Driver/Src/stm32f0xx_hal_i2c_ex.c ****   */
  75:Drivers/STM32F0xx_HAL_Driver/Src/stm32f0xx_hal_i2c_ex.c **** 
  76:Drivers/STM32F0xx_HAL_Driver/Src/stm32f0xx_hal_i2c_ex.c **** #ifdef HAL_I2C_MODULE_ENABLED
  77:Drivers/STM32F0xx_HAL_Driver/Src/stm32f0xx_hal_i2c_ex.c **** 
  78:Drivers/STM32F0xx_HAL_Driver/Src/stm32f0xx_hal_i2c_ex.c **** /* Private typedef -----------------------------------------------------------*/
  79:Drivers/STM32F0xx_HAL_Driver/Src/stm32f0xx_hal_i2c_ex.c **** /* Private define ------------------------------------------------------------*/
  80:Drivers/STM32F0xx_HAL_Driver/Src/stm32f0xx_hal_i2c_ex.c **** /* Private macro -------------------------------------------------------------*/
  81:Drivers/STM32F0xx_HAL_Driver/Src/stm32f0xx_hal_i2c_ex.c **** /* Private variables ---------------------------------------------------------*/
  82:Drivers/STM32F0xx_HAL_Driver/Src/stm32f0xx_hal_i2c_ex.c **** /* Private function prototypes -----------------------------------------------*/
  83:Drivers/STM32F0xx_HAL_Driver/Src/stm32f0xx_hal_i2c_ex.c **** /* Private functions ---------------------------------------------------------*/
  84:Drivers/STM32F0xx_HAL_Driver/Src/stm32f0xx_hal_i2c_ex.c **** 
  85:Drivers/STM32F0xx_HAL_Driver/Src/stm32f0xx_hal_i2c_ex.c **** /** @defgroup I2CEx_Exported_Functions I2C Extended Exported Functions
  86:Drivers/STM32F0xx_HAL_Driver/Src/stm32f0xx_hal_i2c_ex.c ****   * @{
  87:Drivers/STM32F0xx_HAL_Driver/Src/stm32f0xx_hal_i2c_ex.c ****   */
ARM GAS  /tmp/ccGRPABE.s 			page 3


  88:Drivers/STM32F0xx_HAL_Driver/Src/stm32f0xx_hal_i2c_ex.c **** 
  89:Drivers/STM32F0xx_HAL_Driver/Src/stm32f0xx_hal_i2c_ex.c **** /** @defgroup I2CEx_Exported_Functions_Group1 Extended features functions
  90:Drivers/STM32F0xx_HAL_Driver/Src/stm32f0xx_hal_i2c_ex.c ****   * @brief    Extended features functions
  91:Drivers/STM32F0xx_HAL_Driver/Src/stm32f0xx_hal_i2c_ex.c ****  *
  92:Drivers/STM32F0xx_HAL_Driver/Src/stm32f0xx_hal_i2c_ex.c **** @verbatim
  93:Drivers/STM32F0xx_HAL_Driver/Src/stm32f0xx_hal_i2c_ex.c ****  ===============================================================================
  94:Drivers/STM32F0xx_HAL_Driver/Src/stm32f0xx_hal_i2c_ex.c ****                       ##### Extended features functions #####
  95:Drivers/STM32F0xx_HAL_Driver/Src/stm32f0xx_hal_i2c_ex.c ****  ===============================================================================
  96:Drivers/STM32F0xx_HAL_Driver/Src/stm32f0xx_hal_i2c_ex.c ****     [..] This section provides functions allowing to:
  97:Drivers/STM32F0xx_HAL_Driver/Src/stm32f0xx_hal_i2c_ex.c ****       (+) Configure Noise Filters
  98:Drivers/STM32F0xx_HAL_Driver/Src/stm32f0xx_hal_i2c_ex.c ****       (+) Configure Wake Up Feature
  99:Drivers/STM32F0xx_HAL_Driver/Src/stm32f0xx_hal_i2c_ex.c **** 
 100:Drivers/STM32F0xx_HAL_Driver/Src/stm32f0xx_hal_i2c_ex.c **** @endverbatim
 101:Drivers/STM32F0xx_HAL_Driver/Src/stm32f0xx_hal_i2c_ex.c ****   * @{
 102:Drivers/STM32F0xx_HAL_Driver/Src/stm32f0xx_hal_i2c_ex.c ****   */
 103:Drivers/STM32F0xx_HAL_Driver/Src/stm32f0xx_hal_i2c_ex.c **** 
 104:Drivers/STM32F0xx_HAL_Driver/Src/stm32f0xx_hal_i2c_ex.c **** /**
 105:Drivers/STM32F0xx_HAL_Driver/Src/stm32f0xx_hal_i2c_ex.c ****   * @brief  Configure I2C Analog noise filter.
 106:Drivers/STM32F0xx_HAL_Driver/Src/stm32f0xx_hal_i2c_ex.c ****   * @param  hi2c Pointer to a I2C_HandleTypeDef structure that contains
 107:Drivers/STM32F0xx_HAL_Driver/Src/stm32f0xx_hal_i2c_ex.c ****   *                the configuration information for the specified I2Cx peripheral.
 108:Drivers/STM32F0xx_HAL_Driver/Src/stm32f0xx_hal_i2c_ex.c ****   * @param  AnalogFilter New state of the Analog filter.
 109:Drivers/STM32F0xx_HAL_Driver/Src/stm32f0xx_hal_i2c_ex.c ****   * @retval HAL status
 110:Drivers/STM32F0xx_HAL_Driver/Src/stm32f0xx_hal_i2c_ex.c ****   */
 111:Drivers/STM32F0xx_HAL_Driver/Src/stm32f0xx_hal_i2c_ex.c **** HAL_StatusTypeDef HAL_I2CEx_ConfigAnalogFilter(I2C_HandleTypeDef *hi2c, uint32_t AnalogFilter)
 112:Drivers/STM32F0xx_HAL_Driver/Src/stm32f0xx_hal_i2c_ex.c **** {
  29              		.loc 1 112 1 view -0
  30              		.cfi_startproc
  31              		@ args = 0, pretend = 0, frame = 0
  32              		@ frame_needed = 0, uses_anonymous_args = 0
 113:Drivers/STM32F0xx_HAL_Driver/Src/stm32f0xx_hal_i2c_ex.c ****   /* Check the parameters */
 114:Drivers/STM32F0xx_HAL_Driver/Src/stm32f0xx_hal_i2c_ex.c ****   assert_param(IS_I2C_ALL_INSTANCE(hi2c->Instance));
  33              		.loc 1 114 3 view .LVU1
 115:Drivers/STM32F0xx_HAL_Driver/Src/stm32f0xx_hal_i2c_ex.c ****   assert_param(IS_I2C_ANALOG_FILTER(AnalogFilter));
  34              		.loc 1 115 3 view .LVU2
 116:Drivers/STM32F0xx_HAL_Driver/Src/stm32f0xx_hal_i2c_ex.c **** 
 117:Drivers/STM32F0xx_HAL_Driver/Src/stm32f0xx_hal_i2c_ex.c ****   if (hi2c->State == HAL_I2C_STATE_READY)
  35              		.loc 1 117 3 view .LVU3
 112:Drivers/STM32F0xx_HAL_Driver/Src/stm32f0xx_hal_i2c_ex.c ****   /* Check the parameters */
  36              		.loc 1 112 1 is_stmt 0 view .LVU4
  37 0000 F0B5     		push	{r4, r5, r6, r7, lr}
  38              	.LCFI0:
  39              		.cfi_def_cfa_offset 20
  40              		.cfi_offset 4, -20
  41              		.cfi_offset 5, -16
  42              		.cfi_offset 6, -12
  43              		.cfi_offset 7, -8
  44              		.cfi_offset 14, -4
  45              		.loc 1 117 11 view .LVU5
  46 0002 4126     		movs	r6, #65
  47 0004 825D     		ldrb	r2, [r0, r6]
  48 0006 D2B2     		uxtb	r2, r2
  49              		.loc 1 117 6 view .LVU6
  50 0008 202A     		cmp	r2, #32
  51 000a 1BD1     		bne	.L4
 118:Drivers/STM32F0xx_HAL_Driver/Src/stm32f0xx_hal_i2c_ex.c ****   {
 119:Drivers/STM32F0xx_HAL_Driver/Src/stm32f0xx_hal_i2c_ex.c ****     /* Process Locked */
 120:Drivers/STM32F0xx_HAL_Driver/Src/stm32f0xx_hal_i2c_ex.c ****     __HAL_LOCK(hi2c);
ARM GAS  /tmp/ccGRPABE.s 			page 4


  52              		.loc 1 120 5 is_stmt 1 view .LVU7
  53              		.loc 1 120 5 view .LVU8
  54 000c 4027     		movs	r7, #64
  55 000e C35D     		ldrb	r3, [r0, r7]
  56 0010 012B     		cmp	r3, #1
  57 0012 17D0     		beq	.L4
  58              		.loc 1 120 5 discriminator 2 view .LVU9
 121:Drivers/STM32F0xx_HAL_Driver/Src/stm32f0xx_hal_i2c_ex.c **** 
 122:Drivers/STM32F0xx_HAL_Driver/Src/stm32f0xx_hal_i2c_ex.c ****     hi2c->State = HAL_I2C_STATE_BUSY;
  59              		.loc 1 122 5 discriminator 2 view .LVU10
 123:Drivers/STM32F0xx_HAL_Driver/Src/stm32f0xx_hal_i2c_ex.c **** 
 124:Drivers/STM32F0xx_HAL_Driver/Src/stm32f0xx_hal_i2c_ex.c ****     /* Disable the selected I2C peripheral */
 125:Drivers/STM32F0xx_HAL_Driver/Src/stm32f0xx_hal_i2c_ex.c ****     __HAL_I2C_DISABLE(hi2c);
  60              		.loc 1 125 5 is_stmt 0 discriminator 2 view .LVU11
  61 0014 0124     		movs	r4, #1
 122:Drivers/STM32F0xx_HAL_Driver/Src/stm32f0xx_hal_i2c_ex.c **** 
  62              		.loc 1 122 17 discriminator 2 view .LVU12
  63 0016 2423     		movs	r3, #36
  64              		.loc 1 125 5 discriminator 2 view .LVU13
  65 0018 A446     		mov	ip, r4
 122:Drivers/STM32F0xx_HAL_Driver/Src/stm32f0xx_hal_i2c_ex.c **** 
  66              		.loc 1 122 17 discriminator 2 view .LVU14
  67 001a 8355     		strb	r3, [r0, r6]
  68              		.loc 1 125 5 is_stmt 1 discriminator 2 view .LVU15
  69 001c 0368     		ldr	r3, [r0]
  70 001e 1D68     		ldr	r5, [r3]
  71 0020 A543     		bics	r5, r4
  72 0022 1D60     		str	r5, [r3]
 126:Drivers/STM32F0xx_HAL_Driver/Src/stm32f0xx_hal_i2c_ex.c **** 
 127:Drivers/STM32F0xx_HAL_Driver/Src/stm32f0xx_hal_i2c_ex.c ****     /* Reset I2Cx ANOFF bit */
 128:Drivers/STM32F0xx_HAL_Driver/Src/stm32f0xx_hal_i2c_ex.c ****     hi2c->Instance->CR1 &= ~(I2C_CR1_ANFOFF);
  73              		.loc 1 128 5 discriminator 2 view .LVU16
  74              		.loc 1 128 25 is_stmt 0 discriminator 2 view .LVU17
  75 0024 1D68     		ldr	r5, [r3]
  76 0026 084C     		ldr	r4, .L6
  77 0028 2540     		ands	r5, r4
  78 002a 1D60     		str	r5, [r3]
 129:Drivers/STM32F0xx_HAL_Driver/Src/stm32f0xx_hal_i2c_ex.c **** 
 130:Drivers/STM32F0xx_HAL_Driver/Src/stm32f0xx_hal_i2c_ex.c ****     /* Set analog filter bit*/
 131:Drivers/STM32F0xx_HAL_Driver/Src/stm32f0xx_hal_i2c_ex.c ****     hi2c->Instance->CR1 |= AnalogFilter;
  79              		.loc 1 131 5 is_stmt 1 discriminator 2 view .LVU18
  80              		.loc 1 131 25 is_stmt 0 discriminator 2 view .LVU19
  81 002c 1C68     		ldr	r4, [r3]
  82 002e 0C43     		orrs	r4, r1
  83 0030 1C60     		str	r4, [r3]
 132:Drivers/STM32F0xx_HAL_Driver/Src/stm32f0xx_hal_i2c_ex.c **** 
 133:Drivers/STM32F0xx_HAL_Driver/Src/stm32f0xx_hal_i2c_ex.c ****     __HAL_I2C_ENABLE(hi2c);
  84              		.loc 1 133 5 is_stmt 1 discriminator 2 view .LVU20
  85 0032 6446     		mov	r4, ip
  86 0034 1968     		ldr	r1, [r3]
  87              	.LVL1:
  88              		.loc 1 133 5 is_stmt 0 discriminator 2 view .LVU21
  89 0036 2143     		orrs	r1, r4
  90 0038 1960     		str	r1, [r3]
 134:Drivers/STM32F0xx_HAL_Driver/Src/stm32f0xx_hal_i2c_ex.c **** 
 135:Drivers/STM32F0xx_HAL_Driver/Src/stm32f0xx_hal_i2c_ex.c ****     hi2c->State = HAL_I2C_STATE_READY;
  91              		.loc 1 135 5 is_stmt 1 discriminator 2 view .LVU22
ARM GAS  /tmp/ccGRPABE.s 			page 5


 136:Drivers/STM32F0xx_HAL_Driver/Src/stm32f0xx_hal_i2c_ex.c **** 
 137:Drivers/STM32F0xx_HAL_Driver/Src/stm32f0xx_hal_i2c_ex.c ****     /* Process Unlocked */
 138:Drivers/STM32F0xx_HAL_Driver/Src/stm32f0xx_hal_i2c_ex.c ****     __HAL_UNLOCK(hi2c);
  92              		.loc 1 138 5 is_stmt 0 discriminator 2 view .LVU23
  93 003a 0023     		movs	r3, #0
 135:Drivers/STM32F0xx_HAL_Driver/Src/stm32f0xx_hal_i2c_ex.c **** 
  94              		.loc 1 135 17 discriminator 2 view .LVU24
  95 003c 8255     		strb	r2, [r0, r6]
  96              		.loc 1 138 5 is_stmt 1 discriminator 2 view .LVU25
  97              		.loc 1 138 5 discriminator 2 view .LVU26
  98 003e C355     		strb	r3, [r0, r7]
 139:Drivers/STM32F0xx_HAL_Driver/Src/stm32f0xx_hal_i2c_ex.c **** 
 140:Drivers/STM32F0xx_HAL_Driver/Src/stm32f0xx_hal_i2c_ex.c ****     return HAL_OK;
  99              		.loc 1 140 5 discriminator 2 view .LVU27
 100              		.loc 1 140 12 is_stmt 0 discriminator 2 view .LVU28
 101 0040 0020     		movs	r0, #0
 102              	.LVL2:
 103              	.L2:
 141:Drivers/STM32F0xx_HAL_Driver/Src/stm32f0xx_hal_i2c_ex.c ****   }
 142:Drivers/STM32F0xx_HAL_Driver/Src/stm32f0xx_hal_i2c_ex.c ****   else
 143:Drivers/STM32F0xx_HAL_Driver/Src/stm32f0xx_hal_i2c_ex.c ****   {
 144:Drivers/STM32F0xx_HAL_Driver/Src/stm32f0xx_hal_i2c_ex.c ****     return HAL_BUSY;
 145:Drivers/STM32F0xx_HAL_Driver/Src/stm32f0xx_hal_i2c_ex.c ****   }
 146:Drivers/STM32F0xx_HAL_Driver/Src/stm32f0xx_hal_i2c_ex.c **** }
 104              		.loc 1 146 1 view .LVU29
 105              		@ sp needed
 106 0042 F0BD     		pop	{r4, r5, r6, r7, pc}
 107              	.LVL3:
 108              	.L4:
 144:Drivers/STM32F0xx_HAL_Driver/Src/stm32f0xx_hal_i2c_ex.c ****   }
 109              		.loc 1 144 12 view .LVU30
 110 0044 0220     		movs	r0, #2
 111              	.LVL4:
 144:Drivers/STM32F0xx_HAL_Driver/Src/stm32f0xx_hal_i2c_ex.c ****   }
 112              		.loc 1 144 12 view .LVU31
 113 0046 FCE7     		b	.L2
 114              	.L7:
 115              		.align	2
 116              	.L6:
 117 0048 FFEFFFFF 		.word	-4097
 118              		.cfi_endproc
 119              	.LFE37:
 121              		.section	.text.HAL_I2CEx_ConfigDigitalFilter,"ax",%progbits
 122              		.align	1
 123              		.p2align 2,,3
 124              		.global	HAL_I2CEx_ConfigDigitalFilter
 125              		.syntax unified
 126              		.code	16
 127              		.thumb_func
 128              		.fpu softvfp
 130              	HAL_I2CEx_ConfigDigitalFilter:
 131              	.LVL5:
 132              	.LFB38:
 147:Drivers/STM32F0xx_HAL_Driver/Src/stm32f0xx_hal_i2c_ex.c **** 
 148:Drivers/STM32F0xx_HAL_Driver/Src/stm32f0xx_hal_i2c_ex.c **** /**
 149:Drivers/STM32F0xx_HAL_Driver/Src/stm32f0xx_hal_i2c_ex.c ****   * @brief  Configure I2C Digital noise filter.
 150:Drivers/STM32F0xx_HAL_Driver/Src/stm32f0xx_hal_i2c_ex.c ****   * @param  hi2c Pointer to a I2C_HandleTypeDef structure that contains
ARM GAS  /tmp/ccGRPABE.s 			page 6


 151:Drivers/STM32F0xx_HAL_Driver/Src/stm32f0xx_hal_i2c_ex.c ****   *                the configuration information for the specified I2Cx peripheral.
 152:Drivers/STM32F0xx_HAL_Driver/Src/stm32f0xx_hal_i2c_ex.c ****   * @param  DigitalFilter Coefficient of digital noise filter between Min_Data=0x00 and Max_Data=0x
 153:Drivers/STM32F0xx_HAL_Driver/Src/stm32f0xx_hal_i2c_ex.c ****   * @retval HAL status
 154:Drivers/STM32F0xx_HAL_Driver/Src/stm32f0xx_hal_i2c_ex.c ****   */
 155:Drivers/STM32F0xx_HAL_Driver/Src/stm32f0xx_hal_i2c_ex.c **** HAL_StatusTypeDef HAL_I2CEx_ConfigDigitalFilter(I2C_HandleTypeDef *hi2c, uint32_t DigitalFilter)
 156:Drivers/STM32F0xx_HAL_Driver/Src/stm32f0xx_hal_i2c_ex.c **** {
 133              		.loc 1 156 1 is_stmt 1 view -0
 134              		.cfi_startproc
 135              		@ args = 0, pretend = 0, frame = 0
 136              		@ frame_needed = 0, uses_anonymous_args = 0
 157:Drivers/STM32F0xx_HAL_Driver/Src/stm32f0xx_hal_i2c_ex.c ****   uint32_t tmpreg = 0U;
 137              		.loc 1 157 3 view .LVU33
 158:Drivers/STM32F0xx_HAL_Driver/Src/stm32f0xx_hal_i2c_ex.c **** 
 159:Drivers/STM32F0xx_HAL_Driver/Src/stm32f0xx_hal_i2c_ex.c ****   /* Check the parameters */
 160:Drivers/STM32F0xx_HAL_Driver/Src/stm32f0xx_hal_i2c_ex.c ****   assert_param(IS_I2C_ALL_INSTANCE(hi2c->Instance));
 138              		.loc 1 160 3 view .LVU34
 161:Drivers/STM32F0xx_HAL_Driver/Src/stm32f0xx_hal_i2c_ex.c ****   assert_param(IS_I2C_DIGITAL_FILTER(DigitalFilter));
 139              		.loc 1 161 3 view .LVU35
 162:Drivers/STM32F0xx_HAL_Driver/Src/stm32f0xx_hal_i2c_ex.c **** 
 163:Drivers/STM32F0xx_HAL_Driver/Src/stm32f0xx_hal_i2c_ex.c ****   if (hi2c->State == HAL_I2C_STATE_READY)
 140              		.loc 1 163 3 view .LVU36
 156:Drivers/STM32F0xx_HAL_Driver/Src/stm32f0xx_hal_i2c_ex.c ****   uint32_t tmpreg = 0U;
 141              		.loc 1 156 1 is_stmt 0 view .LVU37
 142 0000 F0B5     		push	{r4, r5, r6, r7, lr}
 143              	.LCFI1:
 144              		.cfi_def_cfa_offset 20
 145              		.cfi_offset 4, -20
 146              		.cfi_offset 5, -16
 147              		.cfi_offset 6, -12
 148              		.cfi_offset 7, -8
 149              		.cfi_offset 14, -4
 150 0002 CE46     		mov	lr, r9
 151 0004 4746     		mov	r7, r8
 152              		.loc 1 163 11 view .LVU38
 153 0006 4124     		movs	r4, #65
 156:Drivers/STM32F0xx_HAL_Driver/Src/stm32f0xx_hal_i2c_ex.c ****   uint32_t tmpreg = 0U;
 154              		.loc 1 156 1 view .LVU39
 155 0008 80B5     		push	{r7, lr}
 156              	.LCFI2:
 157              		.cfi_def_cfa_offset 28
 158              		.cfi_offset 8, -28
 159              		.cfi_offset 9, -24
 160              		.loc 1 163 11 view .LVU40
 161 000a 035D     		ldrb	r3, [r0, r4]
 162 000c DBB2     		uxtb	r3, r3
 163              		.loc 1 163 6 view .LVU41
 164 000e 202B     		cmp	r3, #32
 165 0010 1FD1     		bne	.L11
 164:Drivers/STM32F0xx_HAL_Driver/Src/stm32f0xx_hal_i2c_ex.c ****   {
 165:Drivers/STM32F0xx_HAL_Driver/Src/stm32f0xx_hal_i2c_ex.c ****     /* Process Locked */
 166:Drivers/STM32F0xx_HAL_Driver/Src/stm32f0xx_hal_i2c_ex.c ****     __HAL_LOCK(hi2c);
 166              		.loc 1 166 5 is_stmt 1 view .LVU42
 167              		.loc 1 166 5 view .LVU43
 168 0012 4026     		movs	r6, #64
 169 0014 825D     		ldrb	r2, [r0, r6]
 170 0016 012A     		cmp	r2, #1
 171 0018 1BD0     		beq	.L11
ARM GAS  /tmp/ccGRPABE.s 			page 7


 172              		.loc 1 166 5 discriminator 2 view .LVU44
 167:Drivers/STM32F0xx_HAL_Driver/Src/stm32f0xx_hal_i2c_ex.c **** 
 168:Drivers/STM32F0xx_HAL_Driver/Src/stm32f0xx_hal_i2c_ex.c ****     hi2c->State = HAL_I2C_STATE_BUSY;
 173              		.loc 1 168 5 discriminator 2 view .LVU45
 174              		.loc 1 168 17 is_stmt 0 discriminator 2 view .LVU46
 175 001a 2422     		movs	r2, #36
 169:Drivers/STM32F0xx_HAL_Driver/Src/stm32f0xx_hal_i2c_ex.c **** 
 170:Drivers/STM32F0xx_HAL_Driver/Src/stm32f0xx_hal_i2c_ex.c ****     /* Disable the selected I2C peripheral */
 171:Drivers/STM32F0xx_HAL_Driver/Src/stm32f0xx_hal_i2c_ex.c ****     __HAL_I2C_DISABLE(hi2c);
 176              		.loc 1 171 5 discriminator 2 view .LVU47
 177 001c 0127     		movs	r7, #1
 168:Drivers/STM32F0xx_HAL_Driver/Src/stm32f0xx_hal_i2c_ex.c **** 
 178              		.loc 1 168 17 discriminator 2 view .LVU48
 179 001e 0255     		strb	r2, [r0, r4]
 180              		.loc 1 171 5 is_stmt 1 discriminator 2 view .LVU49
 181 0020 0268     		ldr	r2, [r0]
 182 0022 B946     		mov	r9, r7
 183 0024 1568     		ldr	r5, [r2]
 172:Drivers/STM32F0xx_HAL_Driver/Src/stm32f0xx_hal_i2c_ex.c **** 
 173:Drivers/STM32F0xx_HAL_Driver/Src/stm32f0xx_hal_i2c_ex.c ****     /* Get the old register value */
 174:Drivers/STM32F0xx_HAL_Driver/Src/stm32f0xx_hal_i2c_ex.c ****     tmpreg = hi2c->Instance->CR1;
 175:Drivers/STM32F0xx_HAL_Driver/Src/stm32f0xx_hal_i2c_ex.c **** 
 176:Drivers/STM32F0xx_HAL_Driver/Src/stm32f0xx_hal_i2c_ex.c ****     /* Reset I2Cx DNF bits [11:8] */
 177:Drivers/STM32F0xx_HAL_Driver/Src/stm32f0xx_hal_i2c_ex.c ****     tmpreg &= ~(I2C_CR1_DNF);
 178:Drivers/STM32F0xx_HAL_Driver/Src/stm32f0xx_hal_i2c_ex.c **** 
 179:Drivers/STM32F0xx_HAL_Driver/Src/stm32f0xx_hal_i2c_ex.c ****     /* Set I2Cx DNF coefficient */
 180:Drivers/STM32F0xx_HAL_Driver/Src/stm32f0xx_hal_i2c_ex.c ****     tmpreg |= DigitalFilter << 8U;
 184              		.loc 1 180 29 is_stmt 0 discriminator 2 view .LVU50
 185 0026 0902     		lsls	r1, r1, #8
 186              	.LVL6:
 171:Drivers/STM32F0xx_HAL_Driver/Src/stm32f0xx_hal_i2c_ex.c **** 
 187              		.loc 1 171 5 discriminator 2 view .LVU51
 188 0028 BD43     		bics	r5, r7
 189 002a 1560     		str	r5, [r2]
 174:Drivers/STM32F0xx_HAL_Driver/Src/stm32f0xx_hal_i2c_ex.c **** 
 190              		.loc 1 174 5 is_stmt 1 discriminator 2 view .LVU52
 174:Drivers/STM32F0xx_HAL_Driver/Src/stm32f0xx_hal_i2c_ex.c **** 
 191              		.loc 1 174 12 is_stmt 0 discriminator 2 view .LVU53
 192 002c 1568     		ldr	r5, [r2]
 193              	.LVL7:
 174:Drivers/STM32F0xx_HAL_Driver/Src/stm32f0xx_hal_i2c_ex.c **** 
 194              		.loc 1 174 12 discriminator 2 view .LVU54
 195 002e A846     		mov	r8, r5
 196              	.LVL8:
 177:Drivers/STM32F0xx_HAL_Driver/Src/stm32f0xx_hal_i2c_ex.c **** 
 197              		.loc 1 177 5 is_stmt 1 discriminator 2 view .LVU55
 177:Drivers/STM32F0xx_HAL_Driver/Src/stm32f0xx_hal_i2c_ex.c **** 
 198              		.loc 1 177 12 is_stmt 0 discriminator 2 view .LVU56
 199 0030 4746     		mov	r7, r8
 200 0032 094D     		ldr	r5, .L12
 201              	.LVL9:
 177:Drivers/STM32F0xx_HAL_Driver/Src/stm32f0xx_hal_i2c_ex.c **** 
 202              		.loc 1 177 12 discriminator 2 view .LVU57
 203 0034 2F40     		ands	r7, r5
 204              	.LVL10:
 205              		.loc 1 180 5 is_stmt 1 discriminator 2 view .LVU58
 181:Drivers/STM32F0xx_HAL_Driver/Src/stm32f0xx_hal_i2c_ex.c **** 
ARM GAS  /tmp/ccGRPABE.s 			page 8


 182:Drivers/STM32F0xx_HAL_Driver/Src/stm32f0xx_hal_i2c_ex.c ****     /* Store the new register value */
 183:Drivers/STM32F0xx_HAL_Driver/Src/stm32f0xx_hal_i2c_ex.c ****     hi2c->Instance->CR1 = tmpreg;
 184:Drivers/STM32F0xx_HAL_Driver/Src/stm32f0xx_hal_i2c_ex.c **** 
 185:Drivers/STM32F0xx_HAL_Driver/Src/stm32f0xx_hal_i2c_ex.c ****     __HAL_I2C_ENABLE(hi2c);
 206              		.loc 1 185 5 is_stmt 0 discriminator 2 view .LVU59
 207 0036 4D46     		mov	r5, r9
 180:Drivers/STM32F0xx_HAL_Driver/Src/stm32f0xx_hal_i2c_ex.c **** 
 208              		.loc 1 180 12 discriminator 2 view .LVU60
 209 0038 3943     		orrs	r1, r7
 210              	.LVL11:
 183:Drivers/STM32F0xx_HAL_Driver/Src/stm32f0xx_hal_i2c_ex.c **** 
 211              		.loc 1 183 5 is_stmt 1 discriminator 2 view .LVU61
 183:Drivers/STM32F0xx_HAL_Driver/Src/stm32f0xx_hal_i2c_ex.c **** 
 212              		.loc 1 183 25 is_stmt 0 discriminator 2 view .LVU62
 213 003a 1160     		str	r1, [r2]
 214              		.loc 1 185 5 is_stmt 1 discriminator 2 view .LVU63
 215 003c 1168     		ldr	r1, [r2]
 216              	.LVL12:
 217              		.loc 1 185 5 is_stmt 0 discriminator 2 view .LVU64
 218 003e 2943     		orrs	r1, r5
 219 0040 1160     		str	r1, [r2]
 220              	.LVL13:
 186:Drivers/STM32F0xx_HAL_Driver/Src/stm32f0xx_hal_i2c_ex.c **** 
 187:Drivers/STM32F0xx_HAL_Driver/Src/stm32f0xx_hal_i2c_ex.c ****     hi2c->State = HAL_I2C_STATE_READY;
 221              		.loc 1 187 5 is_stmt 1 discriminator 2 view .LVU65
 222              		.loc 1 187 17 is_stmt 0 discriminator 2 view .LVU66
 223 0042 0355     		strb	r3, [r0, r4]
 188:Drivers/STM32F0xx_HAL_Driver/Src/stm32f0xx_hal_i2c_ex.c **** 
 189:Drivers/STM32F0xx_HAL_Driver/Src/stm32f0xx_hal_i2c_ex.c ****     /* Process Unlocked */
 190:Drivers/STM32F0xx_HAL_Driver/Src/stm32f0xx_hal_i2c_ex.c ****     __HAL_UNLOCK(hi2c);
 224              		.loc 1 190 5 is_stmt 1 discriminator 2 view .LVU67
 225              		.loc 1 190 5 discriminator 2 view .LVU68
 226 0044 0023     		movs	r3, #0
 227 0046 8355     		strb	r3, [r0, r6]
 191:Drivers/STM32F0xx_HAL_Driver/Src/stm32f0xx_hal_i2c_ex.c **** 
 192:Drivers/STM32F0xx_HAL_Driver/Src/stm32f0xx_hal_i2c_ex.c ****     return HAL_OK;
 228              		.loc 1 192 5 discriminator 2 view .LVU69
 229              		.loc 1 192 12 is_stmt 0 discriminator 2 view .LVU70
 230 0048 0020     		movs	r0, #0
 231              	.LVL14:
 232              	.L9:
 193:Drivers/STM32F0xx_HAL_Driver/Src/stm32f0xx_hal_i2c_ex.c ****   }
 194:Drivers/STM32F0xx_HAL_Driver/Src/stm32f0xx_hal_i2c_ex.c ****   else
 195:Drivers/STM32F0xx_HAL_Driver/Src/stm32f0xx_hal_i2c_ex.c ****   {
 196:Drivers/STM32F0xx_HAL_Driver/Src/stm32f0xx_hal_i2c_ex.c ****     return HAL_BUSY;
 197:Drivers/STM32F0xx_HAL_Driver/Src/stm32f0xx_hal_i2c_ex.c ****   }
 198:Drivers/STM32F0xx_HAL_Driver/Src/stm32f0xx_hal_i2c_ex.c **** }
 233              		.loc 1 198 1 view .LVU71
 234              		@ sp needed
 235 004a 0CBC     		pop	{r2, r3}
 236 004c 9046     		mov	r8, r2
 237 004e 9946     		mov	r9, r3
 238 0050 F0BD     		pop	{r4, r5, r6, r7, pc}
 239              	.LVL15:
 240              	.L11:
 196:Drivers/STM32F0xx_HAL_Driver/Src/stm32f0xx_hal_i2c_ex.c ****   }
 241              		.loc 1 196 12 view .LVU72
ARM GAS  /tmp/ccGRPABE.s 			page 9


 242 0052 0220     		movs	r0, #2
 243              	.LVL16:
 196:Drivers/STM32F0xx_HAL_Driver/Src/stm32f0xx_hal_i2c_ex.c ****   }
 244              		.loc 1 196 12 view .LVU73
 245 0054 F9E7     		b	.L9
 246              	.L13:
 247 0056 C046     		.align	2
 248              	.L12:
 249 0058 FFF0FFFF 		.word	-3841
 250              		.cfi_endproc
 251              	.LFE38:
 253              		.section	.text.HAL_I2CEx_EnableWakeUp,"ax",%progbits
 254              		.align	1
 255              		.p2align 2,,3
 256              		.global	HAL_I2CEx_EnableWakeUp
 257              		.syntax unified
 258              		.code	16
 259              		.thumb_func
 260              		.fpu softvfp
 262              	HAL_I2CEx_EnableWakeUp:
 263              	.LVL17:
 264              	.LFB39:
 199:Drivers/STM32F0xx_HAL_Driver/Src/stm32f0xx_hal_i2c_ex.c **** #if defined(I2C_CR1_WUPEN)
 200:Drivers/STM32F0xx_HAL_Driver/Src/stm32f0xx_hal_i2c_ex.c **** 
 201:Drivers/STM32F0xx_HAL_Driver/Src/stm32f0xx_hal_i2c_ex.c **** /**
 202:Drivers/STM32F0xx_HAL_Driver/Src/stm32f0xx_hal_i2c_ex.c ****   * @brief  Enable I2C wakeup from stop mode.
 203:Drivers/STM32F0xx_HAL_Driver/Src/stm32f0xx_hal_i2c_ex.c ****   * @param  hi2c Pointer to a I2C_HandleTypeDef structure that contains
 204:Drivers/STM32F0xx_HAL_Driver/Src/stm32f0xx_hal_i2c_ex.c ****   *                the configuration information for the specified I2Cx peripheral.
 205:Drivers/STM32F0xx_HAL_Driver/Src/stm32f0xx_hal_i2c_ex.c ****   * @retval HAL status
 206:Drivers/STM32F0xx_HAL_Driver/Src/stm32f0xx_hal_i2c_ex.c ****   */
 207:Drivers/STM32F0xx_HAL_Driver/Src/stm32f0xx_hal_i2c_ex.c **** HAL_StatusTypeDef HAL_I2CEx_EnableWakeUp(I2C_HandleTypeDef *hi2c)
 208:Drivers/STM32F0xx_HAL_Driver/Src/stm32f0xx_hal_i2c_ex.c **** {
 265              		.loc 1 208 1 is_stmt 1 view -0
 266              		.cfi_startproc
 267              		@ args = 0, pretend = 0, frame = 0
 268              		@ frame_needed = 0, uses_anonymous_args = 0
 209:Drivers/STM32F0xx_HAL_Driver/Src/stm32f0xx_hal_i2c_ex.c ****   /* Check the parameters */
 210:Drivers/STM32F0xx_HAL_Driver/Src/stm32f0xx_hal_i2c_ex.c ****   assert_param(IS_I2C_WAKEUP_FROMSTOP_INSTANCE(hi2c->Instance));
 269              		.loc 1 210 3 view .LVU75
 211:Drivers/STM32F0xx_HAL_Driver/Src/stm32f0xx_hal_i2c_ex.c **** 
 212:Drivers/STM32F0xx_HAL_Driver/Src/stm32f0xx_hal_i2c_ex.c ****   if (hi2c->State == HAL_I2C_STATE_READY)
 270              		.loc 1 212 3 view .LVU76
 208:Drivers/STM32F0xx_HAL_Driver/Src/stm32f0xx_hal_i2c_ex.c ****   /* Check the parameters */
 271              		.loc 1 208 1 is_stmt 0 view .LVU77
 272 0000 F0B5     		push	{r4, r5, r6, r7, lr}
 273              	.LCFI3:
 274              		.cfi_def_cfa_offset 20
 275              		.cfi_offset 4, -20
 276              		.cfi_offset 5, -16
 277              		.cfi_offset 6, -12
 278              		.cfi_offset 7, -8
 279              		.cfi_offset 14, -4
 280              		.loc 1 212 11 view .LVU78
 281 0002 4125     		movs	r5, #65
 282 0004 435D     		ldrb	r3, [r0, r5]
 283 0006 DBB2     		uxtb	r3, r3
 284              		.loc 1 212 6 view .LVU79
ARM GAS  /tmp/ccGRPABE.s 			page 10


 285 0008 202B     		cmp	r3, #32
 286 000a 17D1     		bne	.L17
 213:Drivers/STM32F0xx_HAL_Driver/Src/stm32f0xx_hal_i2c_ex.c ****   {
 214:Drivers/STM32F0xx_HAL_Driver/Src/stm32f0xx_hal_i2c_ex.c ****     /* Process Locked */
 215:Drivers/STM32F0xx_HAL_Driver/Src/stm32f0xx_hal_i2c_ex.c ****     __HAL_LOCK(hi2c);
 287              		.loc 1 215 5 is_stmt 1 view .LVU80
 288              		.loc 1 215 5 view .LVU81
 289 000c 4026     		movs	r6, #64
 290 000e 825D     		ldrb	r2, [r0, r6]
 291 0010 012A     		cmp	r2, #1
 292 0012 13D0     		beq	.L17
 293              		.loc 1 215 5 discriminator 2 view .LVU82
 216:Drivers/STM32F0xx_HAL_Driver/Src/stm32f0xx_hal_i2c_ex.c **** 
 217:Drivers/STM32F0xx_HAL_Driver/Src/stm32f0xx_hal_i2c_ex.c ****     hi2c->State = HAL_I2C_STATE_BUSY;
 294              		.loc 1 217 5 discriminator 2 view .LVU83
 295              		.loc 1 217 17 is_stmt 0 discriminator 2 view .LVU84
 296 0014 2422     		movs	r2, #36
 218:Drivers/STM32F0xx_HAL_Driver/Src/stm32f0xx_hal_i2c_ex.c **** 
 219:Drivers/STM32F0xx_HAL_Driver/Src/stm32f0xx_hal_i2c_ex.c ****     /* Disable the selected I2C peripheral */
 220:Drivers/STM32F0xx_HAL_Driver/Src/stm32f0xx_hal_i2c_ex.c ****     __HAL_I2C_DISABLE(hi2c);
 297              		.loc 1 220 5 discriminator 2 view .LVU85
 298 0016 0127     		movs	r7, #1
 217:Drivers/STM32F0xx_HAL_Driver/Src/stm32f0xx_hal_i2c_ex.c **** 
 299              		.loc 1 217 17 discriminator 2 view .LVU86
 300 0018 4255     		strb	r2, [r0, r5]
 301              		.loc 1 220 5 is_stmt 1 discriminator 2 view .LVU87
 302 001a 0268     		ldr	r2, [r0]
 303 001c 1468     		ldr	r4, [r2]
 304 001e BC43     		bics	r4, r7
 305 0020 1460     		str	r4, [r2]
 221:Drivers/STM32F0xx_HAL_Driver/Src/stm32f0xx_hal_i2c_ex.c **** 
 222:Drivers/STM32F0xx_HAL_Driver/Src/stm32f0xx_hal_i2c_ex.c ****     /* Enable wakeup from stop mode */
 223:Drivers/STM32F0xx_HAL_Driver/Src/stm32f0xx_hal_i2c_ex.c ****     hi2c->Instance->CR1 |= I2C_CR1_WUPEN;
 306              		.loc 1 223 5 discriminator 2 view .LVU88
 307              		.loc 1 223 25 is_stmt 0 discriminator 2 view .LVU89
 308 0022 8024     		movs	r4, #128
 309 0024 1168     		ldr	r1, [r2]
 310 0026 E402     		lsls	r4, r4, #11
 311 0028 0C43     		orrs	r4, r1
 312 002a 1460     		str	r4, [r2]
 224:Drivers/STM32F0xx_HAL_Driver/Src/stm32f0xx_hal_i2c_ex.c **** 
 225:Drivers/STM32F0xx_HAL_Driver/Src/stm32f0xx_hal_i2c_ex.c ****     __HAL_I2C_ENABLE(hi2c);
 313              		.loc 1 225 5 is_stmt 1 discriminator 2 view .LVU90
 314 002c 1168     		ldr	r1, [r2]
 315 002e 3943     		orrs	r1, r7
 316 0030 1160     		str	r1, [r2]
 226:Drivers/STM32F0xx_HAL_Driver/Src/stm32f0xx_hal_i2c_ex.c **** 
 227:Drivers/STM32F0xx_HAL_Driver/Src/stm32f0xx_hal_i2c_ex.c ****     hi2c->State = HAL_I2C_STATE_READY;
 317              		.loc 1 227 5 discriminator 2 view .LVU91
 318              		.loc 1 227 17 is_stmt 0 discriminator 2 view .LVU92
 319 0032 4355     		strb	r3, [r0, r5]
 228:Drivers/STM32F0xx_HAL_Driver/Src/stm32f0xx_hal_i2c_ex.c **** 
 229:Drivers/STM32F0xx_HAL_Driver/Src/stm32f0xx_hal_i2c_ex.c ****     /* Process Unlocked */
 230:Drivers/STM32F0xx_HAL_Driver/Src/stm32f0xx_hal_i2c_ex.c ****     __HAL_UNLOCK(hi2c);
 320              		.loc 1 230 5 is_stmt 1 discriminator 2 view .LVU93
 321              		.loc 1 230 5 discriminator 2 view .LVU94
 322 0034 0023     		movs	r3, #0
ARM GAS  /tmp/ccGRPABE.s 			page 11


 323 0036 8355     		strb	r3, [r0, r6]
 231:Drivers/STM32F0xx_HAL_Driver/Src/stm32f0xx_hal_i2c_ex.c **** 
 232:Drivers/STM32F0xx_HAL_Driver/Src/stm32f0xx_hal_i2c_ex.c ****     return HAL_OK;
 324              		.loc 1 232 5 discriminator 2 view .LVU95
 325              		.loc 1 232 12 is_stmt 0 discriminator 2 view .LVU96
 326 0038 0020     		movs	r0, #0
 327              	.LVL18:
 328              	.L15:
 233:Drivers/STM32F0xx_HAL_Driver/Src/stm32f0xx_hal_i2c_ex.c ****   }
 234:Drivers/STM32F0xx_HAL_Driver/Src/stm32f0xx_hal_i2c_ex.c ****   else
 235:Drivers/STM32F0xx_HAL_Driver/Src/stm32f0xx_hal_i2c_ex.c ****   {
 236:Drivers/STM32F0xx_HAL_Driver/Src/stm32f0xx_hal_i2c_ex.c ****     return HAL_BUSY;
 237:Drivers/STM32F0xx_HAL_Driver/Src/stm32f0xx_hal_i2c_ex.c ****   }
 238:Drivers/STM32F0xx_HAL_Driver/Src/stm32f0xx_hal_i2c_ex.c **** }
 329              		.loc 1 238 1 view .LVU97
 330              		@ sp needed
 331 003a F0BD     		pop	{r4, r5, r6, r7, pc}
 332              	.LVL19:
 333              	.L17:
 236:Drivers/STM32F0xx_HAL_Driver/Src/stm32f0xx_hal_i2c_ex.c ****   }
 334              		.loc 1 236 12 view .LVU98
 335 003c 0220     		movs	r0, #2
 336              	.LVL20:
 236:Drivers/STM32F0xx_HAL_Driver/Src/stm32f0xx_hal_i2c_ex.c ****   }
 337              		.loc 1 236 12 view .LVU99
 338 003e FCE7     		b	.L15
 339              		.cfi_endproc
 340              	.LFE39:
 342              		.section	.text.HAL_I2CEx_DisableWakeUp,"ax",%progbits
 343              		.align	1
 344              		.p2align 2,,3
 345              		.global	HAL_I2CEx_DisableWakeUp
 346              		.syntax unified
 347              		.code	16
 348              		.thumb_func
 349              		.fpu softvfp
 351              	HAL_I2CEx_DisableWakeUp:
 352              	.LVL21:
 353              	.LFB40:
 239:Drivers/STM32F0xx_HAL_Driver/Src/stm32f0xx_hal_i2c_ex.c **** 
 240:Drivers/STM32F0xx_HAL_Driver/Src/stm32f0xx_hal_i2c_ex.c **** /**
 241:Drivers/STM32F0xx_HAL_Driver/Src/stm32f0xx_hal_i2c_ex.c ****   * @brief  Disable I2C wakeup from stop mode.
 242:Drivers/STM32F0xx_HAL_Driver/Src/stm32f0xx_hal_i2c_ex.c ****   * @param  hi2c Pointer to a I2C_HandleTypeDef structure that contains
 243:Drivers/STM32F0xx_HAL_Driver/Src/stm32f0xx_hal_i2c_ex.c ****   *                the configuration information for the specified I2Cx peripheral.
 244:Drivers/STM32F0xx_HAL_Driver/Src/stm32f0xx_hal_i2c_ex.c ****   * @retval HAL status
 245:Drivers/STM32F0xx_HAL_Driver/Src/stm32f0xx_hal_i2c_ex.c ****   */
 246:Drivers/STM32F0xx_HAL_Driver/Src/stm32f0xx_hal_i2c_ex.c **** HAL_StatusTypeDef HAL_I2CEx_DisableWakeUp(I2C_HandleTypeDef *hi2c)
 247:Drivers/STM32F0xx_HAL_Driver/Src/stm32f0xx_hal_i2c_ex.c **** {
 354              		.loc 1 247 1 is_stmt 1 view -0
 355              		.cfi_startproc
 356              		@ args = 0, pretend = 0, frame = 0
 357              		@ frame_needed = 0, uses_anonymous_args = 0
 248:Drivers/STM32F0xx_HAL_Driver/Src/stm32f0xx_hal_i2c_ex.c ****   /* Check the parameters */
 249:Drivers/STM32F0xx_HAL_Driver/Src/stm32f0xx_hal_i2c_ex.c ****   assert_param(IS_I2C_WAKEUP_FROMSTOP_INSTANCE(hi2c->Instance));
 358              		.loc 1 249 3 view .LVU101
 250:Drivers/STM32F0xx_HAL_Driver/Src/stm32f0xx_hal_i2c_ex.c **** 
 251:Drivers/STM32F0xx_HAL_Driver/Src/stm32f0xx_hal_i2c_ex.c ****   if (hi2c->State == HAL_I2C_STATE_READY)
ARM GAS  /tmp/ccGRPABE.s 			page 12


 359              		.loc 1 251 3 view .LVU102
 247:Drivers/STM32F0xx_HAL_Driver/Src/stm32f0xx_hal_i2c_ex.c ****   /* Check the parameters */
 360              		.loc 1 247 1 is_stmt 0 view .LVU103
 361 0000 F0B5     		push	{r4, r5, r6, r7, lr}
 362              	.LCFI4:
 363              		.cfi_def_cfa_offset 20
 364              		.cfi_offset 4, -20
 365              		.cfi_offset 5, -16
 366              		.cfi_offset 6, -12
 367              		.cfi_offset 7, -8
 368              		.cfi_offset 14, -4
 369              		.loc 1 251 11 view .LVU104
 370 0002 4125     		movs	r5, #65
 371 0004 435D     		ldrb	r3, [r0, r5]
 372 0006 DBB2     		uxtb	r3, r3
 373              		.loc 1 251 6 view .LVU105
 374 0008 202B     		cmp	r3, #32
 375 000a 16D1     		bne	.L21
 252:Drivers/STM32F0xx_HAL_Driver/Src/stm32f0xx_hal_i2c_ex.c ****   {
 253:Drivers/STM32F0xx_HAL_Driver/Src/stm32f0xx_hal_i2c_ex.c ****     /* Process Locked */
 254:Drivers/STM32F0xx_HAL_Driver/Src/stm32f0xx_hal_i2c_ex.c ****     __HAL_LOCK(hi2c);
 376              		.loc 1 254 5 is_stmt 1 view .LVU106
 377              		.loc 1 254 5 view .LVU107
 378 000c 4026     		movs	r6, #64
 379 000e 825D     		ldrb	r2, [r0, r6]
 380 0010 012A     		cmp	r2, #1
 381 0012 12D0     		beq	.L21
 382              		.loc 1 254 5 discriminator 2 view .LVU108
 255:Drivers/STM32F0xx_HAL_Driver/Src/stm32f0xx_hal_i2c_ex.c **** 
 256:Drivers/STM32F0xx_HAL_Driver/Src/stm32f0xx_hal_i2c_ex.c ****     hi2c->State = HAL_I2C_STATE_BUSY;
 383              		.loc 1 256 5 discriminator 2 view .LVU109
 384              		.loc 1 256 17 is_stmt 0 discriminator 2 view .LVU110
 385 0014 2422     		movs	r2, #36
 257:Drivers/STM32F0xx_HAL_Driver/Src/stm32f0xx_hal_i2c_ex.c **** 
 258:Drivers/STM32F0xx_HAL_Driver/Src/stm32f0xx_hal_i2c_ex.c ****     /* Disable the selected I2C peripheral */
 259:Drivers/STM32F0xx_HAL_Driver/Src/stm32f0xx_hal_i2c_ex.c ****     __HAL_I2C_DISABLE(hi2c);
 386              		.loc 1 259 5 discriminator 2 view .LVU111
 387 0016 0127     		movs	r7, #1
 256:Drivers/STM32F0xx_HAL_Driver/Src/stm32f0xx_hal_i2c_ex.c **** 
 388              		.loc 1 256 17 discriminator 2 view .LVU112
 389 0018 4255     		strb	r2, [r0, r5]
 390              		.loc 1 259 5 is_stmt 1 discriminator 2 view .LVU113
 391 001a 0268     		ldr	r2, [r0]
 260:Drivers/STM32F0xx_HAL_Driver/Src/stm32f0xx_hal_i2c_ex.c **** 
 261:Drivers/STM32F0xx_HAL_Driver/Src/stm32f0xx_hal_i2c_ex.c ****     /* Enable wakeup from stop mode */
 262:Drivers/STM32F0xx_HAL_Driver/Src/stm32f0xx_hal_i2c_ex.c ****     hi2c->Instance->CR1 &= ~(I2C_CR1_WUPEN);
 392              		.loc 1 262 25 is_stmt 0 discriminator 2 view .LVU114
 393 001c 0849     		ldr	r1, .L22
 259:Drivers/STM32F0xx_HAL_Driver/Src/stm32f0xx_hal_i2c_ex.c **** 
 394              		.loc 1 259 5 discriminator 2 view .LVU115
 395 001e 1468     		ldr	r4, [r2]
 396 0020 BC43     		bics	r4, r7
 397 0022 1460     		str	r4, [r2]
 398              		.loc 1 262 5 is_stmt 1 discriminator 2 view .LVU116
 399              		.loc 1 262 25 is_stmt 0 discriminator 2 view .LVU117
 400 0024 1468     		ldr	r4, [r2]
 401 0026 0C40     		ands	r4, r1
ARM GAS  /tmp/ccGRPABE.s 			page 13


 402 0028 1460     		str	r4, [r2]
 263:Drivers/STM32F0xx_HAL_Driver/Src/stm32f0xx_hal_i2c_ex.c **** 
 264:Drivers/STM32F0xx_HAL_Driver/Src/stm32f0xx_hal_i2c_ex.c ****     __HAL_I2C_ENABLE(hi2c);
 403              		.loc 1 264 5 is_stmt 1 discriminator 2 view .LVU118
 404 002a 1168     		ldr	r1, [r2]
 405 002c 3943     		orrs	r1, r7
 406 002e 1160     		str	r1, [r2]
 265:Drivers/STM32F0xx_HAL_Driver/Src/stm32f0xx_hal_i2c_ex.c **** 
 266:Drivers/STM32F0xx_HAL_Driver/Src/stm32f0xx_hal_i2c_ex.c ****     hi2c->State = HAL_I2C_STATE_READY;
 407              		.loc 1 266 5 discriminator 2 view .LVU119
 408              		.loc 1 266 17 is_stmt 0 discriminator 2 view .LVU120
 409 0030 4355     		strb	r3, [r0, r5]
 267:Drivers/STM32F0xx_HAL_Driver/Src/stm32f0xx_hal_i2c_ex.c **** 
 268:Drivers/STM32F0xx_HAL_Driver/Src/stm32f0xx_hal_i2c_ex.c ****     /* Process Unlocked */
 269:Drivers/STM32F0xx_HAL_Driver/Src/stm32f0xx_hal_i2c_ex.c ****     __HAL_UNLOCK(hi2c);
 410              		.loc 1 269 5 is_stmt 1 discriminator 2 view .LVU121
 411              		.loc 1 269 5 discriminator 2 view .LVU122
 412 0032 0023     		movs	r3, #0
 413 0034 8355     		strb	r3, [r0, r6]
 270:Drivers/STM32F0xx_HAL_Driver/Src/stm32f0xx_hal_i2c_ex.c **** 
 271:Drivers/STM32F0xx_HAL_Driver/Src/stm32f0xx_hal_i2c_ex.c ****     return HAL_OK;
 414              		.loc 1 271 5 discriminator 2 view .LVU123
 415              		.loc 1 271 12 is_stmt 0 discriminator 2 view .LVU124
 416 0036 0020     		movs	r0, #0
 417              	.LVL22:
 418              	.L19:
 272:Drivers/STM32F0xx_HAL_Driver/Src/stm32f0xx_hal_i2c_ex.c ****   }
 273:Drivers/STM32F0xx_HAL_Driver/Src/stm32f0xx_hal_i2c_ex.c ****   else
 274:Drivers/STM32F0xx_HAL_Driver/Src/stm32f0xx_hal_i2c_ex.c ****   {
 275:Drivers/STM32F0xx_HAL_Driver/Src/stm32f0xx_hal_i2c_ex.c ****     return HAL_BUSY;
 276:Drivers/STM32F0xx_HAL_Driver/Src/stm32f0xx_hal_i2c_ex.c ****   }
 277:Drivers/STM32F0xx_HAL_Driver/Src/stm32f0xx_hal_i2c_ex.c **** }
 419              		.loc 1 277 1 view .LVU125
 420              		@ sp needed
 421 0038 F0BD     		pop	{r4, r5, r6, r7, pc}
 422              	.LVL23:
 423              	.L21:
 275:Drivers/STM32F0xx_HAL_Driver/Src/stm32f0xx_hal_i2c_ex.c ****   }
 424              		.loc 1 275 12 view .LVU126
 425 003a 0220     		movs	r0, #2
 426              	.LVL24:
 275:Drivers/STM32F0xx_HAL_Driver/Src/stm32f0xx_hal_i2c_ex.c ****   }
 427              		.loc 1 275 12 view .LVU127
 428 003c FCE7     		b	.L19
 429              	.L23:
 430 003e C046     		.align	2
 431              	.L22:
 432 0040 FFFFFBFF 		.word	-262145
 433              		.cfi_endproc
 434              	.LFE40:
 436              		.section	.text.HAL_I2CEx_EnableFastModePlus,"ax",%progbits
 437              		.align	1
 438              		.p2align 2,,3
 439              		.global	HAL_I2CEx_EnableFastModePlus
 440              		.syntax unified
 441              		.code	16
 442              		.thumb_func
ARM GAS  /tmp/ccGRPABE.s 			page 14


 443              		.fpu softvfp
 445              	HAL_I2CEx_EnableFastModePlus:
 446              	.LVL25:
 447              	.LFB41:
 278:Drivers/STM32F0xx_HAL_Driver/Src/stm32f0xx_hal_i2c_ex.c **** #endif
 279:Drivers/STM32F0xx_HAL_Driver/Src/stm32f0xx_hal_i2c_ex.c **** 
 280:Drivers/STM32F0xx_HAL_Driver/Src/stm32f0xx_hal_i2c_ex.c **** /**
 281:Drivers/STM32F0xx_HAL_Driver/Src/stm32f0xx_hal_i2c_ex.c ****   * @brief Enable the I2C fast mode plus driving capability.
 282:Drivers/STM32F0xx_HAL_Driver/Src/stm32f0xx_hal_i2c_ex.c ****   * @param ConfigFastModePlus Selects the pin.
 283:Drivers/STM32F0xx_HAL_Driver/Src/stm32f0xx_hal_i2c_ex.c ****   *   This parameter can be one of the @ref I2CEx_FastModePlus values
 284:Drivers/STM32F0xx_HAL_Driver/Src/stm32f0xx_hal_i2c_ex.c ****   * @note  For I2C1, fast mode plus driving capability can be enabled on all selected
 285:Drivers/STM32F0xx_HAL_Driver/Src/stm32f0xx_hal_i2c_ex.c ****   *        I2C1 pins using I2C_FASTMODEPLUS_I2C1 parameter or independently
 286:Drivers/STM32F0xx_HAL_Driver/Src/stm32f0xx_hal_i2c_ex.c ****   *        on each one of the following pins PB6, PB7, PB8 and PB9.
 287:Drivers/STM32F0xx_HAL_Driver/Src/stm32f0xx_hal_i2c_ex.c ****   * @note  For remaining I2C1 pins (PA14, PA15...) fast mode plus driving capability
 288:Drivers/STM32F0xx_HAL_Driver/Src/stm32f0xx_hal_i2c_ex.c ****   *        can be enabled only by using I2C_FASTMODEPLUS_I2C1 parameter.
 289:Drivers/STM32F0xx_HAL_Driver/Src/stm32f0xx_hal_i2c_ex.c ****   * @note  For all I2C2 pins fast mode plus driving capability can be enabled
 290:Drivers/STM32F0xx_HAL_Driver/Src/stm32f0xx_hal_i2c_ex.c ****   *        only by using I2C_FASTMODEPLUS_I2C2 parameter.
 291:Drivers/STM32F0xx_HAL_Driver/Src/stm32f0xx_hal_i2c_ex.c ****   * @retval None
 292:Drivers/STM32F0xx_HAL_Driver/Src/stm32f0xx_hal_i2c_ex.c ****   */
 293:Drivers/STM32F0xx_HAL_Driver/Src/stm32f0xx_hal_i2c_ex.c **** void HAL_I2CEx_EnableFastModePlus(uint32_t ConfigFastModePlus)
 294:Drivers/STM32F0xx_HAL_Driver/Src/stm32f0xx_hal_i2c_ex.c **** {
 448              		.loc 1 294 1 is_stmt 1 view -0
 449              		.cfi_startproc
 450              		@ args = 0, pretend = 0, frame = 8
 451              		@ frame_needed = 0, uses_anonymous_args = 0
 452              		@ link register save eliminated.
 295:Drivers/STM32F0xx_HAL_Driver/Src/stm32f0xx_hal_i2c_ex.c ****   /* Check the parameter */
 296:Drivers/STM32F0xx_HAL_Driver/Src/stm32f0xx_hal_i2c_ex.c ****   assert_param(IS_I2C_FASTMODEPLUS(ConfigFastModePlus));
 453              		.loc 1 296 3 view .LVU129
 297:Drivers/STM32F0xx_HAL_Driver/Src/stm32f0xx_hal_i2c_ex.c **** 
 298:Drivers/STM32F0xx_HAL_Driver/Src/stm32f0xx_hal_i2c_ex.c ****   /* Enable SYSCFG clock */
 299:Drivers/STM32F0xx_HAL_Driver/Src/stm32f0xx_hal_i2c_ex.c ****   __HAL_RCC_SYSCFG_CLK_ENABLE();
 454              		.loc 1 299 3 view .LVU130
 455              	.LBB2:
 456              		.loc 1 299 3 view .LVU131
 457              		.loc 1 299 3 view .LVU132
 458 0000 0123     		movs	r3, #1
 459 0002 074A     		ldr	r2, .L25
 460              	.LBE2:
 294:Drivers/STM32F0xx_HAL_Driver/Src/stm32f0xx_hal_i2c_ex.c ****   /* Check the parameter */
 461              		.loc 1 294 1 is_stmt 0 view .LVU133
 462 0004 82B0     		sub	sp, sp, #8
 463              	.LCFI5:
 464              		.cfi_def_cfa_offset 8
 465              	.LBB3:
 466              		.loc 1 299 3 view .LVU134
 467 0006 9169     		ldr	r1, [r2, #24]
 468 0008 1943     		orrs	r1, r3
 469 000a 9161     		str	r1, [r2, #24]
 470              		.loc 1 299 3 is_stmt 1 view .LVU135
 471 000c 9269     		ldr	r2, [r2, #24]
 472 000e 1340     		ands	r3, r2
 473              	.LBE3:
 300:Drivers/STM32F0xx_HAL_Driver/Src/stm32f0xx_hal_i2c_ex.c **** 
 301:Drivers/STM32F0xx_HAL_Driver/Src/stm32f0xx_hal_i2c_ex.c ****   /* Enable fast mode plus driving capability for selected pin */
 302:Drivers/STM32F0xx_HAL_Driver/Src/stm32f0xx_hal_i2c_ex.c ****   SET_BIT(SYSCFG->CFGR1, (uint32_t)ConfigFastModePlus);
 474              		.loc 1 302 3 is_stmt 0 view .LVU136
ARM GAS  /tmp/ccGRPABE.s 			page 15


 475 0010 044A     		ldr	r2, .L25+4
 476              	.LBB4:
 299:Drivers/STM32F0xx_HAL_Driver/Src/stm32f0xx_hal_i2c_ex.c **** 
 477              		.loc 1 299 3 view .LVU137
 478 0012 0193     		str	r3, [sp, #4]
 299:Drivers/STM32F0xx_HAL_Driver/Src/stm32f0xx_hal_i2c_ex.c **** 
 479              		.loc 1 299 3 is_stmt 1 view .LVU138
 480 0014 019B     		ldr	r3, [sp, #4]
 481              	.LBE4:
 482              		.loc 1 302 3 view .LVU139
 483 0016 1368     		ldr	r3, [r2]
 484 0018 0343     		orrs	r3, r0
 485 001a 1360     		str	r3, [r2]
 303:Drivers/STM32F0xx_HAL_Driver/Src/stm32f0xx_hal_i2c_ex.c **** }
 486              		.loc 1 303 1 is_stmt 0 view .LVU140
 487 001c 02B0     		add	sp, sp, #8
 488              		@ sp needed
 489 001e 7047     		bx	lr
 490              	.L26:
 491              		.align	2
 492              	.L25:
 493 0020 00100240 		.word	1073876992
 494 0024 00000140 		.word	1073807360
 495              		.cfi_endproc
 496              	.LFE41:
 498              		.section	.text.HAL_I2CEx_DisableFastModePlus,"ax",%progbits
 499              		.align	1
 500              		.p2align 2,,3
 501              		.global	HAL_I2CEx_DisableFastModePlus
 502              		.syntax unified
 503              		.code	16
 504              		.thumb_func
 505              		.fpu softvfp
 507              	HAL_I2CEx_DisableFastModePlus:
 508              	.LVL26:
 509              	.LFB42:
 304:Drivers/STM32F0xx_HAL_Driver/Src/stm32f0xx_hal_i2c_ex.c **** 
 305:Drivers/STM32F0xx_HAL_Driver/Src/stm32f0xx_hal_i2c_ex.c **** /**
 306:Drivers/STM32F0xx_HAL_Driver/Src/stm32f0xx_hal_i2c_ex.c ****   * @brief Disable the I2C fast mode plus driving capability.
 307:Drivers/STM32F0xx_HAL_Driver/Src/stm32f0xx_hal_i2c_ex.c ****   * @param ConfigFastModePlus Selects the pin.
 308:Drivers/STM32F0xx_HAL_Driver/Src/stm32f0xx_hal_i2c_ex.c ****   *   This parameter can be one of the @ref I2CEx_FastModePlus values
 309:Drivers/STM32F0xx_HAL_Driver/Src/stm32f0xx_hal_i2c_ex.c ****   * @note  For I2C1, fast mode plus driving capability can be disabled on all selected
 310:Drivers/STM32F0xx_HAL_Driver/Src/stm32f0xx_hal_i2c_ex.c ****   *        I2C1 pins using I2C_FASTMODEPLUS_I2C1 parameter or independently
 311:Drivers/STM32F0xx_HAL_Driver/Src/stm32f0xx_hal_i2c_ex.c ****   *        on each one of the following pins PB6, PB7, PB8 and PB9.
 312:Drivers/STM32F0xx_HAL_Driver/Src/stm32f0xx_hal_i2c_ex.c ****   * @note  For remaining I2C1 pins (PA14, PA15...) fast mode plus driving capability
 313:Drivers/STM32F0xx_HAL_Driver/Src/stm32f0xx_hal_i2c_ex.c ****   *        can be disabled only by using I2C_FASTMODEPLUS_I2C1 parameter.
 314:Drivers/STM32F0xx_HAL_Driver/Src/stm32f0xx_hal_i2c_ex.c ****   * @note  For all I2C2 pins fast mode plus driving capability can be disabled
 315:Drivers/STM32F0xx_HAL_Driver/Src/stm32f0xx_hal_i2c_ex.c ****   *        only by using I2C_FASTMODEPLUS_I2C2 parameter.
 316:Drivers/STM32F0xx_HAL_Driver/Src/stm32f0xx_hal_i2c_ex.c ****   * @retval None
 317:Drivers/STM32F0xx_HAL_Driver/Src/stm32f0xx_hal_i2c_ex.c ****   */
 318:Drivers/STM32F0xx_HAL_Driver/Src/stm32f0xx_hal_i2c_ex.c **** void HAL_I2CEx_DisableFastModePlus(uint32_t ConfigFastModePlus)
 319:Drivers/STM32F0xx_HAL_Driver/Src/stm32f0xx_hal_i2c_ex.c **** {
 510              		.loc 1 319 1 is_stmt 1 view -0
 511              		.cfi_startproc
 512              		@ args = 0, pretend = 0, frame = 8
 513              		@ frame_needed = 0, uses_anonymous_args = 0
 514              		@ link register save eliminated.
ARM GAS  /tmp/ccGRPABE.s 			page 16


 320:Drivers/STM32F0xx_HAL_Driver/Src/stm32f0xx_hal_i2c_ex.c ****   /* Check the parameter */
 321:Drivers/STM32F0xx_HAL_Driver/Src/stm32f0xx_hal_i2c_ex.c ****   assert_param(IS_I2C_FASTMODEPLUS(ConfigFastModePlus));
 515              		.loc 1 321 3 view .LVU142
 322:Drivers/STM32F0xx_HAL_Driver/Src/stm32f0xx_hal_i2c_ex.c **** 
 323:Drivers/STM32F0xx_HAL_Driver/Src/stm32f0xx_hal_i2c_ex.c ****   /* Enable SYSCFG clock */
 324:Drivers/STM32F0xx_HAL_Driver/Src/stm32f0xx_hal_i2c_ex.c ****   __HAL_RCC_SYSCFG_CLK_ENABLE();
 516              		.loc 1 324 3 view .LVU143
 517              	.LBB5:
 518              		.loc 1 324 3 view .LVU144
 519              		.loc 1 324 3 view .LVU145
 520 0000 0123     		movs	r3, #1
 521 0002 074A     		ldr	r2, .L28
 522              	.LBE5:
 319:Drivers/STM32F0xx_HAL_Driver/Src/stm32f0xx_hal_i2c_ex.c ****   /* Check the parameter */
 523              		.loc 1 319 1 is_stmt 0 view .LVU146
 524 0004 82B0     		sub	sp, sp, #8
 525              	.LCFI6:
 526              		.cfi_def_cfa_offset 8
 527              	.LBB6:
 528              		.loc 1 324 3 view .LVU147
 529 0006 9169     		ldr	r1, [r2, #24]
 530 0008 1943     		orrs	r1, r3
 531 000a 9161     		str	r1, [r2, #24]
 532              		.loc 1 324 3 is_stmt 1 view .LVU148
 533 000c 9269     		ldr	r2, [r2, #24]
 534 000e 1340     		ands	r3, r2
 535              	.LBE6:
 325:Drivers/STM32F0xx_HAL_Driver/Src/stm32f0xx_hal_i2c_ex.c **** 
 326:Drivers/STM32F0xx_HAL_Driver/Src/stm32f0xx_hal_i2c_ex.c ****   /* Disable fast mode plus driving capability for selected pin */
 327:Drivers/STM32F0xx_HAL_Driver/Src/stm32f0xx_hal_i2c_ex.c ****   CLEAR_BIT(SYSCFG->CFGR1, (uint32_t)ConfigFastModePlus);
 536              		.loc 1 327 3 is_stmt 0 view .LVU149
 537 0010 044A     		ldr	r2, .L28+4
 538              	.LBB7:
 324:Drivers/STM32F0xx_HAL_Driver/Src/stm32f0xx_hal_i2c_ex.c **** 
 539              		.loc 1 324 3 view .LVU150
 540 0012 0193     		str	r3, [sp, #4]
 324:Drivers/STM32F0xx_HAL_Driver/Src/stm32f0xx_hal_i2c_ex.c **** 
 541              		.loc 1 324 3 is_stmt 1 view .LVU151
 542 0014 019B     		ldr	r3, [sp, #4]
 543              	.LBE7:
 544              		.loc 1 327 3 view .LVU152
 545 0016 1368     		ldr	r3, [r2]
 546 0018 8343     		bics	r3, r0
 547 001a 1360     		str	r3, [r2]
 328:Drivers/STM32F0xx_HAL_Driver/Src/stm32f0xx_hal_i2c_ex.c **** }
 548              		.loc 1 328 1 is_stmt 0 view .LVU153
 549 001c 02B0     		add	sp, sp, #8
 550              		@ sp needed
 551 001e 7047     		bx	lr
 552              	.L29:
 553              		.align	2
 554              	.L28:
 555 0020 00100240 		.word	1073876992
 556 0024 00000140 		.word	1073807360
 557              		.cfi_endproc
 558              	.LFE42:
 560              		.text
ARM GAS  /tmp/ccGRPABE.s 			page 17


 561              	.Letext0:
 562              		.file 2 "/usr/lib/gcc/arm-none-eabi/8.2018.q4/arm-none-eabi/include/machine/_default_types.h"
 563              		.file 3 "/usr/lib/gcc/arm-none-eabi/8.2018.q4/arm-none-eabi/include/sys/_stdint.h"
 564              		.file 4 "Drivers/CMSIS/Device/ST/STM32F0xx/Include/system_stm32f0xx.h"
 565              		.file 5 "Drivers/CMSIS/Device/ST/STM32F0xx/Include/stm32f091xc.h"
 566              		.file 6 "/usr/lib/gcc/arm-none-eabi/8.2018.q4/arm-none-eabi/include/sys/lock.h"
 567              		.file 7 "/usr/lib/gcc/arm-none-eabi/8.2018.q4/arm-none-eabi/include/sys/_types.h"
 568              		.file 8 "/usr/lib/gcc/arm-none-eabi/8.2018.q4/lib/gcc/arm-none-eabi/8.2.1/include/stddef.h"
 569              		.file 9 "/usr/lib/gcc/arm-none-eabi/8.2018.q4/arm-none-eabi/include/sys/reent.h"
 570              		.file 10 "Drivers/STM32F0xx_HAL_Driver/Inc/stm32f0xx_hal_def.h"
 571              		.file 11 "Drivers/STM32F0xx_HAL_Driver/Inc/stm32f0xx_hal_dma.h"
 572              		.file 12 "Drivers/STM32F0xx_HAL_Driver/Inc/stm32f0xx_hal_i2c.h"
ARM GAS  /tmp/ccGRPABE.s 			page 18


DEFINED SYMBOLS
                            *ABS*:0000000000000000 stm32f0xx_hal_i2c_ex.c
     /tmp/ccGRPABE.s:16     .text.HAL_I2CEx_ConfigAnalogFilter:0000000000000000 $t
     /tmp/ccGRPABE.s:25     .text.HAL_I2CEx_ConfigAnalogFilter:0000000000000000 HAL_I2CEx_ConfigAnalogFilter
     /tmp/ccGRPABE.s:117    .text.HAL_I2CEx_ConfigAnalogFilter:0000000000000048 $d
     /tmp/ccGRPABE.s:122    .text.HAL_I2CEx_ConfigDigitalFilter:0000000000000000 $t
     /tmp/ccGRPABE.s:130    .text.HAL_I2CEx_ConfigDigitalFilter:0000000000000000 HAL_I2CEx_ConfigDigitalFilter
     /tmp/ccGRPABE.s:249    .text.HAL_I2CEx_ConfigDigitalFilter:0000000000000058 $d
     /tmp/ccGRPABE.s:254    .text.HAL_I2CEx_EnableWakeUp:0000000000000000 $t
     /tmp/ccGRPABE.s:262    .text.HAL_I2CEx_EnableWakeUp:0000000000000000 HAL_I2CEx_EnableWakeUp
     /tmp/ccGRPABE.s:343    .text.HAL_I2CEx_DisableWakeUp:0000000000000000 $t
     /tmp/ccGRPABE.s:351    .text.HAL_I2CEx_DisableWakeUp:0000000000000000 HAL_I2CEx_DisableWakeUp
     /tmp/ccGRPABE.s:432    .text.HAL_I2CEx_DisableWakeUp:0000000000000040 $d
     /tmp/ccGRPABE.s:437    .text.HAL_I2CEx_EnableFastModePlus:0000000000000000 $t
     /tmp/ccGRPABE.s:445    .text.HAL_I2CEx_EnableFastModePlus:0000000000000000 HAL_I2CEx_EnableFastModePlus
     /tmp/ccGRPABE.s:493    .text.HAL_I2CEx_EnableFastModePlus:0000000000000020 $d
     /tmp/ccGRPABE.s:499    .text.HAL_I2CEx_DisableFastModePlus:0000000000000000 $t
     /tmp/ccGRPABE.s:507    .text.HAL_I2CEx_DisableFastModePlus:0000000000000000 HAL_I2CEx_DisableFastModePlus
     /tmp/ccGRPABE.s:555    .text.HAL_I2CEx_DisableFastModePlus:0000000000000020 $d

NO UNDEFINED SYMBOLS
